run_experiments.sh: riga 1: GNU: comando non trovato
[0;34m=== Inizio configurazione e lancio esperimenti ===[0m

[0;32m[1/5] L'ambiente 'eqnn_env' esiste già. Salto creazione.[0m

[0;34m[2/5] Attivazione ambiente...[0m
[0;32m✓ Ambiente attivato: Python 3.11.14[0m

[0;32m[3/5] Poetry è già installato.[0m

[0;34m[4/5] Installazione/Aggiornamento dipendenze del progetto...[0m
Resolving dependencies...
Installing dependencies from lock file

No dependencies to install or update

Installing the current project: eqnn (0.1.0)
[0;32m✓ Dipendenze pronte.[0m

[0;32m✓ Variabili d'ambiente configurate.[0m

[0;34m[6/6] Avvio Job Hydra in parallelo...[0m
---------------------------------------------------------
LexerNoViableAltException:  
                           ^
See https://hydra.cc/docs/1.2/advanced/override_grammar/basic for details

Set the environment variable HYDRA_FULL_ERROR=1 for a complete stack trace.

[0;32m=== TUTTI GLI ESPERIMENTI COMPLETATI ===[0m
run_experiments.sh: riga 58: GENERAL.seed=1234: comando non trovato
