[2025-12-17 16:16:44,413][__main__][INFO] - QNN training pipeline initialized
[2025-12-17 16:16:44,413][data_loading][INFO] - Loading and embedding MNIST data...
[2025-12-17 16:16:44,443][data_loading][INFO] - Data loading complete.
[2025-12-17 16:16:47,597][__main__][INFO] - Running training with seed 1
[2025-12-17 16:16:47,840][__main__][INFO] - Running training with seed 2
[2025-12-17 16:16:48,064][__main__][INFO] - Running training with seed 3
[2025-12-17 16:16:48,290][__main__][INFO] - Running training with seed 4
[2025-12-17 16:16:48,514][__main__][INFO] - Running training with seed 5
[2025-12-17 16:16:48,739][__main__][INFO] - Running training with seed 6
[2025-12-17 16:16:48,964][__main__][INFO] - Running training with seed 7
[2025-12-17 16:16:49,190][__main__][INFO] - Running training with seed 8
[2025-12-17 16:16:49,416][__main__][INFO] - Running training with seed 9
[2025-12-17 16:16:49,640][__main__][INFO] - Running training with seed 10
[2025-12-17 16:16:49,865][__main__][INFO] - Running training with seed 11
[2025-12-17 16:16:50,090][__main__][INFO] - Running training with seed 12
[2025-12-17 16:16:50,316][__main__][INFO] - Running training with seed 13
[2025-12-17 16:16:50,541][__main__][INFO] - Running training with seed 14
[2025-12-17 16:16:50,767][__main__][INFO] - Running training with seed 15
[2025-12-17 16:16:50,993][__main__][INFO] - Running training with seed 16
[2025-12-17 16:16:51,218][__main__][INFO] - Running training with seed 17
[2025-12-17 16:16:51,444][__main__][INFO] - Running training with seed 18
[2025-12-17 16:16:51,670][__main__][INFO] - Running training with seed 19
[2025-12-17 16:16:51,895][__main__][INFO] - Running training with seed 20
[2025-12-17 16:16:52,120][__main__][INFO] - Running training with seed 21
[2025-12-17 16:16:52,345][__main__][INFO] - Running training with seed 22
[2025-12-17 16:16:52,570][__main__][INFO] - Running training with seed 23
[2025-12-17 16:16:52,795][__main__][INFO] - Running training with seed 24
[2025-12-17 16:16:53,020][__main__][INFO] - Running training with seed 25
[2025-12-17 16:16:53,244][__main__][INFO] - Running training with seed 26
[2025-12-17 16:16:53,470][__main__][INFO] - Running training with seed 27
[2025-12-17 16:16:53,696][__main__][INFO] - Running training with seed 28
[2025-12-17 16:16:53,921][__main__][INFO] - Running training with seed 29
[2025-12-17 16:16:54,147][__main__][INFO] - Running training with seed 30
[2025-12-17 16:16:54,371][__main__][INFO] - Running training with seed 31
[2025-12-17 16:16:54,595][__main__][INFO] - Running training with seed 32
[2025-12-17 16:16:54,821][__main__][INFO] - Running training with seed 33
[2025-12-17 16:16:55,046][__main__][INFO] - Running training with seed 34
[2025-12-17 16:16:55,272][__main__][INFO] - Running training with seed 35
[2025-12-17 16:16:55,497][__main__][INFO] - Running training with seed 36
[2025-12-17 16:16:55,723][__main__][INFO] - Running training with seed 37
[2025-12-17 16:16:55,949][__main__][INFO] - Running training with seed 38
[2025-12-17 16:16:56,174][__main__][INFO] - Running training with seed 39
[2025-12-17 16:16:56,400][__main__][INFO] - Running training with seed 40
[2025-12-17 16:16:56,624][__main__][INFO] - Running training with seed 41
[2025-12-17 16:16:56,851][__main__][INFO] - Running training with seed 42
[2025-12-17 16:16:57,076][__main__][INFO] - Running training with seed 43
[2025-12-17 16:16:57,302][__main__][INFO] - Running training with seed 44
[2025-12-17 16:16:57,528][__main__][INFO] - Running training with seed 45
[2025-12-17 16:16:57,753][__main__][INFO] - Running training with seed 46
[2025-12-17 16:16:57,978][__main__][INFO] - Running training with seed 47
[2025-12-17 16:16:58,203][__main__][INFO] - Running training with seed 48
[2025-12-17 16:16:58,427][__main__][INFO] - Running training with seed 49
[2025-12-17 16:16:58,653][__main__][INFO] - Running training with seed 50
[2025-12-17 16:16:58,878][__main__][INFO] - Running training with seed 51
[2025-12-17 16:16:59,105][__main__][INFO] - Running training with seed 52
[2025-12-17 16:16:59,330][__main__][INFO] - Running training with seed 53
[2025-12-17 16:16:59,555][__main__][INFO] - Running training with seed 54
[2025-12-17 16:16:59,779][__main__][INFO] - Running training with seed 55
[2025-12-17 16:17:00,004][__main__][INFO] - Running training with seed 56
[2025-12-17 16:17:00,228][__main__][INFO] - Running training with seed 57
[2025-12-17 16:17:00,454][__main__][INFO] - Running training with seed 58
[2025-12-17 16:17:00,680][__main__][INFO] - Running training with seed 59
[2025-12-17 16:17:00,905][__main__][INFO] - Running training with seed 60
[2025-12-17 16:17:01,130][__main__][INFO] - Running training with seed 61
[2025-12-17 16:17:01,359][__main__][INFO] - Running training with seed 62
[2025-12-17 16:17:01,584][__main__][INFO] - Running training with seed 63
[2025-12-17 16:17:01,810][__main__][INFO] - Running training with seed 64
[2025-12-17 16:17:02,035][__main__][INFO] - Running training with seed 65
[2025-12-17 16:17:02,260][__main__][INFO] - Running training with seed 66
[2025-12-17 16:17:02,485][__main__][INFO] - Running training with seed 67
[2025-12-17 16:17:02,710][__main__][INFO] - Running training with seed 68
[2025-12-17 16:17:02,935][__main__][INFO] - Running training with seed 69
[2025-12-17 16:17:03,162][__main__][INFO] - Running training with seed 70
[2025-12-17 16:17:03,388][__main__][INFO] - Running training with seed 71
[2025-12-17 16:17:03,614][__main__][INFO] - Running training with seed 72
[2025-12-17 16:17:03,839][__main__][INFO] - Running training with seed 73
[2025-12-17 16:17:04,065][__main__][INFO] - Running training with seed 74
[2025-12-17 16:17:04,290][__main__][INFO] - Running training with seed 75
[2025-12-17 16:17:04,515][__main__][INFO] - Running training with seed 76
[2025-12-17 16:17:04,741][__main__][INFO] - Running training with seed 77
[2025-12-17 16:17:04,967][__main__][INFO] - Running training with seed 78
[2025-12-17 16:17:05,192][__main__][INFO] - Running training with seed 79
[2025-12-17 16:17:05,418][__main__][INFO] - Running training with seed 80
[2025-12-17 16:17:05,642][__main__][INFO] - Running training with seed 81
[2025-12-17 16:17:05,869][__main__][INFO] - Running training with seed 82
[2025-12-17 16:17:06,094][__main__][INFO] - Running training with seed 83
[2025-12-17 16:17:06,320][__main__][INFO] - Running training with seed 84
[2025-12-17 16:17:06,545][__main__][INFO] - Running training with seed 85
[2025-12-17 16:17:06,771][__main__][INFO] - Running training with seed 86
[2025-12-17 16:17:06,997][__main__][INFO] - Running training with seed 87
[2025-12-17 16:17:07,222][__main__][INFO] - Running training with seed 88
[2025-12-17 16:17:07,448][__main__][INFO] - Running training with seed 89
[2025-12-17 16:17:07,673][__main__][INFO] - Running training with seed 90
[2025-12-17 16:17:07,898][__main__][INFO] - Running training with seed 91
[2025-12-17 16:17:08,123][__main__][INFO] - Running training with seed 92
[2025-12-17 16:17:08,349][__main__][INFO] - Running training with seed 93
[2025-12-17 16:17:08,575][__main__][INFO] - Running training with seed 94
[2025-12-17 16:17:08,801][__main__][INFO] - Running training with seed 95
[2025-12-17 16:17:09,027][__main__][INFO] - Running training with seed 96
[2025-12-17 16:17:09,252][__main__][INFO] - Running training with seed 97
[2025-12-17 16:17:09,477][__main__][INFO] - Running training with seed 98
[2025-12-17 16:17:09,702][__main__][INFO] - Running training with seed 99
[2025-12-17 16:17:09,927][__main__][INFO] - Running training with seed 100
[2025-12-17 16:17:10,154][__main__][INFO] - Running training with seed 101
[2025-12-17 16:17:10,379][__main__][INFO] - Running training with seed 102
[2025-12-17 16:17:10,604][__main__][INFO] - Running training with seed 103
[2025-12-17 16:17:10,828][__main__][INFO] - Running training with seed 104
[2025-12-17 16:17:11,054][__main__][INFO] - Running training with seed 105
[2025-12-17 16:17:11,279][__main__][INFO] - Running training with seed 106
[2025-12-17 16:17:11,505][__main__][INFO] - Running training with seed 107
[2025-12-17 16:17:11,731][__main__][INFO] - Running training with seed 108
[2025-12-17 16:17:11,956][__main__][INFO] - Running training with seed 109
[2025-12-17 16:17:12,183][__main__][INFO] - Running training with seed 110
[2025-12-17 16:17:12,407][__main__][INFO] - Running training with seed 111
[2025-12-17 16:17:12,633][__main__][INFO] - Running training with seed 112
[2025-12-17 16:17:12,858][__main__][INFO] - Running training with seed 113
[2025-12-17 16:17:13,084][__main__][INFO] - Running training with seed 114
[2025-12-17 16:17:13,309][__main__][INFO] - Running training with seed 115
[2025-12-17 16:17:13,534][__main__][INFO] - Running training with seed 116
[2025-12-17 16:17:13,760][__main__][INFO] - Running training with seed 117
[2025-12-17 16:17:13,987][__main__][INFO] - Running training with seed 118
[2025-12-17 16:17:14,212][__main__][INFO] - Running training with seed 119
[2025-12-17 16:17:14,437][__main__][INFO] - Running training with seed 120
[2025-12-17 16:17:14,663][__main__][INFO] - Running training with seed 121
[2025-12-17 16:17:14,889][__main__][INFO] - Running training with seed 122
[2025-12-17 16:17:15,114][__main__][INFO] - Running training with seed 123
[2025-12-17 16:17:15,338][__main__][INFO] - Running training with seed 124
[2025-12-17 16:17:15,564][__main__][INFO] - Running training with seed 125
[2025-12-17 16:17:15,789][__main__][INFO] - Running training with seed 126
[2025-12-17 16:17:16,013][__main__][INFO] - Running training with seed 127
[2025-12-17 16:17:16,238][__main__][INFO] - Running training with seed 128
[2025-12-17 16:17:16,464][__main__][INFO] - Running training with seed 129
[2025-12-17 16:17:16,690][__main__][INFO] - Running training with seed 130
[2025-12-17 16:17:16,913][__main__][INFO] - Running training with seed 131
[2025-12-17 16:17:17,139][__main__][INFO] - Running training with seed 132
[2025-12-17 16:17:17,364][__main__][INFO] - Running training with seed 133
[2025-12-17 16:17:17,590][__main__][INFO] - Running training with seed 134
[2025-12-17 16:17:17,817][__main__][INFO] - Running training with seed 135
[2025-12-17 16:17:18,042][__main__][INFO] - Running training with seed 136
[2025-12-17 16:17:18,268][__main__][INFO] - Running training with seed 137
[2025-12-17 16:17:18,493][__main__][INFO] - Running training with seed 138
[2025-12-17 16:17:18,720][__main__][INFO] - Running training with seed 139
[2025-12-17 16:17:18,946][__main__][INFO] - Running training with seed 140
[2025-12-17 16:17:19,171][__main__][INFO] - Running training with seed 141
[2025-12-17 16:17:19,396][__main__][INFO] - Running training with seed 142
[2025-12-17 16:17:19,622][__main__][INFO] - Running training with seed 143
[2025-12-17 16:17:19,848][__main__][INFO] - Running training with seed 144
[2025-12-17 16:17:20,075][__main__][INFO] - Running training with seed 145
[2025-12-17 16:17:20,300][__main__][INFO] - Running training with seed 146
[2025-12-17 16:17:20,527][__main__][INFO] - Running training with seed 147
[2025-12-17 16:17:20,752][__main__][INFO] - Running training with seed 148
[2025-12-17 16:17:20,977][__main__][INFO] - Running training with seed 149
[2025-12-17 16:17:21,202][__main__][INFO] - Running training with seed 150
[2025-12-17 16:17:21,431][__main__][INFO] - Running training with seed 151
[2025-12-17 16:17:21,657][__main__][INFO] - Running training with seed 152
[2025-12-17 16:17:21,883][__main__][INFO] - Running training with seed 153
[2025-12-17 16:17:22,109][__main__][INFO] - Running training with seed 154
[2025-12-17 16:17:22,335][__main__][INFO] - Running training with seed 155
[2025-12-17 16:17:22,562][__main__][INFO] - Running training with seed 156
[2025-12-17 16:17:22,789][__main__][INFO] - Running training with seed 157
[2025-12-17 16:17:23,013][__main__][INFO] - Running training with seed 158
[2025-12-17 16:17:23,239][__main__][INFO] - Running training with seed 159
[2025-12-17 16:17:23,465][__main__][INFO] - Running training with seed 160
[2025-12-17 16:17:23,691][__main__][INFO] - Running training with seed 161
[2025-12-17 16:17:23,915][__main__][INFO] - Running training with seed 162
[2025-12-17 16:17:24,142][__main__][INFO] - Running training with seed 163
[2025-12-17 16:17:24,366][__main__][INFO] - Running training with seed 164
[2025-12-17 16:17:24,591][__main__][INFO] - Running training with seed 165
[2025-12-17 16:17:24,817][__main__][INFO] - Running training with seed 166
[2025-12-17 16:17:25,043][__main__][INFO] - Running training with seed 167
[2025-12-17 16:17:25,269][__main__][INFO] - Running training with seed 168
[2025-12-17 16:17:25,494][__main__][INFO] - Running training with seed 169
[2025-12-17 16:17:25,720][__main__][INFO] - Running training with seed 170
[2025-12-17 16:17:25,959][__main__][INFO] - Running training with seed 171
[2025-12-17 16:17:26,205][__main__][INFO] - Running training with seed 172
[2025-12-17 16:17:26,463][__main__][INFO] - Running training with seed 173
[2025-12-17 16:17:26,724][__main__][INFO] - Running training with seed 174
[2025-12-17 16:17:26,983][__main__][INFO] - Running training with seed 175
[2025-12-17 16:17:27,244][__main__][INFO] - Running training with seed 176
[2025-12-17 16:17:27,504][__main__][INFO] - Running training with seed 177
[2025-12-17 16:17:27,767][__main__][INFO] - Running training with seed 178
[2025-12-17 16:17:28,028][__main__][INFO] - Running training with seed 179
[2025-12-17 16:17:28,293][__main__][INFO] - Running training with seed 180
[2025-12-17 16:17:28,556][__main__][INFO] - Running training with seed 181
[2025-12-17 16:17:28,815][__main__][INFO] - Running training with seed 182
[2025-12-17 16:17:29,072][__main__][INFO] - Running training with seed 183
[2025-12-17 16:17:29,331][__main__][INFO] - Running training with seed 184
[2025-12-17 16:17:29,592][__main__][INFO] - Running training with seed 185
[2025-12-17 16:17:29,852][__main__][INFO] - Running training with seed 186
[2025-12-17 16:17:30,109][__main__][INFO] - Running training with seed 187
[2025-12-17 16:17:30,369][__main__][INFO] - Running training with seed 188
[2025-12-17 16:17:30,628][__main__][INFO] - Running training with seed 189
[2025-12-17 16:17:30,889][__main__][INFO] - Running training with seed 190
[2025-12-17 16:17:31,153][__main__][INFO] - Running training with seed 191
[2025-12-17 16:17:31,412][__main__][INFO] - Running training with seed 192
[2025-12-17 16:17:31,671][__main__][INFO] - Running training with seed 193
[2025-12-17 16:17:31,929][__main__][INFO] - Running training with seed 194
[2025-12-17 16:17:32,188][__main__][INFO] - Running training with seed 195
[2025-12-17 16:17:32,449][__main__][INFO] - Running training with seed 196
[2025-12-17 16:17:32,709][__main__][INFO] - Running training with seed 197
[2025-12-17 16:17:32,967][__main__][INFO] - Running training with seed 198
[2025-12-17 16:17:33,227][__main__][INFO] - Running training with seed 199
[2025-12-17 16:17:33,485][__main__][INFO] - Running training with seed 200
[2025-12-17 16:17:33,743][__main__][INFO] - Running training with seed 201
[2025-12-17 16:17:34,004][__main__][INFO] - Running training with seed 202
[2025-12-17 16:17:34,263][__main__][INFO] - Running training with seed 203
[2025-12-17 16:17:34,521][__main__][INFO] - Running training with seed 204
[2025-12-17 16:17:34,778][__main__][INFO] - Running training with seed 205
[2025-12-17 16:17:35,037][__main__][INFO] - Running training with seed 206
[2025-12-17 16:17:35,295][__main__][INFO] - Running training with seed 207
[2025-12-17 16:17:35,556][__main__][INFO] - Running training with seed 208
[2025-12-17 16:17:35,815][__main__][INFO] - Running training with seed 209
[2025-12-17 16:17:36,075][__main__][INFO] - Running training with seed 210
[2025-12-17 16:17:36,334][__main__][INFO] - Running training with seed 211
[2025-12-17 16:17:36,593][__main__][INFO] - Running training with seed 212
[2025-12-17 16:17:36,851][__main__][INFO] - Running training with seed 213
[2025-12-17 16:17:37,112][__main__][INFO] - Running training with seed 214
[2025-12-17 16:17:37,373][__main__][INFO] - Running training with seed 215
[2025-12-17 16:17:37,632][__main__][INFO] - Running training with seed 216
[2025-12-17 16:17:37,891][__main__][INFO] - Running training with seed 217
[2025-12-17 16:17:38,151][__main__][INFO] - Running training with seed 218
[2025-12-17 16:17:38,410][__main__][INFO] - Running training with seed 219
[2025-12-17 16:17:38,669][__main__][INFO] - Running training with seed 220
[2025-12-17 16:17:38,929][__main__][INFO] - Running training with seed 221
[2025-12-17 16:17:39,188][__main__][INFO] - Running training with seed 222
[2025-12-17 16:17:39,448][__main__][INFO] - Running training with seed 223
[2025-12-17 16:17:39,707][__main__][INFO] - Running training with seed 224
[2025-12-17 16:17:39,967][__main__][INFO] - Running training with seed 225
[2025-12-17 16:17:40,227][__main__][INFO] - Running training with seed 226
[2025-12-17 16:17:40,488][__main__][INFO] - Running training with seed 227
[2025-12-17 16:17:40,747][__main__][INFO] - Running training with seed 228
[2025-12-17 16:17:41,007][__main__][INFO] - Running training with seed 229
[2025-12-17 16:17:41,266][__main__][INFO] - Running training with seed 230
[2025-12-17 16:17:41,525][__main__][INFO] - Running training with seed 231
[2025-12-17 16:17:41,788][__main__][INFO] - Running training with seed 232
[2025-12-17 16:17:42,044][__main__][INFO] - Running training with seed 233
[2025-12-17 16:17:42,304][__main__][INFO] - Running training with seed 234
[2025-12-17 16:17:42,562][__main__][INFO] - Running training with seed 235
[2025-12-17 16:17:42,821][__main__][INFO] - Running training with seed 236
[2025-12-17 16:17:43,078][__main__][INFO] - Running training with seed 237
[2025-12-17 16:17:43,338][__main__][INFO] - Running training with seed 238
[2025-12-17 16:17:43,598][__main__][INFO] - Running training with seed 239
[2025-12-17 16:17:43,854][__main__][INFO] - Running training with seed 240
[2025-12-17 16:17:44,108][__main__][INFO] - Running training with seed 241
[2025-12-17 16:17:44,364][__main__][INFO] - Running training with seed 242
[2025-12-17 16:17:44,621][__main__][INFO] - Running training with seed 243
[2025-12-17 16:17:44,880][__main__][INFO] - Running training with seed 244
[2025-12-17 16:17:45,136][__main__][INFO] - Running training with seed 245
[2025-12-17 16:17:45,393][__main__][INFO] - Running training with seed 246
[2025-12-17 16:17:45,653][__main__][INFO] - Running training with seed 247
[2025-12-17 16:17:45,911][__main__][INFO] - Running training with seed 248
[2025-12-17 16:17:46,171][__main__][INFO] - Running training with seed 249
[2025-12-17 16:17:46,430][__main__][INFO] - Running training with seed 250
[2025-12-17 16:17:46,689][__main__][INFO] - Running training with seed 251
[2025-12-17 16:17:46,949][__main__][INFO] - Running training with seed 252
[2025-12-17 16:17:47,210][__main__][INFO] - Running training with seed 253
[2025-12-17 16:17:47,471][__main__][INFO] - Running training with seed 254
[2025-12-17 16:17:47,730][__main__][INFO] - Running training with seed 255
[2025-12-17 16:17:47,988][__main__][INFO] - Running training with seed 256
[2025-12-17 16:17:48,248][__main__][INFO] - Running training with seed 257
[2025-12-17 16:17:48,507][__main__][INFO] - Running training with seed 258
[2025-12-17 16:17:48,768][__main__][INFO] - Running training with seed 259
[2025-12-17 16:17:49,027][__main__][INFO] - Running training with seed 260
[2025-12-17 16:17:49,285][__main__][INFO] - Running training with seed 261
[2025-12-17 16:17:49,546][__main__][INFO] - Running training with seed 262
[2025-12-17 16:17:49,807][__main__][INFO] - Running training with seed 263
[2025-12-17 16:17:50,067][__main__][INFO] - Running training with seed 264
[2025-12-17 16:17:50,327][__main__][INFO] - Running training with seed 265
[2025-12-17 16:17:50,586][__main__][INFO] - Running training with seed 266
[2025-12-17 16:17:50,846][__main__][INFO] - Running training with seed 267
[2025-12-17 16:17:51,104][__main__][INFO] - Running training with seed 268
[2025-12-17 16:17:51,365][__main__][INFO] - Running training with seed 269
[2025-12-17 16:17:51,625][__main__][INFO] - Running training with seed 270
[2025-12-17 16:17:51,884][__main__][INFO] - Running training with seed 271
[2025-12-17 16:17:52,144][__main__][INFO] - Running training with seed 272
[2025-12-17 16:17:52,404][__main__][INFO] - Running training with seed 273
[2025-12-17 16:17:52,664][__main__][INFO] - Running training with seed 274
[2025-12-17 16:17:52,922][__main__][INFO] - Running training with seed 275
[2025-12-17 16:17:53,178][__main__][INFO] - Running training with seed 276
[2025-12-17 16:17:53,438][__main__][INFO] - Running training with seed 277
[2025-12-17 16:17:53,697][__main__][INFO] - Running training with seed 278
[2025-12-17 16:17:53,957][__main__][INFO] - Running training with seed 279
[2025-12-17 16:17:54,214][__main__][INFO] - Running training with seed 280
[2025-12-17 16:17:54,464][__main__][INFO] - Running training with seed 281
[2025-12-17 16:17:54,718][__main__][INFO] - Running training with seed 282
[2025-12-17 16:17:54,968][__main__][INFO] - Running training with seed 283
[2025-12-17 16:17:55,220][__main__][INFO] - Running training with seed 284
[2025-12-17 16:17:55,472][__main__][INFO] - Running training with seed 285
[2025-12-17 16:17:55,724][__main__][INFO] - Running training with seed 286
[2025-12-17 16:17:55,976][__main__][INFO] - Running training with seed 287
[2025-12-17 16:17:56,227][__main__][INFO] - Running training with seed 288
[2025-12-17 16:17:56,479][__main__][INFO] - Running training with seed 289
[2025-12-17 16:17:56,733][__main__][INFO] - Running training with seed 290
[2025-12-17 16:17:56,986][__main__][INFO] - Running training with seed 291
[2025-12-17 16:17:57,238][__main__][INFO] - Running training with seed 292
[2025-12-17 16:17:57,489][__main__][INFO] - Running training with seed 293
[2025-12-17 16:17:57,740][__main__][INFO] - Running training with seed 294
[2025-12-17 16:17:57,994][__main__][INFO] - Running training with seed 295
[2025-12-17 16:17:58,247][__main__][INFO] - Running training with seed 296
[2025-12-17 16:17:58,501][__main__][INFO] - Running training with seed 297
[2025-12-17 16:17:58,753][__main__][INFO] - Running training with seed 298
[2025-12-17 16:17:59,006][__main__][INFO] - Running training with seed 299
[2025-12-17 16:17:59,257][__main__][INFO] - Running training with seed 300
[2025-12-17 16:17:59,509][__main__][INFO] - Running training with seed 301
[2025-12-17 16:17:59,760][__main__][INFO] - Running training with seed 302
[2025-12-17 16:18:00,013][__main__][INFO] - Running training with seed 303
[2025-12-17 16:18:00,265][__main__][INFO] - Running training with seed 304
[2025-12-17 16:18:00,519][__main__][INFO] - Running training with seed 305
[2025-12-17 16:18:00,772][__main__][INFO] - Running training with seed 306
[2025-12-17 16:18:01,024][__main__][INFO] - Running training with seed 307
[2025-12-17 16:18:01,275][__main__][INFO] - Running training with seed 308
[2025-12-17 16:18:01,529][__main__][INFO] - Running training with seed 309
[2025-12-17 16:18:01,784][__main__][INFO] - Running training with seed 310
[2025-12-17 16:18:02,036][__main__][INFO] - Running training with seed 311
[2025-12-17 16:18:02,288][__main__][INFO] - Running training with seed 312
[2025-12-17 16:18:02,541][__main__][INFO] - Running training with seed 313
[2025-12-17 16:18:02,794][__main__][INFO] - Running training with seed 314
[2025-12-17 16:18:03,046][__main__][INFO] - Running training with seed 315
[2025-12-17 16:18:03,297][__main__][INFO] - Running training with seed 316
[2025-12-17 16:18:03,549][__main__][INFO] - Running training with seed 317
[2025-12-17 16:18:03,800][__main__][INFO] - Running training with seed 318
[2025-12-17 16:18:04,052][__main__][INFO] - Running training with seed 319
[2025-12-17 16:18:04,305][__main__][INFO] - Running training with seed 320
[2025-12-17 16:18:04,558][__main__][INFO] - Running training with seed 321
[2025-12-17 16:18:04,810][__main__][INFO] - Running training with seed 322
[2025-12-17 16:18:05,059][__main__][INFO] - Running training with seed 323
[2025-12-17 16:18:05,311][__main__][INFO] - Running training with seed 324
[2025-12-17 16:18:05,564][__main__][INFO] - Running training with seed 325
[2025-12-17 16:18:05,815][__main__][INFO] - Running training with seed 326
[2025-12-17 16:18:06,069][__main__][INFO] - Running training with seed 327
[2025-12-17 16:18:06,321][__main__][INFO] - Running training with seed 328
[2025-12-17 16:18:06,573][__main__][INFO] - Running training with seed 329
[2025-12-17 16:18:06,827][__main__][INFO] - Running training with seed 330
[2025-12-17 16:18:07,079][__main__][INFO] - Running training with seed 331
[2025-12-17 16:18:07,330][__main__][INFO] - Running training with seed 332
[2025-12-17 16:18:07,583][__main__][INFO] - Running training with seed 333
[2025-12-17 16:18:07,834][__main__][INFO] - Running training with seed 334
[2025-12-17 16:18:08,086][__main__][INFO] - Running training with seed 335
[2025-12-17 16:18:08,339][__main__][INFO] - Running training with seed 336
[2025-12-17 16:18:08,590][__main__][INFO] - Running training with seed 337
[2025-12-17 16:18:08,843][__main__][INFO] - Running training with seed 338
[2025-12-17 16:18:09,095][__main__][INFO] - Running training with seed 339
[2025-12-17 16:18:09,350][__main__][INFO] - Running training with seed 340
[2025-12-17 16:18:09,602][__main__][INFO] - Running training with seed 341
[2025-12-17 16:18:09,855][__main__][INFO] - Running training with seed 342
[2025-12-17 16:18:10,106][__main__][INFO] - Running training with seed 343
[2025-12-17 16:18:10,358][__main__][INFO] - Running training with seed 344
[2025-12-17 16:18:10,609][__main__][INFO] - Running training with seed 345
[2025-12-17 16:18:10,861][__main__][INFO] - Running training with seed 346
[2025-12-17 16:18:11,115][__main__][INFO] - Running training with seed 347
[2025-12-17 16:18:11,367][__main__][INFO] - Running training with seed 348
[2025-12-17 16:18:11,618][__main__][INFO] - Running training with seed 349
[2025-12-17 16:18:11,871][__main__][INFO] - Running training with seed 350
[2025-12-17 16:18:12,125][__main__][INFO] - Running training with seed 351
[2025-12-17 16:18:12,376][__main__][INFO] - Running training with seed 352
[2025-12-17 16:18:12,630][__main__][INFO] - Running training with seed 353
[2025-12-17 16:18:12,885][__main__][INFO] - Running training with seed 354
[2025-12-17 16:18:13,137][__main__][INFO] - Running training with seed 355
[2025-12-17 16:18:13,391][__main__][INFO] - Running training with seed 356
[2025-12-17 16:18:13,644][__main__][INFO] - Running training with seed 357
[2025-12-17 16:18:13,898][__main__][INFO] - Running training with seed 358
[2025-12-17 16:18:14,165][__main__][INFO] - Running training with seed 359
[2025-12-17 16:18:14,426][__main__][INFO] - Running training with seed 360
[2025-12-17 16:18:14,686][__main__][INFO] - Running training with seed 361
[2025-12-17 16:18:14,943][__main__][INFO] - Running training with seed 362
[2025-12-17 16:18:15,205][__main__][INFO] - Running training with seed 363
[2025-12-17 16:18:15,468][__main__][INFO] - Running training with seed 364
[2025-12-17 16:18:15,728][__main__][INFO] - Running training with seed 365
[2025-12-17 16:18:15,989][__main__][INFO] - Running training with seed 366
[2025-12-17 16:18:16,248][__main__][INFO] - Running training with seed 367
[2025-12-17 16:18:16,506][__main__][INFO] - Running training with seed 368
[2025-12-17 16:18:16,766][__main__][INFO] - Running training with seed 369
[2025-12-17 16:18:17,025][__main__][INFO] - Running training with seed 370
[2025-12-17 16:18:17,286][__main__][INFO] - Running training with seed 371
[2025-12-17 16:18:17,545][__main__][INFO] - Running training with seed 372
[2025-12-17 16:18:17,806][__main__][INFO] - Running training with seed 373
[2025-12-17 16:18:18,063][__main__][INFO] - Running training with seed 374
[2025-12-17 16:18:18,323][__main__][INFO] - Running training with seed 375
[2025-12-17 16:18:18,584][__main__][INFO] - Running training with seed 376
[2025-12-17 16:18:18,846][__main__][INFO] - Running training with seed 377
[2025-12-17 16:18:19,106][__main__][INFO] - Running training with seed 378
[2025-12-17 16:18:19,363][__main__][INFO] - Running training with seed 379
[2025-12-17 16:18:19,623][__main__][INFO] - Running training with seed 380
[2025-12-17 16:18:19,881][__main__][INFO] - Running training with seed 381
[2025-12-17 16:18:20,142][__main__][INFO] - Running training with seed 382
[2025-12-17 16:18:20,400][__main__][INFO] - Running training with seed 383
[2025-12-17 16:18:20,661][__main__][INFO] - Running training with seed 384
[2025-12-17 16:18:20,921][__main__][INFO] - Running training with seed 385
[2025-12-17 16:18:21,182][__main__][INFO] - Running training with seed 386
[2025-12-17 16:18:21,442][__main__][INFO] - Running training with seed 387
[2025-12-17 16:18:21,703][__main__][INFO] - Running training with seed 388
[2025-12-17 16:18:21,965][__main__][INFO] - Running training with seed 389
[2025-12-17 16:18:22,224][__main__][INFO] - Running training with seed 390
[2025-12-17 16:18:22,484][__main__][INFO] - Running training with seed 391
[2025-12-17 16:18:22,744][__main__][INFO] - Running training with seed 392
[2025-12-17 16:18:23,002][__main__][INFO] - Running training with seed 393
[2025-12-17 16:18:23,265][__main__][INFO] - Running training with seed 394
[2025-12-17 16:18:23,527][__main__][INFO] - Running training with seed 395
[2025-12-17 16:18:23,789][__main__][INFO] - Running training with seed 396
[2025-12-17 16:18:24,047][__main__][INFO] - Running training with seed 397
[2025-12-17 16:18:24,311][__main__][INFO] - Running training with seed 398
[2025-12-17 16:18:24,572][__main__][INFO] - Running training with seed 399
[2025-12-17 16:18:24,830][__main__][INFO] - Running training with seed 400
[2025-12-17 16:18:25,090][__main__][INFO] - Running training with seed 401
[2025-12-17 16:18:25,350][__main__][INFO] - Running training with seed 402
[2025-12-17 16:18:25,608][__main__][INFO] - Running training with seed 403
[2025-12-17 16:18:25,867][__main__][INFO] - Running training with seed 404
[2025-12-17 16:18:26,127][__main__][INFO] - Running training with seed 405
[2025-12-17 16:18:26,389][__main__][INFO] - Running training with seed 406
[2025-12-17 16:18:26,650][__main__][INFO] - Running training with seed 407
[2025-12-17 16:18:26,911][__main__][INFO] - Running training with seed 408
[2025-12-17 16:18:27,169][__main__][INFO] - Running training with seed 409
[2025-12-17 16:18:27,421][__main__][INFO] - Running training with seed 410
[2025-12-17 16:18:27,672][__main__][INFO] - Running training with seed 411
[2025-12-17 16:18:27,925][__main__][INFO] - Running training with seed 412
[2025-12-17 16:18:28,177][__main__][INFO] - Running training with seed 413
[2025-12-17 16:18:28,429][__main__][INFO] - Running training with seed 414
[2025-12-17 16:18:28,681][__main__][INFO] - Running training with seed 415
[2025-12-17 16:18:28,932][__main__][INFO] - Running training with seed 416
[2025-12-17 16:18:29,185][__main__][INFO] - Running training with seed 417
[2025-12-17 16:18:29,431][__main__][INFO] - Running training with seed 418
[2025-12-17 16:18:29,680][__main__][INFO] - Running training with seed 419
[2025-12-17 16:18:29,932][__main__][INFO] - Running training with seed 420
[2025-12-17 16:18:30,198][__main__][INFO] - Running training with seed 421
[2025-12-17 16:18:30,457][__main__][INFO] - Running training with seed 422
[2025-12-17 16:18:30,715][__main__][INFO] - Running training with seed 423
[2025-12-17 16:18:30,973][__main__][INFO] - Running training with seed 424
[2025-12-17 16:18:31,231][__main__][INFO] - Running training with seed 425
[2025-12-17 16:18:31,491][__main__][INFO] - Running training with seed 426
[2025-12-17 16:18:31,750][__main__][INFO] - Running training with seed 427
[2025-12-17 16:18:32,009][__main__][INFO] - Running training with seed 428
[2025-12-17 16:18:32,268][__main__][INFO] - Running training with seed 429
[2025-12-17 16:18:32,528][__main__][INFO] - Running training with seed 430
[2025-12-17 16:18:32,787][__main__][INFO] - Running training with seed 431
[2025-12-17 16:18:33,047][__main__][INFO] - Running training with seed 432
[2025-12-17 16:18:33,308][__main__][INFO] - Running training with seed 433
[2025-12-17 16:18:33,567][__main__][INFO] - Running training with seed 434
[2025-12-17 16:18:33,827][__main__][INFO] - Running training with seed 435
[2025-12-17 16:18:34,087][__main__][INFO] - Running training with seed 436
[2025-12-17 16:18:34,346][__main__][INFO] - Running training with seed 437
[2025-12-17 16:18:34,604][__main__][INFO] - Running training with seed 438
[2025-12-17 16:18:34,862][__main__][INFO] - Running training with seed 439
[2025-12-17 16:18:35,122][__main__][INFO] - Running training with seed 440
[2025-12-17 16:18:35,380][__main__][INFO] - Running training with seed 441
[2025-12-17 16:18:35,638][__main__][INFO] - Running training with seed 442
[2025-12-17 16:18:35,896][__main__][INFO] - Running training with seed 443
[2025-12-17 16:18:36,155][__main__][INFO] - Running training with seed 444
[2025-12-17 16:18:36,415][__main__][INFO] - Running training with seed 445
[2025-12-17 16:18:36,674][__main__][INFO] - Running training with seed 446
[2025-12-17 16:18:36,932][__main__][INFO] - Running training with seed 447
[2025-12-17 16:18:37,194][__main__][INFO] - Running training with seed 448
[2025-12-17 16:18:37,449][__main__][INFO] - Running training with seed 449
[2025-12-17 16:18:37,710][__main__][INFO] - Running training with seed 450
[2025-12-17 16:18:37,968][__main__][INFO] - Running training with seed 451
[2025-12-17 16:18:38,227][__main__][INFO] - Running training with seed 452
[2025-12-17 16:18:38,487][__main__][INFO] - Running training with seed 453
[2025-12-17 16:18:38,748][__main__][INFO] - Running training with seed 454
[2025-12-17 16:18:39,008][__main__][INFO] - Running training with seed 455
[2025-12-17 16:18:39,266][__main__][INFO] - Running training with seed 456
[2025-12-17 16:18:39,525][__main__][INFO] - Running training with seed 457
[2025-12-17 16:18:39,786][__main__][INFO] - Running training with seed 458
[2025-12-17 16:18:40,044][__main__][INFO] - Running training with seed 459
[2025-12-17 16:18:40,304][__main__][INFO] - Running training with seed 460
[2025-12-17 16:18:40,564][__main__][INFO] - Running training with seed 461
[2025-12-17 16:18:40,822][__main__][INFO] - Running training with seed 462
[2025-12-17 16:18:41,081][__main__][INFO] - Running training with seed 463
[2025-12-17 16:18:41,341][__main__][INFO] - Running training with seed 464
[2025-12-17 16:18:41,600][__main__][INFO] - Running training with seed 465
[2025-12-17 16:18:41,860][__main__][INFO] - Running training with seed 466
[2025-12-17 16:18:42,119][__main__][INFO] - Running training with seed 467
[2025-12-17 16:18:42,379][__main__][INFO] - Running training with seed 468
[2025-12-17 16:18:42,640][__main__][INFO] - Running training with seed 469
[2025-12-17 16:18:42,900][__main__][INFO] - Running training with seed 470
[2025-12-17 16:18:43,160][__main__][INFO] - Running training with seed 471
[2025-12-17 16:18:43,419][__main__][INFO] - Running training with seed 472
[2025-12-17 16:18:43,678][__main__][INFO] - Running training with seed 473
[2025-12-17 16:18:43,938][__main__][INFO] - Running training with seed 474
[2025-12-17 16:18:44,198][__main__][INFO] - Running training with seed 475
[2025-12-17 16:18:44,458][__main__][INFO] - Running training with seed 476
[2025-12-17 16:18:44,716][__main__][INFO] - Running training with seed 477
[2025-12-17 16:18:44,973][__main__][INFO] - Running training with seed 478
[2025-12-17 16:18:45,233][__main__][INFO] - Running training with seed 479
[2025-12-17 16:18:45,492][__main__][INFO] - Running training with seed 480
[2025-12-17 16:18:45,753][__main__][INFO] - Running training with seed 481
[2025-12-17 16:18:46,013][__main__][INFO] - Running training with seed 482
[2025-12-17 16:18:46,273][__main__][INFO] - Running training with seed 483
[2025-12-17 16:18:46,532][__main__][INFO] - Running training with seed 484
[2025-12-17 16:18:46,793][__main__][INFO] - Running training with seed 485
[2025-12-17 16:18:47,054][__main__][INFO] - Running training with seed 486
[2025-12-17 16:18:47,310][__main__][INFO] - Running training with seed 487
[2025-12-17 16:18:47,570][__main__][INFO] - Running training with seed 488
[2025-12-17 16:18:47,828][__main__][INFO] - Running training with seed 489
[2025-12-17 16:18:48,086][__main__][INFO] - Running training with seed 490
[2025-12-17 16:18:48,345][__main__][INFO] - Running training with seed 491
[2025-12-17 16:18:48,605][__main__][INFO] - Running training with seed 492
[2025-12-17 16:18:48,865][__main__][INFO] - Running training with seed 493
[2025-12-17 16:18:49,123][__main__][INFO] - Running training with seed 494
[2025-12-17 16:18:49,382][__main__][INFO] - Running training with seed 495
[2025-12-17 16:18:49,639][__main__][INFO] - Running training with seed 496
[2025-12-17 16:18:49,898][__main__][INFO] - Running training with seed 497
[2025-12-17 16:18:50,156][__main__][INFO] - Running training with seed 498
[2025-12-17 16:18:50,415][__main__][INFO] - Running training with seed 499
[2025-12-17 16:18:50,673][__main__][INFO] - Running training with seed 500
[2025-12-17 16:18:50,933][__main__][INFO] - Running training with seed 501
[2025-12-17 16:18:51,189][__main__][INFO] - Running training with seed 502
[2025-12-17 16:18:51,448][__main__][INFO] - Running training with seed 503
[2025-12-17 16:18:51,707][__main__][INFO] - Running training with seed 504
[2025-12-17 16:18:51,967][__main__][INFO] - Running training with seed 505
[2025-12-17 16:18:52,226][__main__][INFO] - Running training with seed 506
[2025-12-17 16:18:52,485][__main__][INFO] - Running training with seed 507
[2025-12-17 16:18:52,743][__main__][INFO] - Running training with seed 508
[2025-12-17 16:18:53,004][__main__][INFO] - Running training with seed 509
[2025-12-17 16:18:53,262][__main__][INFO] - Running training with seed 510
[2025-12-17 16:18:53,522][__main__][INFO] - Running training with seed 511
[2025-12-17 16:18:53,781][__main__][INFO] - Running training with seed 512
[2025-12-17 16:18:54,041][__main__][INFO] - Running training with seed 513
[2025-12-17 16:18:54,301][__main__][INFO] - Running training with seed 514
[2025-12-17 16:18:54,561][__main__][INFO] - Running training with seed 515
[2025-12-17 16:18:54,819][__main__][INFO] - Running training with seed 516
[2025-12-17 16:18:55,077][__main__][INFO] - Running training with seed 517
[2025-12-17 16:18:55,337][__main__][INFO] - Running training with seed 518
[2025-12-17 16:18:55,598][__main__][INFO] - Running training with seed 519
[2025-12-17 16:18:55,858][__main__][INFO] - Running training with seed 520
[2025-12-17 16:18:56,119][__main__][INFO] - Running training with seed 521
[2025-12-17 16:18:56,381][__main__][INFO] - Running training with seed 522
[2025-12-17 16:18:56,638][__main__][INFO] - Running training with seed 523
[2025-12-17 16:18:56,898][__main__][INFO] - Running training with seed 524
[2025-12-17 16:18:57,157][__main__][INFO] - Running training with seed 525
[2025-12-17 16:18:57,409][__main__][INFO] - Running training with seed 526
[2025-12-17 16:18:57,663][__main__][INFO] - Running training with seed 527
[2025-12-17 16:18:57,916][__main__][INFO] - Running training with seed 528
[2025-12-17 16:18:58,170][__main__][INFO] - Running training with seed 529
[2025-12-17 16:18:58,421][__main__][INFO] - Running training with seed 530
[2025-12-17 16:18:58,674][__main__][INFO] - Running training with seed 531
[2025-12-17 16:18:58,927][__main__][INFO] - Running training with seed 532
[2025-12-17 16:18:59,180][__main__][INFO] - Running training with seed 533
[2025-12-17 16:18:59,432][__main__][INFO] - Running training with seed 534
[2025-12-17 16:18:59,686][__main__][INFO] - Running training with seed 535
[2025-12-17 16:18:59,937][__main__][INFO] - Running training with seed 536
[2025-12-17 16:19:00,190][__main__][INFO] - Running training with seed 537
[2025-12-17 16:19:00,442][__main__][INFO] - Running training with seed 538
[2025-12-17 16:19:00,697][__main__][INFO] - Running training with seed 539
[2025-12-17 16:19:00,949][__main__][INFO] - Running training with seed 540
[2025-12-17 16:19:01,202][__main__][INFO] - Running training with seed 541
[2025-12-17 16:19:01,454][__main__][INFO] - Running training with seed 542
[2025-12-17 16:19:01,705][__main__][INFO] - Running training with seed 543
[2025-12-17 16:19:01,959][__main__][INFO] - Running training with seed 544
[2025-12-17 16:19:02,212][__main__][INFO] - Running training with seed 545
[2025-12-17 16:19:02,465][__main__][INFO] - Running training with seed 546
[2025-12-17 16:19:02,717][__main__][INFO] - Running training with seed 547
[2025-12-17 16:19:02,970][__main__][INFO] - Running training with seed 548
[2025-12-17 16:19:03,225][__main__][INFO] - Running training with seed 549
[2025-12-17 16:19:03,477][__main__][INFO] - Running training with seed 550
[2025-12-17 16:19:03,730][__main__][INFO] - Running training with seed 551
[2025-12-17 16:19:03,983][__main__][INFO] - Running training with seed 552
[2025-12-17 16:19:04,236][__main__][INFO] - Running training with seed 553
[2025-12-17 16:19:04,489][__main__][INFO] - Running training with seed 554
[2025-12-17 16:19:04,743][__main__][INFO] - Running training with seed 555
[2025-12-17 16:19:04,997][__main__][INFO] - Running training with seed 556
[2025-12-17 16:19:05,248][__main__][INFO] - Running training with seed 557
[2025-12-17 16:19:05,500][__main__][INFO] - Running training with seed 558
[2025-12-17 16:19:05,751][__main__][INFO] - Running training with seed 559
[2025-12-17 16:19:06,003][__main__][INFO] - Running training with seed 560
[2025-12-17 16:19:06,256][__main__][INFO] - Running training with seed 561
[2025-12-17 16:19:06,508][__main__][INFO] - Running training with seed 562
[2025-12-17 16:19:06,760][__main__][INFO] - Running training with seed 563
[2025-12-17 16:19:07,012][__main__][INFO] - Running training with seed 564
[2025-12-17 16:19:07,266][__main__][INFO] - Running training with seed 565
[2025-12-17 16:19:07,519][__main__][INFO] - Running training with seed 566
[2025-12-17 16:19:07,771][__main__][INFO] - Running training with seed 567
[2025-12-17 16:19:08,024][__main__][INFO] - Running training with seed 568
[2025-12-17 16:19:08,278][__main__][INFO] - Running training with seed 569
[2025-12-17 16:19:08,532][__main__][INFO] - Running training with seed 570
[2025-12-17 16:19:08,783][__main__][INFO] - Running training with seed 571
[2025-12-17 16:19:09,037][__main__][INFO] - Running training with seed 572
[2025-12-17 16:19:09,290][__main__][INFO] - Running training with seed 573
[2025-12-17 16:19:09,544][__main__][INFO] - Running training with seed 574
[2025-12-17 16:19:09,797][__main__][INFO] - Running training with seed 575
[2025-12-17 16:19:10,048][__main__][INFO] - Running training with seed 576
[2025-12-17 16:19:10,302][__main__][INFO] - Running training with seed 577
[2025-12-17 16:19:10,554][__main__][INFO] - Running training with seed 578
[2025-12-17 16:19:10,807][__main__][INFO] - Running training with seed 579
[2025-12-17 16:19:11,060][__main__][INFO] - Running training with seed 580
[2025-12-17 16:19:11,313][__main__][INFO] - Running training with seed 581
[2025-12-17 16:19:11,565][__main__][INFO] - Running training with seed 582
[2025-12-17 16:19:11,815][__main__][INFO] - Running training with seed 583
[2025-12-17 16:19:12,067][__main__][INFO] - Running training with seed 584
[2025-12-17 16:19:12,319][__main__][INFO] - Running training with seed 585
[2025-12-17 16:19:12,571][__main__][INFO] - Running training with seed 586
[2025-12-17 16:19:12,823][__main__][INFO] - Running training with seed 587
[2025-12-17 16:19:13,073][__main__][INFO] - Running training with seed 588
[2025-12-17 16:19:13,325][__main__][INFO] - Running training with seed 589
[2025-12-17 16:19:13,579][__main__][INFO] - Running training with seed 590
[2025-12-17 16:19:13,833][__main__][INFO] - Running training with seed 591
[2025-12-17 16:19:14,084][__main__][INFO] - Running training with seed 592
[2025-12-17 16:19:14,336][__main__][INFO] - Running training with seed 593
[2025-12-17 16:19:14,588][__main__][INFO] - Running training with seed 594
[2025-12-17 16:19:14,839][__main__][INFO] - Running training with seed 595
[2025-12-17 16:19:15,090][__main__][INFO] - Running training with seed 596
[2025-12-17 16:19:15,342][__main__][INFO] - Running training with seed 597
[2025-12-17 16:19:15,595][__main__][INFO] - Running training with seed 598
[2025-12-17 16:19:15,850][__main__][INFO] - Running training with seed 599
[2025-12-17 16:19:16,100][__main__][INFO] - Running training with seed 600
[2025-12-17 16:19:16,351][__main__][INFO] - Running training with seed 601
[2025-12-17 16:19:16,603][__main__][INFO] - Running training with seed 602
[2025-12-17 16:19:16,854][__main__][INFO] - Running training with seed 603
[2025-12-17 16:19:17,107][__main__][INFO] - Running training with seed 604
[2025-12-17 16:19:17,359][__main__][INFO] - Running training with seed 605
[2025-12-17 16:19:17,613][__main__][INFO] - Running training with seed 606
[2025-12-17 16:19:17,866][__main__][INFO] - Running training with seed 607
[2025-12-17 16:19:18,118][__main__][INFO] - Running training with seed 608
[2025-12-17 16:19:18,370][__main__][INFO] - Running training with seed 609
[2025-12-17 16:19:18,620][__main__][INFO] - Running training with seed 610
[2025-12-17 16:19:18,875][__main__][INFO] - Running training with seed 611
[2025-12-17 16:19:19,127][__main__][INFO] - Running training with seed 612
[2025-12-17 16:19:19,381][__main__][INFO] - Running training with seed 613
[2025-12-17 16:19:19,634][__main__][INFO] - Running training with seed 614
[2025-12-17 16:19:19,887][__main__][INFO] - Running training with seed 615
[2025-12-17 16:19:20,139][__main__][INFO] - Running training with seed 616
[2025-12-17 16:19:20,393][__main__][INFO] - Running training with seed 617
[2025-12-17 16:19:20,646][__main__][INFO] - Running training with seed 618
[2025-12-17 16:19:20,898][__main__][INFO] - Running training with seed 619
[2025-12-17 16:19:21,151][__main__][INFO] - Running training with seed 620
[2025-12-17 16:19:21,403][__main__][INFO] - Running training with seed 621
[2025-12-17 16:19:21,655][__main__][INFO] - Running training with seed 622
[2025-12-17 16:19:21,907][__main__][INFO] - Running training with seed 623
[2025-12-17 16:19:22,159][__main__][INFO] - Running training with seed 624
[2025-12-17 16:19:22,411][__main__][INFO] - Running training with seed 625
[2025-12-17 16:19:22,664][__main__][INFO] - Running training with seed 626
[2025-12-17 16:19:22,918][__main__][INFO] - Running training with seed 627
[2025-12-17 16:19:23,171][__main__][INFO] - Running training with seed 628
[2025-12-17 16:19:23,424][__main__][INFO] - Running training with seed 629
[2025-12-17 16:19:23,676][__main__][INFO] - Running training with seed 630
[2025-12-17 16:19:23,926][__main__][INFO] - Running training with seed 631
[2025-12-17 16:19:24,178][__main__][INFO] - Running training with seed 632
[2025-12-17 16:19:24,431][__main__][INFO] - Running training with seed 633
[2025-12-17 16:19:24,684][__main__][INFO] - Running training with seed 634
[2025-12-17 16:19:24,935][__main__][INFO] - Running training with seed 635
[2025-12-17 16:19:25,188][__main__][INFO] - Running training with seed 636
[2025-12-17 16:19:25,440][__main__][INFO] - Running training with seed 637
[2025-12-17 16:19:25,691][__main__][INFO] - Running training with seed 638
[2025-12-17 16:19:25,945][__main__][INFO] - Running training with seed 639
[2025-12-17 16:19:26,197][__main__][INFO] - Running training with seed 640
[2025-12-17 16:19:26,450][__main__][INFO] - Running training with seed 641
[2025-12-17 16:19:26,702][__main__][INFO] - Running training with seed 642
[2025-12-17 16:19:26,955][__main__][INFO] - Running training with seed 643
[2025-12-17 16:19:27,207][__main__][INFO] - Running training with seed 644
[2025-12-17 16:19:27,459][__main__][INFO] - Running training with seed 645
[2025-12-17 16:19:27,711][__main__][INFO] - Running training with seed 646
[2025-12-17 16:19:27,964][__main__][INFO] - Running training with seed 647
[2025-12-17 16:19:28,216][__main__][INFO] - Running training with seed 648
[2025-12-17 16:19:28,468][__main__][INFO] - Running training with seed 649
[2025-12-17 16:19:28,720][__main__][INFO] - Running training with seed 650
[2025-12-17 16:19:28,971][__main__][INFO] - Running training with seed 651
[2025-12-17 16:19:29,236][__main__][INFO] - Running training with seed 652
[2025-12-17 16:19:29,495][__main__][INFO] - Running training with seed 653
[2025-12-17 16:19:29,754][__main__][INFO] - Running training with seed 654
[2025-12-17 16:19:30,012][__main__][INFO] - Running training with seed 655
[2025-12-17 16:19:30,270][__main__][INFO] - Running training with seed 656
[2025-12-17 16:19:30,529][__main__][INFO] - Running training with seed 657
[2025-12-17 16:19:30,788][__main__][INFO] - Running training with seed 658
[2025-12-17 16:19:31,046][__main__][INFO] - Running training with seed 659
[2025-12-17 16:19:31,305][__main__][INFO] - Running training with seed 660
[2025-12-17 16:19:31,565][__main__][INFO] - Running training with seed 661
[2025-12-17 16:19:31,824][__main__][INFO] - Running training with seed 662
[2025-12-17 16:19:32,085][__main__][INFO] - Running training with seed 663
[2025-12-17 16:19:32,344][__main__][INFO] - Running training with seed 664
[2025-12-17 16:19:32,604][__main__][INFO] - Running training with seed 665
[2025-12-17 16:19:32,865][__main__][INFO] - Running training with seed 666
[2025-12-17 16:19:33,124][__main__][INFO] - Running training with seed 667
[2025-12-17 16:19:33,384][__main__][INFO] - Running training with seed 668
[2025-12-17 16:19:33,642][__main__][INFO] - Running training with seed 669
[2025-12-17 16:19:33,902][__main__][INFO] - Running training with seed 670
[2025-12-17 16:19:34,161][__main__][INFO] - Running training with seed 671
[2025-12-17 16:19:34,419][__main__][INFO] - Running training with seed 672
[2025-12-17 16:19:34,677][__main__][INFO] - Running training with seed 673
[2025-12-17 16:19:34,938][__main__][INFO] - Running training with seed 674
[2025-12-17 16:19:35,196][__main__][INFO] - Running training with seed 675
[2025-12-17 16:19:35,454][__main__][INFO] - Running training with seed 676
[2025-12-17 16:19:35,713][__main__][INFO] - Running training with seed 677
[2025-12-17 16:19:35,973][__main__][INFO] - Running training with seed 678
[2025-12-17 16:19:36,232][__main__][INFO] - Running training with seed 679
[2025-12-17 16:19:36,491][__main__][INFO] - Running training with seed 680
[2025-12-17 16:19:36,750][__main__][INFO] - Running training with seed 681
[2025-12-17 16:19:37,011][__main__][INFO] - Running training with seed 682
[2025-12-17 16:19:37,271][__main__][INFO] - Running training with seed 683
[2025-12-17 16:19:37,529][__main__][INFO] - Running training with seed 684
[2025-12-17 16:19:37,787][__main__][INFO] - Running training with seed 685
[2025-12-17 16:19:38,047][__main__][INFO] - Running training with seed 686
[2025-12-17 16:19:38,307][__main__][INFO] - Running training with seed 687
[2025-12-17 16:19:38,567][__main__][INFO] - Running training with seed 688
[2025-12-17 16:19:38,827][__main__][INFO] - Running training with seed 689
[2025-12-17 16:19:39,085][__main__][INFO] - Running training with seed 690
[2025-12-17 16:19:39,345][__main__][INFO] - Running training with seed 691
[2025-12-17 16:19:39,604][__main__][INFO] - Running training with seed 692
[2025-12-17 16:19:39,862][__main__][INFO] - Running training with seed 693
[2025-12-17 16:19:40,121][__main__][INFO] - Running training with seed 694
[2025-12-17 16:19:40,379][__main__][INFO] - Running training with seed 695
[2025-12-17 16:19:40,636][__main__][INFO] - Running training with seed 696
[2025-12-17 16:19:40,896][__main__][INFO] - Running training with seed 697
[2025-12-17 16:19:41,155][__main__][INFO] - Running training with seed 698
[2025-12-17 16:19:41,414][__main__][INFO] - Running training with seed 699
[2025-12-17 16:19:41,672][__main__][INFO] - Running training with seed 700
[2025-12-17 16:19:41,931][__main__][INFO] - Running training with seed 701
[2025-12-17 16:19:42,189][__main__][INFO] - Running training with seed 702
[2025-12-17 16:19:42,447][__main__][INFO] - Running training with seed 703
[2025-12-17 16:19:42,706][__main__][INFO] - Running training with seed 704
[2025-12-17 16:19:42,966][__main__][INFO] - Running training with seed 705
[2025-12-17 16:19:43,227][__main__][INFO] - Running training with seed 706
[2025-12-17 16:19:43,483][__main__][INFO] - Running training with seed 707
[2025-12-17 16:19:43,743][__main__][INFO] - Running training with seed 708
[2025-12-17 16:19:44,001][__main__][INFO] - Running training with seed 709
[2025-12-17 16:19:44,260][__main__][INFO] - Running training with seed 710
[2025-12-17 16:19:44,520][__main__][INFO] - Running training with seed 711
[2025-12-17 16:19:44,780][__main__][INFO] - Running training with seed 712
[2025-12-17 16:19:45,040][__main__][INFO] - Running training with seed 713
[2025-12-17 16:19:45,300][__main__][INFO] - Running training with seed 714
[2025-12-17 16:19:45,559][__main__][INFO] - Running training with seed 715
[2025-12-17 16:19:45,817][__main__][INFO] - Running training with seed 716
[2025-12-17 16:19:46,076][__main__][INFO] - Running training with seed 717
[2025-12-17 16:19:46,334][__main__][INFO] - Running training with seed 718
[2025-12-17 16:19:46,594][__main__][INFO] - Running training with seed 719
[2025-12-17 16:19:46,853][__main__][INFO] - Running training with seed 720
[2025-12-17 16:19:47,113][__main__][INFO] - Running training with seed 721
[2025-12-17 16:19:47,373][__main__][INFO] - Running training with seed 722
[2025-12-17 16:19:47,634][__main__][INFO] - Running training with seed 723
[2025-12-17 16:19:47,894][__main__][INFO] - Running training with seed 724
[2025-12-17 16:19:48,154][__main__][INFO] - Running training with seed 725
[2025-12-17 16:19:48,414][__main__][INFO] - Running training with seed 726
[2025-12-17 16:19:48,673][__main__][INFO] - Running training with seed 727
[2025-12-17 16:19:48,931][__main__][INFO] - Running training with seed 728
[2025-12-17 16:19:49,190][__main__][INFO] - Running training with seed 729
[2025-12-17 16:19:49,447][__main__][INFO] - Running training with seed 730
[2025-12-17 16:19:49,706][__main__][INFO] - Running training with seed 731
[2025-12-17 16:19:49,964][__main__][INFO] - Running training with seed 732
[2025-12-17 16:19:50,238][__main__][INFO] - Running training with seed 733
[2025-12-17 16:19:50,499][__main__][INFO] - Running training with seed 734
[2025-12-17 16:19:50,760][__main__][INFO] - Running training with seed 735
[2025-12-17 16:19:51,020][__main__][INFO] - Running training with seed 736
[2025-12-17 16:19:51,285][__main__][INFO] - Running training with seed 737
[2025-12-17 16:19:51,547][__main__][INFO] - Running training with seed 738
[2025-12-17 16:19:51,809][__main__][INFO] - Running training with seed 739
[2025-12-17 16:19:52,069][__main__][INFO] - Running training with seed 740
[2025-12-17 16:19:52,329][__main__][INFO] - Running training with seed 741
[2025-12-17 16:19:52,590][__main__][INFO] - Running training with seed 742
[2025-12-17 16:19:52,852][__main__][INFO] - Running training with seed 743
[2025-12-17 16:19:53,113][__main__][INFO] - Running training with seed 744
[2025-12-17 16:19:53,374][__main__][INFO] - Running training with seed 745
[2025-12-17 16:19:53,635][__main__][INFO] - Running training with seed 746
[2025-12-17 16:19:53,897][__main__][INFO] - Running training with seed 747
[2025-12-17 16:19:54,155][__main__][INFO] - Running training with seed 748
[2025-12-17 16:19:54,417][__main__][INFO] - Running training with seed 749
[2025-12-17 16:19:54,678][__main__][INFO] - Running training with seed 750
[2025-12-17 16:19:54,938][__main__][INFO] - Running training with seed 751
[2025-12-17 16:19:55,196][__main__][INFO] - Running training with seed 752
[2025-12-17 16:19:55,452][__main__][INFO] - Running training with seed 753
[2025-12-17 16:19:55,714][__main__][INFO] - Running training with seed 754
[2025-12-17 16:19:55,975][__main__][INFO] - Running training with seed 755
[2025-12-17 16:19:56,236][__main__][INFO] - Running training with seed 756
[2025-12-17 16:19:56,498][__main__][INFO] - Running training with seed 757
[2025-12-17 16:19:56,756][__main__][INFO] - Running training with seed 758
[2025-12-17 16:19:57,018][__main__][INFO] - Running training with seed 759
[2025-12-17 16:19:57,279][__main__][INFO] - Running training with seed 760
[2025-12-17 16:19:57,540][__main__][INFO] - Running training with seed 761
[2025-12-17 16:19:57,802][__main__][INFO] - Running training with seed 762
[2025-12-17 16:19:58,060][__main__][INFO] - Running training with seed 763
[2025-12-17 16:19:58,320][__main__][INFO] - Running training with seed 764
[2025-12-17 16:19:58,580][__main__][INFO] - Running training with seed 765
[2025-12-17 16:19:58,840][__main__][INFO] - Running training with seed 766
[2025-12-17 16:19:59,099][__main__][INFO] - Running training with seed 767
[2025-12-17 16:19:59,360][__main__][INFO] - Running training with seed 768
[2025-12-17 16:19:59,620][__main__][INFO] - Running training with seed 769
[2025-12-17 16:19:59,877][__main__][INFO] - Running training with seed 770
[2025-12-17 16:20:00,134][__main__][INFO] - Running training with seed 771
[2025-12-17 16:20:00,394][__main__][INFO] - Running training with seed 772
[2025-12-17 16:20:00,656][__main__][INFO] - Running training with seed 773
[2025-12-17 16:20:00,917][__main__][INFO] - Running training with seed 774
[2025-12-17 16:20:01,177][__main__][INFO] - Running training with seed 775
[2025-12-17 16:20:01,436][__main__][INFO] - Running training with seed 776
[2025-12-17 16:20:01,697][__main__][INFO] - Running training with seed 777
[2025-12-17 16:20:01,954][__main__][INFO] - Running training with seed 778
[2025-12-17 16:20:02,213][__main__][INFO] - Running training with seed 779
[2025-12-17 16:20:02,477][__main__][INFO] - Running training with seed 780
[2025-12-17 16:20:02,738][__main__][INFO] - Running training with seed 781
[2025-12-17 16:20:03,000][__main__][INFO] - Running training with seed 782
[2025-12-17 16:20:03,257][__main__][INFO] - Running training with seed 783
[2025-12-17 16:20:03,521][__main__][INFO] - Running training with seed 784
[2025-12-17 16:20:03,781][__main__][INFO] - Running training with seed 785
[2025-12-17 16:20:04,042][__main__][INFO] - Running training with seed 786
[2025-12-17 16:20:04,300][__main__][INFO] - Running training with seed 787
[2025-12-17 16:20:04,562][__main__][INFO] - Running training with seed 788
[2025-12-17 16:20:04,824][__main__][INFO] - Running training with seed 789
[2025-12-17 16:20:05,087][__main__][INFO] - Running training with seed 790
[2025-12-17 16:20:05,347][__main__][INFO] - Running training with seed 791
[2025-12-17 16:20:05,604][__main__][INFO] - Running training with seed 792
[2025-12-17 16:20:05,864][__main__][INFO] - Running training with seed 793
[2025-12-17 16:20:06,121][__main__][INFO] - Running training with seed 794
[2025-12-17 16:20:06,381][__main__][INFO] - Running training with seed 795
[2025-12-17 16:20:06,640][__main__][INFO] - Running training with seed 796
[2025-12-17 16:20:06,899][__main__][INFO] - Running training with seed 797
[2025-12-17 16:20:07,159][__main__][INFO] - Running training with seed 798
[2025-12-17 16:20:07,416][__main__][INFO] - Running training with seed 799
[2025-12-17 16:20:07,677][__main__][INFO] - Running training with seed 800
[2025-12-17 16:20:07,938][__main__][INFO] - Running training with seed 801
[2025-12-17 16:20:08,196][__main__][INFO] - Running training with seed 802
[2025-12-17 16:20:08,455][__main__][INFO] - Running training with seed 803
[2025-12-17 16:20:08,717][__main__][INFO] - Running training with seed 804
[2025-12-17 16:20:08,977][__main__][INFO] - Running training with seed 805
[2025-12-17 16:20:09,237][__main__][INFO] - Running training with seed 806
[2025-12-17 16:20:09,499][__main__][INFO] - Running training with seed 807
[2025-12-17 16:20:09,762][__main__][INFO] - Running training with seed 808
[2025-12-17 16:20:10,023][__main__][INFO] - Running training with seed 809
[2025-12-17 16:20:10,280][__main__][INFO] - Running training with seed 810
[2025-12-17 16:20:10,538][__main__][INFO] - Running training with seed 811
[2025-12-17 16:20:10,799][__main__][INFO] - Running training with seed 812
[2025-12-17 16:20:11,058][__main__][INFO] - Running training with seed 813
[2025-12-17 16:20:11,321][__main__][INFO] - Running training with seed 814
[2025-12-17 16:20:11,582][__main__][INFO] - Running training with seed 815
[2025-12-17 16:20:11,843][__main__][INFO] - Running training with seed 816
[2025-12-17 16:20:12,103][__main__][INFO] - Running training with seed 817
[2025-12-17 16:20:12,362][__main__][INFO] - Running training with seed 818
[2025-12-17 16:20:12,621][__main__][INFO] - Running training with seed 819
[2025-12-17 16:20:12,882][__main__][INFO] - Running training with seed 820
[2025-12-17 16:20:13,143][__main__][INFO] - Running training with seed 821
[2025-12-17 16:20:13,405][__main__][INFO] - Running training with seed 822
[2025-12-17 16:20:13,665][__main__][INFO] - Running training with seed 823
[2025-12-17 16:20:13,932][__main__][INFO] - Running training with seed 824
[2025-12-17 16:20:14,193][__main__][INFO] - Running training with seed 825
[2025-12-17 16:20:14,451][__main__][INFO] - Running training with seed 826
[2025-12-17 16:20:14,708][__main__][INFO] - Running training with seed 827
[2025-12-17 16:20:14,968][__main__][INFO] - Running training with seed 828
[2025-12-17 16:20:15,226][__main__][INFO] - Running training with seed 829
[2025-12-17 16:20:15,488][__main__][INFO] - Running training with seed 830
[2025-12-17 16:20:15,750][__main__][INFO] - Running training with seed 831
[2025-12-17 16:20:16,010][__main__][INFO] - Running training with seed 832
[2025-12-17 16:20:16,272][__main__][INFO] - Running training with seed 833
[2025-12-17 16:20:16,533][__main__][INFO] - Running training with seed 834
[2025-12-17 16:20:16,796][__main__][INFO] - Running training with seed 835
[2025-12-17 16:20:17,054][__main__][INFO] - Running training with seed 836
[2025-12-17 16:20:17,315][__main__][INFO] - Running training with seed 837
[2025-12-17 16:20:17,574][__main__][INFO] - Running training with seed 838
[2025-12-17 16:20:17,831][__main__][INFO] - Running training with seed 839
[2025-12-17 16:20:18,091][__main__][INFO] - Running training with seed 840
[2025-12-17 16:20:18,349][__main__][INFO] - Running training with seed 841
[2025-12-17 16:20:18,609][__main__][INFO] - Running training with seed 842
[2025-12-17 16:20:18,869][__main__][INFO] - Running training with seed 843
[2025-12-17 16:20:19,127][__main__][INFO] - Running training with seed 844
[2025-12-17 16:20:19,388][__main__][INFO] - Running training with seed 845
[2025-12-17 16:20:19,648][__main__][INFO] - Running training with seed 846
[2025-12-17 16:20:19,908][__main__][INFO] - Running training with seed 847
[2025-12-17 16:20:20,169][__main__][INFO] - Running training with seed 848
[2025-12-17 16:20:20,427][__main__][INFO] - Running training with seed 849
[2025-12-17 16:20:20,688][__main__][INFO] - Running training with seed 850
[2025-12-17 16:20:20,948][__main__][INFO] - Running training with seed 851
[2025-12-17 16:20:21,209][__main__][INFO] - Running training with seed 852
[2025-12-17 16:20:21,469][__main__][INFO] - Running training with seed 853
[2025-12-17 16:20:21,729][__main__][INFO] - Running training with seed 854
[2025-12-17 16:20:21,990][__main__][INFO] - Running training with seed 855
[2025-12-17 16:20:22,247][__main__][INFO] - Running training with seed 856
[2025-12-17 16:20:22,508][__main__][INFO] - Running training with seed 857
[2025-12-17 16:20:22,765][__main__][INFO] - Running training with seed 858
[2025-12-17 16:20:23,026][__main__][INFO] - Running training with seed 859
[2025-12-17 16:20:23,287][__main__][INFO] - Running training with seed 860
[2025-12-17 16:20:23,549][__main__][INFO] - Running training with seed 861
[2025-12-17 16:20:23,812][__main__][INFO] - Running training with seed 862
[2025-12-17 16:20:24,072][__main__][INFO] - Running training with seed 863
[2025-12-17 16:20:24,330][__main__][INFO] - Running training with seed 864
[2025-12-17 16:20:24,590][__main__][INFO] - Running training with seed 865
[2025-12-17 16:20:24,851][__main__][INFO] - Running training with seed 866
[2025-12-17 16:20:25,113][__main__][INFO] - Running training with seed 867
[2025-12-17 16:20:25,376][__main__][INFO] - Running training with seed 868
[2025-12-17 16:20:25,638][__main__][INFO] - Running training with seed 869
[2025-12-17 16:20:25,898][__main__][INFO] - Running training with seed 870
[2025-12-17 16:20:26,158][__main__][INFO] - Running training with seed 871
[2025-12-17 16:20:26,420][__main__][INFO] - Running training with seed 872
[2025-12-17 16:20:26,679][__main__][INFO] - Running training with seed 873
[2025-12-17 16:20:26,942][__main__][INFO] - Running training with seed 874
[2025-12-17 16:20:27,203][__main__][INFO] - Running training with seed 875
[2025-12-17 16:20:27,465][__main__][INFO] - Running training with seed 876
[2025-12-17 16:20:27,725][__main__][INFO] - Running training with seed 877
[2025-12-17 16:20:27,990][__main__][INFO] - Running training with seed 878
[2025-12-17 16:20:28,251][__main__][INFO] - Running training with seed 879
[2025-12-17 16:20:28,510][__main__][INFO] - Running training with seed 880
[2025-12-17 16:20:28,772][__main__][INFO] - Running training with seed 881
[2025-12-17 16:20:29,033][__main__][INFO] - Running training with seed 882
[2025-12-17 16:20:29,294][__main__][INFO] - Running training with seed 883
[2025-12-17 16:20:29,555][__main__][INFO] - Running training with seed 884
[2025-12-17 16:20:29,816][__main__][INFO] - Running training with seed 885
[2025-12-17 16:20:30,077][__main__][INFO] - Running training with seed 886
[2025-12-17 16:20:30,333][__main__][INFO] - Running training with seed 887
[2025-12-17 16:20:30,594][__main__][INFO] - Running training with seed 888
[2025-12-17 16:20:30,855][__main__][INFO] - Running training with seed 889
[2025-12-17 16:20:31,114][__main__][INFO] - Running training with seed 890
[2025-12-17 16:20:31,375][__main__][INFO] - Running training with seed 891
[2025-12-17 16:20:31,636][__main__][INFO] - Running training with seed 892
[2025-12-17 16:20:31,894][__main__][INFO] - Running training with seed 893
[2025-12-17 16:20:32,156][__main__][INFO] - Running training with seed 894
[2025-12-17 16:20:32,414][__main__][INFO] - Running training with seed 895
[2025-12-17 16:20:32,675][__main__][INFO] - Running training with seed 896
[2025-12-17 16:20:32,933][__main__][INFO] - Running training with seed 897
[2025-12-17 16:20:33,193][__main__][INFO] - Running training with seed 898
[2025-12-17 16:20:33,454][__main__][INFO] - Running training with seed 899
[2025-12-17 16:20:33,714][__main__][INFO] - Running training with seed 900
[2025-12-17 16:20:33,975][__main__][INFO] - Running training with seed 901
[2025-12-17 16:20:34,236][__main__][INFO] - Running training with seed 902
[2025-12-17 16:20:34,497][__main__][INFO] - Running training with seed 903
[2025-12-17 16:20:34,759][__main__][INFO] - Running training with seed 904
[2025-12-17 16:20:35,021][__main__][INFO] - Running training with seed 905
[2025-12-17 16:20:35,283][__main__][INFO] - Running training with seed 906
[2025-12-17 16:20:35,543][__main__][INFO] - Running training with seed 907
[2025-12-17 16:20:35,800][__main__][INFO] - Running training with seed 908
[2025-12-17 16:20:36,059][__main__][INFO] - Running training with seed 909
[2025-12-17 16:20:36,321][__main__][INFO] - Running training with seed 910
[2025-12-17 16:20:36,580][__main__][INFO] - Running training with seed 911
[2025-12-17 16:20:36,840][__main__][INFO] - Running training with seed 912
[2025-12-17 16:20:37,100][__main__][INFO] - Running training with seed 913
[2025-12-17 16:20:37,361][__main__][INFO] - Running training with seed 914
[2025-12-17 16:20:37,620][__main__][INFO] - Running training with seed 915
[2025-12-17 16:20:37,880][__main__][INFO] - Running training with seed 916
[2025-12-17 16:20:38,139][__main__][INFO] - Running training with seed 917
[2025-12-17 16:20:38,400][__main__][INFO] - Running training with seed 918
[2025-12-17 16:20:38,661][__main__][INFO] - Running training with seed 919
[2025-12-17 16:20:38,923][__main__][INFO] - Running training with seed 920
[2025-12-17 16:20:39,183][__main__][INFO] - Running training with seed 921
[2025-12-17 16:20:39,442][__main__][INFO] - Running training with seed 922
[2025-12-17 16:20:39,700][__main__][INFO] - Running training with seed 923
[2025-12-17 16:20:39,960][__main__][INFO] - Running training with seed 924
[2025-12-17 16:20:40,220][__main__][INFO] - Running training with seed 925
[2025-12-17 16:20:40,479][__main__][INFO] - Running training with seed 926
[2025-12-17 16:20:40,740][__main__][INFO] - Running training with seed 927
[2025-12-17 16:20:40,998][__main__][INFO] - Running training with seed 928
[2025-12-17 16:20:41,261][__main__][INFO] - Running training with seed 929
[2025-12-17 16:20:41,522][__main__][INFO] - Running training with seed 930
[2025-12-17 16:20:41,784][__main__][INFO] - Running training with seed 931
[2025-12-17 16:20:42,043][__main__][INFO] - Running training with seed 932
[2025-12-17 16:20:42,305][__main__][INFO] - Running training with seed 933
[2025-12-17 16:20:42,563][__main__][INFO] - Running training with seed 934
[2025-12-17 16:20:42,824][__main__][INFO] - Running training with seed 935
[2025-12-17 16:20:43,085][__main__][INFO] - Running training with seed 936
[2025-12-17 16:20:43,345][__main__][INFO] - Running training with seed 937
[2025-12-17 16:20:43,603][__main__][INFO] - Running training with seed 938
[2025-12-17 16:20:43,863][__main__][INFO] - Running training with seed 939
[2025-12-17 16:20:44,124][__main__][INFO] - Running training with seed 940
[2025-12-17 16:20:44,381][__main__][INFO] - Running training with seed 941
[2025-12-17 16:20:44,643][__main__][INFO] - Running training with seed 942
[2025-12-17 16:20:44,901][__main__][INFO] - Running training with seed 943
[2025-12-17 16:20:45,161][__main__][INFO] - Running training with seed 944
[2025-12-17 16:20:45,419][__main__][INFO] - Running training with seed 945
[2025-12-17 16:20:45,681][__main__][INFO] - Running training with seed 946
[2025-12-17 16:20:45,942][__main__][INFO] - Running training with seed 947
[2025-12-17 16:20:46,205][__main__][INFO] - Running training with seed 948
[2025-12-17 16:20:46,463][__main__][INFO] - Running training with seed 949
[2025-12-17 16:20:46,723][__main__][INFO] - Running training with seed 950
[2025-12-17 16:20:46,982][__main__][INFO] - Running training with seed 951
[2025-12-17 16:20:47,242][__main__][INFO] - Running training with seed 952
[2025-12-17 16:20:47,502][__main__][INFO] - Running training with seed 953
[2025-12-17 16:20:47,762][__main__][INFO] - Running training with seed 954
[2025-12-17 16:20:48,023][__main__][INFO] - Running training with seed 955
[2025-12-17 16:20:48,284][__main__][INFO] - Running training with seed 956
[2025-12-17 16:20:48,545][__main__][INFO] - Running training with seed 957
[2025-12-17 16:20:48,806][__main__][INFO] - Running training with seed 958
[2025-12-17 16:20:49,068][__main__][INFO] - Running training with seed 959
[2025-12-17 16:20:49,329][__main__][INFO] - Running training with seed 960
[2025-12-17 16:20:49,591][__main__][INFO] - Running training with seed 961
[2025-12-17 16:20:49,852][__main__][INFO] - Running training with seed 962
[2025-12-17 16:20:50,112][__main__][INFO] - Running training with seed 963
[2025-12-17 16:20:50,371][__main__][INFO] - Running training with seed 964
[2025-12-17 16:20:50,633][__main__][INFO] - Running training with seed 965
[2025-12-17 16:20:50,894][__main__][INFO] - Running training with seed 966
[2025-12-17 16:20:51,155][__main__][INFO] - Running training with seed 967
[2025-12-17 16:20:51,416][__main__][INFO] - Running training with seed 968
[2025-12-17 16:20:51,674][__main__][INFO] - Running training with seed 969
[2025-12-17 16:20:51,936][__main__][INFO] - Running training with seed 970
[2025-12-17 16:20:52,195][__main__][INFO] - Running training with seed 971
[2025-12-17 16:20:52,456][__main__][INFO] - Running training with seed 972
[2025-12-17 16:20:52,715][__main__][INFO] - Running training with seed 973
[2025-12-17 16:20:52,976][__main__][INFO] - Running training with seed 974
[2025-12-17 16:20:53,233][__main__][INFO] - Running training with seed 975
[2025-12-17 16:20:53,494][__main__][INFO] - Running training with seed 976
[2025-12-17 16:20:53,754][__main__][INFO] - Running training with seed 977
[2025-12-17 16:20:54,015][__main__][INFO] - Running training with seed 978
[2025-12-17 16:20:54,277][__main__][INFO] - Running training with seed 979
[2025-12-17 16:20:54,537][__main__][INFO] - Running training with seed 980
[2025-12-17 16:20:54,798][__main__][INFO] - Running training with seed 981
[2025-12-17 16:20:55,057][__main__][INFO] - Running training with seed 982
[2025-12-17 16:20:55,318][__main__][INFO] - Running training with seed 983
[2025-12-17 16:20:55,578][__main__][INFO] - Running training with seed 984
[2025-12-17 16:20:55,838][__main__][INFO] - Running training with seed 985
[2025-12-17 16:20:56,098][__main__][INFO] - Running training with seed 986
[2025-12-17 16:20:56,357][__main__][INFO] - Running training with seed 987
[2025-12-17 16:20:56,615][__main__][INFO] - Running training with seed 988
[2025-12-17 16:20:56,875][__main__][INFO] - Running training with seed 989
[2025-12-17 16:20:57,134][__main__][INFO] - Running training with seed 990
[2025-12-17 16:20:57,394][__main__][INFO] - Running training with seed 991
[2025-12-17 16:20:57,651][__main__][INFO] - Running training with seed 992
[2025-12-17 16:20:57,910][__main__][INFO] - Running training with seed 993
[2025-12-17 16:20:58,171][__main__][INFO] - Running training with seed 994
[2025-12-17 16:20:58,431][__main__][INFO] - Running training with seed 995
[2025-12-17 16:20:58,693][__main__][INFO] - Running training with seed 996
[2025-12-17 16:20:58,953][__main__][INFO] - Running training with seed 997
[2025-12-17 16:20:59,211][__main__][INFO] - Running training with seed 998
[2025-12-17 16:20:59,473][__main__][INFO] - Running training with seed 999
