[2025-12-18 10:15:40,467][__main__][INFO] - QNN training pipeline initialized
[2025-12-18 10:15:40,467][data_loading][INFO] - Loading and embedding MNIST data...
[2025-12-18 10:15:40,512][data_loading][INFO] - Data loading complete.
[2025-12-18 10:15:43,664][__main__][INFO] - Running training with seed 1
[2025-12-18 10:15:45,441][__main__][INFO] - Running training with seed 2
[2025-12-18 10:15:46,876][__main__][INFO] - Running training with seed 3
[2025-12-18 10:15:48,281][__main__][INFO] - Running training with seed 4
[2025-12-18 10:15:49,686][__main__][INFO] - Running training with seed 5
[2025-12-18 10:15:51,092][__main__][INFO] - Running training with seed 6
[2025-12-18 10:15:52,498][__main__][INFO] - Running training with seed 7
[2025-12-18 10:15:53,901][__main__][INFO] - Running training with seed 8
[2025-12-18 10:15:55,322][__main__][INFO] - Running training with seed 9
[2025-12-18 10:15:56,730][__main__][INFO] - Running training with seed 10
[2025-12-18 10:15:58,139][__main__][INFO] - Running training with seed 11
[2025-12-18 10:15:59,543][__main__][INFO] - Running training with seed 12
[2025-12-18 10:16:00,948][__main__][INFO] - Running training with seed 13
[2025-12-18 10:16:02,366][__main__][INFO] - Running training with seed 14
[2025-12-18 10:16:03,766][__main__][INFO] - Running training with seed 15
[2025-12-18 10:16:05,176][__main__][INFO] - Running training with seed 16
[2025-12-18 10:16:06,578][__main__][INFO] - Running training with seed 17
[2025-12-18 10:16:07,980][__main__][INFO] - Running training with seed 18
[2025-12-18 10:16:09,383][__main__][INFO] - Running training with seed 19
[2025-12-18 10:16:11,006][__main__][INFO] - Running training with seed 20
[2025-12-18 10:16:12,409][__main__][INFO] - Running training with seed 21
[2025-12-18 10:16:13,819][__main__][INFO] - Running training with seed 22
[2025-12-18 10:16:15,226][__main__][INFO] - Running training with seed 23
[2025-12-18 10:16:16,630][__main__][INFO] - Running training with seed 24
[2025-12-18 10:16:18,034][__main__][INFO] - Running training with seed 25
[2025-12-18 10:16:19,439][__main__][INFO] - Running training with seed 26
[2025-12-18 10:16:20,855][__main__][INFO] - Running training with seed 27
[2025-12-18 10:16:22,256][__main__][INFO] - Running training with seed 28
[2025-12-18 10:16:23,663][__main__][INFO] - Running training with seed 29
[2025-12-18 10:16:25,068][__main__][INFO] - Running training with seed 30
[2025-12-18 10:16:26,472][__main__][INFO] - Running training with seed 31
[2025-12-18 10:16:27,874][__main__][INFO] - Running training with seed 32
[2025-12-18 10:16:29,273][__main__][INFO] - Running training with seed 33
[2025-12-18 10:16:30,678][__main__][INFO] - Running training with seed 34
[2025-12-18 10:16:32,080][__main__][INFO] - Running training with seed 35
[2025-12-18 10:16:33,499][__main__][INFO] - Running training with seed 36
[2025-12-18 10:16:34,901][__main__][INFO] - Running training with seed 37
[2025-12-18 10:16:36,308][__main__][INFO] - Running training with seed 38
[2025-12-18 10:16:37,710][__main__][INFO] - Running training with seed 39
[2025-12-18 10:16:39,117][__main__][INFO] - Running training with seed 40
[2025-12-18 10:16:40,520][__main__][INFO] - Running training with seed 41
[2025-12-18 10:16:41,923][__main__][INFO] - Running training with seed 42
[2025-12-18 10:16:43,528][__main__][INFO] - Running training with seed 43
[2025-12-18 10:16:44,930][__main__][INFO] - Running training with seed 44
[2025-12-18 10:16:46,332][__main__][INFO] - Running training with seed 45
[2025-12-18 10:16:47,757][__main__][INFO] - Running training with seed 46
[2025-12-18 10:16:49,158][__main__][INFO] - Running training with seed 47
[2025-12-18 10:16:50,568][__main__][INFO] - Running training with seed 48
[2025-12-18 10:16:51,971][__main__][INFO] - Running training with seed 49
[2025-12-18 10:16:53,375][__main__][INFO] - Running training with seed 50
[2025-12-18 10:16:54,778][__main__][INFO] - Running training with seed 51
[2025-12-18 10:16:56,178][__main__][INFO] - Running training with seed 52
[2025-12-18 10:16:57,581][__main__][INFO] - Running training with seed 53
[2025-12-18 10:16:58,986][__main__][INFO] - Running training with seed 54
[2025-12-18 10:17:00,389][__main__][INFO] - Running training with seed 55
[2025-12-18 10:17:01,790][__main__][INFO] - Running training with seed 56
[2025-12-18 10:17:03,192][__main__][INFO] - Running training with seed 57
[2025-12-18 10:17:04,616][__main__][INFO] - Running training with seed 58
[2025-12-18 10:17:06,022][__main__][INFO] - Running training with seed 59
[2025-12-18 10:17:07,425][__main__][INFO] - Running training with seed 60
[2025-12-18 10:17:08,833][__main__][INFO] - Running training with seed 61
[2025-12-18 10:17:10,239][__main__][INFO] - Running training with seed 62
[2025-12-18 10:17:11,640][__main__][INFO] - Running training with seed 63
[2025-12-18 10:17:13,045][__main__][INFO] - Running training with seed 64
[2025-12-18 10:17:14,640][__main__][INFO] - Running training with seed 65
[2025-12-18 10:17:16,043][__main__][INFO] - Running training with seed 66
[2025-12-18 10:17:17,447][__main__][INFO] - Running training with seed 67
[2025-12-18 10:17:18,854][__main__][INFO] - Running training with seed 68
[2025-12-18 10:17:20,258][__main__][INFO] - Running training with seed 69
[2025-12-18 10:17:21,661][__main__][INFO] - Running training with seed 70
[2025-12-18 10:17:23,061][__main__][INFO] - Running training with seed 71
[2025-12-18 10:17:24,484][__main__][INFO] - Running training with seed 72
[2025-12-18 10:17:25,888][__main__][INFO] - Running training with seed 73
[2025-12-18 10:17:27,292][__main__][INFO] - Running training with seed 74
[2025-12-18 10:17:28,694][__main__][INFO] - Running training with seed 75
[2025-12-18 10:17:30,105][__main__][INFO] - Running training with seed 76
[2025-12-18 10:17:31,508][__main__][INFO] - Running training with seed 77
[2025-12-18 10:17:32,911][__main__][INFO] - Running training with seed 78
[2025-12-18 10:17:34,315][__main__][INFO] - Running training with seed 79
[2025-12-18 10:17:35,719][__main__][INFO] - Running training with seed 80
[2025-12-18 10:17:37,120][__main__][INFO] - Running training with seed 81
[2025-12-18 10:17:38,521][__main__][INFO] - Running training with seed 82
[2025-12-18 10:17:39,925][__main__][INFO] - Running training with seed 83
[2025-12-18 10:17:41,332][__main__][INFO] - Running training with seed 84
[2025-12-18 10:17:42,731][__main__][INFO] - Running training with seed 85
[2025-12-18 10:17:44,136][__main__][INFO] - Running training with seed 86
[2025-12-18 10:17:45,538][__main__][INFO] - Running training with seed 87
[2025-12-18 10:17:46,940][__main__][INFO] - Running training with seed 88
[2025-12-18 10:17:48,358][__main__][INFO] - Running training with seed 89
[2025-12-18 10:17:49,956][__main__][INFO] - Running training with seed 90
[2025-12-18 10:17:51,359][__main__][INFO] - Running training with seed 91
[2025-12-18 10:17:52,762][__main__][INFO] - Running training with seed 92
[2025-12-18 10:17:54,170][__main__][INFO] - Running training with seed 93
[2025-12-18 10:17:55,574][__main__][INFO] - Running training with seed 94
[2025-12-18 10:17:56,977][__main__][INFO] - Running training with seed 95
[2025-12-18 10:17:58,382][__main__][INFO] - Running training with seed 96
[2025-12-18 10:17:59,785][__main__][INFO] - Running training with seed 97
[2025-12-18 10:18:01,190][__main__][INFO] - Running training with seed 98
[2025-12-18 10:18:02,592][__main__][INFO] - Running training with seed 99
[2025-12-18 10:18:03,995][__main__][INFO] - Running training with seed 100
[2025-12-18 10:18:05,402][__main__][INFO] - Running training with seed 101
[2025-12-18 10:18:06,807][__main__][INFO] - Running training with seed 102
[2025-12-18 10:18:08,210][__main__][INFO] - Running training with seed 103
[2025-12-18 10:18:09,613][__main__][INFO] - Running training with seed 104
[2025-12-18 10:18:11,016][__main__][INFO] - Running training with seed 105
[2025-12-18 10:18:12,421][__main__][INFO] - Running training with seed 106
[2025-12-18 10:18:13,823][__main__][INFO] - Running training with seed 107
[2025-12-18 10:18:15,227][__main__][INFO] - Running training with seed 108
[2025-12-18 10:18:16,637][__main__][INFO] - Running training with seed 109
[2025-12-18 10:18:18,039][__main__][INFO] - Running training with seed 110
[2025-12-18 10:18:19,443][__main__][INFO] - Running training with seed 111
[2025-12-18 10:18:20,844][__main__][INFO] - Running training with seed 112
[2025-12-18 10:18:22,247][__main__][INFO] - Running training with seed 113
[2025-12-18 10:18:23,843][__main__][INFO] - Running training with seed 114
[2025-12-18 10:18:25,253][__main__][INFO] - Running training with seed 115
[2025-12-18 10:18:26,655][__main__][INFO] - Running training with seed 116
[2025-12-18 10:18:28,060][__main__][INFO] - Running training with seed 117
[2025-12-18 10:18:29,467][__main__][INFO] - Running training with seed 118
[2025-12-18 10:18:30,869][__main__][INFO] - Running training with seed 119
[2025-12-18 10:18:32,270][__main__][INFO] - Running training with seed 120
[2025-12-18 10:18:33,680][__main__][INFO] - Running training with seed 121
[2025-12-18 10:18:35,085][__main__][INFO] - Running training with seed 122
[2025-12-18 10:18:36,489][__main__][INFO] - Running training with seed 123
[2025-12-18 10:18:37,893][__main__][INFO] - Running training with seed 124
[2025-12-18 10:18:39,295][__main__][INFO] - Running training with seed 125
[2025-12-18 10:18:40,698][__main__][INFO] - Running training with seed 126
[2025-12-18 10:18:42,103][__main__][INFO] - Running training with seed 127
[2025-12-18 10:18:43,506][__main__][INFO] - Running training with seed 128
[2025-12-18 10:18:44,906][__main__][INFO] - Running training with seed 129
[2025-12-18 10:18:46,307][__main__][INFO] - Running training with seed 130
[2025-12-18 10:18:47,709][__main__][INFO] - Running training with seed 131
[2025-12-18 10:18:49,111][__main__][INFO] - Running training with seed 132
[2025-12-18 10:18:50,512][__main__][INFO] - Running training with seed 133
[2025-12-18 10:18:51,930][__main__][INFO] - Running training with seed 134
[2025-12-18 10:18:53,332][__main__][INFO] - Running training with seed 135
[2025-12-18 10:18:54,738][__main__][INFO] - Running training with seed 136
[2025-12-18 10:18:56,332][__main__][INFO] - Running training with seed 137
[2025-12-18 10:18:57,734][__main__][INFO] - Running training with seed 138
[2025-12-18 10:18:59,136][__main__][INFO] - Running training with seed 139
[2025-12-18 10:19:00,542][__main__][INFO] - Running training with seed 140
[2025-12-18 10:19:01,945][__main__][INFO] - Running training with seed 141
[2025-12-18 10:19:03,354][__main__][INFO] - Running training with seed 142
[2025-12-18 10:19:04,757][__main__][INFO] - Running training with seed 143
[2025-12-18 10:19:06,163][__main__][INFO] - Running training with seed 144
[2025-12-18 10:19:07,566][__main__][INFO] - Running training with seed 145
[2025-12-18 10:19:08,971][__main__][INFO] - Running training with seed 146
[2025-12-18 10:19:10,370][__main__][INFO] - Running training with seed 147
[2025-12-18 10:19:11,776][__main__][INFO] - Running training with seed 148
[2025-12-18 10:19:13,180][__main__][INFO] - Running training with seed 149
[2025-12-18 10:19:14,582][__main__][INFO] - Running training with seed 150
[2025-12-18 10:19:15,991][__main__][INFO] - Running training with seed 151
[2025-12-18 10:19:17,394][__main__][INFO] - Running training with seed 152
[2025-12-18 10:19:18,797][__main__][INFO] - Running training with seed 153
[2025-12-18 10:19:20,201][__main__][INFO] - Running training with seed 154
[2025-12-18 10:19:21,604][__main__][INFO] - Running training with seed 155
[2025-12-18 10:19:23,006][__main__][INFO] - Running training with seed 156
[2025-12-18 10:19:24,413][__main__][INFO] - Running training with seed 157
[2025-12-18 10:19:25,897][__main__][INFO] - Running training with seed 158
[2025-12-18 10:19:27,675][__main__][INFO] - Running training with seed 159
[2025-12-18 10:19:29,180][__main__][INFO] - Running training with seed 160
[2025-12-18 10:19:30,685][__main__][INFO] - Running training with seed 161
[2025-12-18 10:19:32,194][__main__][INFO] - Running training with seed 162
[2025-12-18 10:19:33,699][__main__][INFO] - Running training with seed 163
[2025-12-18 10:19:35,218][__main__][INFO] - Running training with seed 164
[2025-12-18 10:19:36,718][__main__][INFO] - Running training with seed 165
[2025-12-18 10:19:38,226][__main__][INFO] - Running training with seed 166
[2025-12-18 10:19:39,733][__main__][INFO] - Running training with seed 167
[2025-12-18 10:19:41,244][__main__][INFO] - Running training with seed 168
[2025-12-18 10:19:42,751][__main__][INFO] - Running training with seed 169
[2025-12-18 10:19:44,256][__main__][INFO] - Running training with seed 170
[2025-12-18 10:19:45,760][__main__][INFO] - Running training with seed 171
[2025-12-18 10:19:47,275][__main__][INFO] - Running training with seed 172
[2025-12-18 10:19:48,783][__main__][INFO] - Running training with seed 173
[2025-12-18 10:19:50,289][__main__][INFO] - Running training with seed 174
[2025-12-18 10:19:51,794][__main__][INFO] - Running training with seed 175
[2025-12-18 10:19:53,303][__main__][INFO] - Running training with seed 176
[2025-12-18 10:19:54,804][__main__][INFO] - Running training with seed 177
[2025-12-18 10:19:56,314][__main__][INFO] - Running training with seed 178
[2025-12-18 10:19:57,823][__main__][INFO] - Running training with seed 179
[2025-12-18 10:19:59,334][__main__][INFO] - Running training with seed 180
[2025-12-18 10:20:00,844][__main__][INFO] - Running training with seed 181
[2025-12-18 10:20:02,356][__main__][INFO] - Running training with seed 182
[2025-12-18 10:20:03,859][__main__][INFO] - Running training with seed 183
[2025-12-18 10:20:05,547][__main__][INFO] - Running training with seed 184
[2025-12-18 10:20:07,054][__main__][INFO] - Running training with seed 185
[2025-12-18 10:20:08,563][__main__][INFO] - Running training with seed 186
[2025-12-18 10:20:10,067][__main__][INFO] - Running training with seed 187
[2025-12-18 10:20:11,574][__main__][INFO] - Running training with seed 188
[2025-12-18 10:20:13,073][__main__][INFO] - Running training with seed 189
[2025-12-18 10:20:14,587][__main__][INFO] - Running training with seed 190
[2025-12-18 10:20:16,088][__main__][INFO] - Running training with seed 191
[2025-12-18 10:20:17,594][__main__][INFO] - Running training with seed 192
[2025-12-18 10:20:19,097][__main__][INFO] - Running training with seed 193
[2025-12-18 10:20:20,597][__main__][INFO] - Running training with seed 194
[2025-12-18 10:20:22,093][__main__][INFO] - Running training with seed 195
[2025-12-18 10:20:23,621][__main__][INFO] - Running training with seed 196
[2025-12-18 10:20:25,118][__main__][INFO] - Running training with seed 197
[2025-12-18 10:20:26,626][__main__][INFO] - Running training with seed 198
[2025-12-18 10:20:28,129][__main__][INFO] - Running training with seed 199
[2025-12-18 10:20:29,637][__main__][INFO] - Running training with seed 200
[2025-12-18 10:20:31,139][__main__][INFO] - Running training with seed 201
[2025-12-18 10:20:32,644][__main__][INFO] - Running training with seed 202
[2025-12-18 10:20:34,152][__main__][INFO] - Running training with seed 203
[2025-12-18 10:20:35,657][__main__][INFO] - Running training with seed 204
[2025-12-18 10:20:37,163][__main__][INFO] - Running training with seed 205
[2025-12-18 10:20:38,671][__main__][INFO] - Running training with seed 206
[2025-12-18 10:20:40,169][__main__][INFO] - Running training with seed 207
[2025-12-18 10:20:41,870][__main__][INFO] - Running training with seed 208
[2025-12-18 10:20:43,378][__main__][INFO] - Running training with seed 209
[2025-12-18 10:20:44,880][__main__][INFO] - Running training with seed 210
[2025-12-18 10:20:46,387][__main__][INFO] - Running training with seed 211
[2025-12-18 10:20:47,887][__main__][INFO] - Running training with seed 212
[2025-12-18 10:20:49,397][__main__][INFO] - Running training with seed 213
[2025-12-18 10:20:50,906][__main__][INFO] - Running training with seed 214
[2025-12-18 10:20:52,413][__main__][INFO] - Running training with seed 215
[2025-12-18 10:20:53,921][__main__][INFO] - Running training with seed 216
[2025-12-18 10:20:55,431][__main__][INFO] - Running training with seed 217
[2025-12-18 10:20:56,930][__main__][INFO] - Running training with seed 218
[2025-12-18 10:20:58,433][__main__][INFO] - Running training with seed 219
[2025-12-18 10:20:59,938][__main__][INFO] - Running training with seed 220
[2025-12-18 10:21:01,447][__main__][INFO] - Running training with seed 221
[2025-12-18 10:21:02,951][__main__][INFO] - Running training with seed 222
[2025-12-18 10:21:04,453][__main__][INFO] - Running training with seed 223
[2025-12-18 10:21:05,963][__main__][INFO] - Running training with seed 224
[2025-12-18 10:21:07,473][__main__][INFO] - Running training with seed 225
[2025-12-18 10:21:08,988][__main__][INFO] - Running training with seed 226
[2025-12-18 10:21:10,496][__main__][INFO] - Running training with seed 227
[2025-12-18 10:21:12,000][__main__][INFO] - Running training with seed 228
[2025-12-18 10:21:13,502][__main__][INFO] - Running training with seed 229
[2025-12-18 10:21:15,175][__main__][INFO] - Running training with seed 230
[2025-12-18 10:21:16,679][__main__][INFO] - Running training with seed 231
[2025-12-18 10:21:18,189][__main__][INFO] - Running training with seed 232
[2025-12-18 10:21:19,687][__main__][INFO] - Running training with seed 233
[2025-12-18 10:21:21,199][__main__][INFO] - Running training with seed 234
[2025-12-18 10:21:22,701][__main__][INFO] - Running training with seed 235
[2025-12-18 10:21:24,208][__main__][INFO] - Running training with seed 236
[2025-12-18 10:21:25,712][__main__][INFO] - Running training with seed 237
[2025-12-18 10:21:27,223][__main__][INFO] - Running training with seed 238
[2025-12-18 10:21:28,730][__main__][INFO] - Running training with seed 239
[2025-12-18 10:21:30,241][__main__][INFO] - Running training with seed 240
[2025-12-18 10:21:31,746][__main__][INFO] - Running training with seed 241
[2025-12-18 10:21:33,255][__main__][INFO] - Running training with seed 242
[2025-12-18 10:21:34,760][__main__][INFO] - Running training with seed 243
[2025-12-18 10:21:36,269][__main__][INFO] - Running training with seed 244
[2025-12-18 10:21:37,778][__main__][INFO] - Running training with seed 245
[2025-12-18 10:21:39,285][__main__][INFO] - Running training with seed 246
[2025-12-18 10:21:40,787][__main__][INFO] - Running training with seed 247
[2025-12-18 10:21:42,292][__main__][INFO] - Running training with seed 248
[2025-12-18 10:21:43,796][__main__][INFO] - Running training with seed 249
[2025-12-18 10:21:45,303][__main__][INFO] - Running training with seed 250
[2025-12-18 10:21:46,816][__main__][INFO] - Running training with seed 251
[2025-12-18 10:21:48,498][__main__][INFO] - Running training with seed 252
[2025-12-18 10:21:50,005][__main__][INFO] - Running training with seed 253
[2025-12-18 10:21:51,504][__main__][INFO] - Running training with seed 254
[2025-12-18 10:21:53,010][__main__][INFO] - Running training with seed 255
[2025-12-18 10:21:54,516][__main__][INFO] - Running training with seed 256
[2025-12-18 10:21:55,923][__main__][INFO] - Running training with seed 257
[2025-12-18 10:21:57,414][__main__][INFO] - Running training with seed 258
[2025-12-18 10:21:58,927][__main__][INFO] - Running training with seed 259
[2025-12-18 10:22:00,430][__main__][INFO] - Running training with seed 260
[2025-12-18 10:22:01,937][__main__][INFO] - Running training with seed 261
[2025-12-18 10:22:03,446][__main__][INFO] - Running training with seed 262
[2025-12-18 10:22:04,954][__main__][INFO] - Running training with seed 263
[2025-12-18 10:22:06,460][__main__][INFO] - Running training with seed 264
[2025-12-18 10:22:07,962][__main__][INFO] - Running training with seed 265
[2025-12-18 10:22:09,466][__main__][INFO] - Running training with seed 266
[2025-12-18 10:22:10,968][__main__][INFO] - Running training with seed 267
[2025-12-18 10:22:12,476][__main__][INFO] - Running training with seed 268
[2025-12-18 10:22:13,981][__main__][INFO] - Running training with seed 269
[2025-12-18 10:22:15,492][__main__][INFO] - Running training with seed 270
[2025-12-18 10:22:17,000][__main__][INFO] - Running training with seed 271
[2025-12-18 10:22:18,501][__main__][INFO] - Running training with seed 272
[2025-12-18 10:22:20,010][__main__][INFO] - Running training with seed 273
[2025-12-18 10:22:21,518][__main__][INFO] - Running training with seed 274
[2025-12-18 10:22:23,026][__main__][INFO] - Running training with seed 275
[2025-12-18 10:22:24,536][__main__][INFO] - Running training with seed 276
[2025-12-18 10:22:26,210][__main__][INFO] - Running training with seed 277
[2025-12-18 10:22:27,719][__main__][INFO] - Running training with seed 278
[2025-12-18 10:22:29,227][__main__][INFO] - Running training with seed 279
[2025-12-18 10:22:30,734][__main__][INFO] - Running training with seed 280
[2025-12-18 10:22:32,243][__main__][INFO] - Running training with seed 281
[2025-12-18 10:22:33,749][__main__][INFO] - Running training with seed 282
[2025-12-18 10:22:35,260][__main__][INFO] - Running training with seed 283
[2025-12-18 10:22:36,756][__main__][INFO] - Running training with seed 284
[2025-12-18 10:22:38,274][__main__][INFO] - Running training with seed 285
[2025-12-18 10:22:39,778][__main__][INFO] - Running training with seed 286
[2025-12-18 10:22:41,286][__main__][INFO] - Running training with seed 287
[2025-12-18 10:22:42,790][__main__][INFO] - Running training with seed 288
[2025-12-18 10:22:44,304][__main__][INFO] - Running training with seed 289
[2025-12-18 10:22:45,807][__main__][INFO] - Running training with seed 290
[2025-12-18 10:22:47,308][__main__][INFO] - Running training with seed 291
[2025-12-18 10:22:48,812][__main__][INFO] - Running training with seed 292
[2025-12-18 10:22:50,318][__main__][INFO] - Running training with seed 293
[2025-12-18 10:22:51,823][__main__][INFO] - Running training with seed 294
[2025-12-18 10:22:53,328][__main__][INFO] - Running training with seed 295
[2025-12-18 10:22:54,832][__main__][INFO] - Running training with seed 296
[2025-12-18 10:22:56,339][__main__][INFO] - Running training with seed 297
[2025-12-18 10:22:57,851][__main__][INFO] - Running training with seed 298
[2025-12-18 10:22:59,360][__main__][INFO] - Running training with seed 299
[2025-12-18 10:23:00,867][__main__][INFO] - Running training with seed 300
[2025-12-18 10:23:02,548][__main__][INFO] - Running training with seed 301
[2025-12-18 10:23:04,058][__main__][INFO] - Running training with seed 302
[2025-12-18 10:23:05,563][__main__][INFO] - Running training with seed 303
[2025-12-18 10:23:07,074][__main__][INFO] - Running training with seed 304
[2025-12-18 10:23:08,579][__main__][INFO] - Running training with seed 305
[2025-12-18 10:23:10,085][__main__][INFO] - Running training with seed 306
[2025-12-18 10:23:11,585][__main__][INFO] - Running training with seed 307
[2025-12-18 10:23:13,087][__main__][INFO] - Running training with seed 308
[2025-12-18 10:23:14,593][__main__][INFO] - Running training with seed 309
[2025-12-18 10:23:16,096][__main__][INFO] - Running training with seed 310
[2025-12-18 10:23:17,602][__main__][INFO] - Running training with seed 311
[2025-12-18 10:23:19,105][__main__][INFO] - Running training with seed 312
[2025-12-18 10:23:20,595][__main__][INFO] - Running training with seed 313
[2025-12-18 10:23:22,094][__main__][INFO] - Running training with seed 314
[2025-12-18 10:23:23,599][__main__][INFO] - Running training with seed 315
[2025-12-18 10:23:25,104][__main__][INFO] - Running training with seed 316
[2025-12-18 10:23:26,607][__main__][INFO] - Running training with seed 317
[2025-12-18 10:23:28,113][__main__][INFO] - Running training with seed 318
[2025-12-18 10:23:29,618][__main__][INFO] - Running training with seed 319
[2025-12-18 10:23:31,121][__main__][INFO] - Running training with seed 320
[2025-12-18 10:23:32,624][__main__][INFO] - Running training with seed 321
[2025-12-18 10:23:34,136][__main__][INFO] - Running training with seed 322
[2025-12-18 10:23:35,637][__main__][INFO] - Running training with seed 323
[2025-12-18 10:23:37,311][__main__][INFO] - Running training with seed 324
[2025-12-18 10:23:38,813][__main__][INFO] - Running training with seed 325
[2025-12-18 10:23:40,318][__main__][INFO] - Running training with seed 326
[2025-12-18 10:23:41,823][__main__][INFO] - Running training with seed 327
[2025-12-18 10:23:43,328][__main__][INFO] - Running training with seed 328
[2025-12-18 10:23:44,836][__main__][INFO] - Running training with seed 329
[2025-12-18 10:23:46,360][__main__][INFO] - Running training with seed 330
[2025-12-18 10:23:47,859][__main__][INFO] - Running training with seed 331
[2025-12-18 10:23:49,363][__main__][INFO] - Running training with seed 332
[2025-12-18 10:23:50,871][__main__][INFO] - Running training with seed 333
[2025-12-18 10:23:52,377][__main__][INFO] - Running training with seed 334
[2025-12-18 10:23:53,883][__main__][INFO] - Running training with seed 335
[2025-12-18 10:23:55,387][__main__][INFO] - Running training with seed 336
[2025-12-18 10:23:56,886][__main__][INFO] - Running training with seed 337
[2025-12-18 10:23:58,391][__main__][INFO] - Running training with seed 338
[2025-12-18 10:23:59,892][__main__][INFO] - Running training with seed 339
[2025-12-18 10:24:01,315][__main__][INFO] - Running training with seed 340
[2025-12-18 10:24:02,718][__main__][INFO] - Running training with seed 341
[2025-12-18 10:24:04,120][__main__][INFO] - Running training with seed 342
[2025-12-18 10:24:05,520][__main__][INFO] - Running training with seed 343
[2025-12-18 10:24:06,921][__main__][INFO] - Running training with seed 344
[2025-12-18 10:24:08,328][__main__][INFO] - Running training with seed 345
[2025-12-18 10:24:09,905][__main__][INFO] - Running training with seed 346
[2025-12-18 10:24:11,308][__main__][INFO] - Running training with seed 347
[2025-12-18 10:24:12,710][__main__][INFO] - Running training with seed 348
[2025-12-18 10:24:14,112][__main__][INFO] - Running training with seed 349
[2025-12-18 10:24:15,514][__main__][INFO] - Running training with seed 350
[2025-12-18 10:24:16,916][__main__][INFO] - Running training with seed 351
[2025-12-18 10:24:18,318][__main__][INFO] - Running training with seed 352
[2025-12-18 10:24:19,722][__main__][INFO] - Running training with seed 353
[2025-12-18 10:24:21,124][__main__][INFO] - Running training with seed 354
[2025-12-18 10:24:22,526][__main__][INFO] - Running training with seed 355
[2025-12-18 10:24:23,928][__main__][INFO] - Running training with seed 356
[2025-12-18 10:24:25,330][__main__][INFO] - Running training with seed 357
[2025-12-18 10:24:26,730][__main__][INFO] - Running training with seed 358
[2025-12-18 10:24:28,138][__main__][INFO] - Running training with seed 359
[2025-12-18 10:24:29,540][__main__][INFO] - Running training with seed 360
[2025-12-18 10:24:30,944][__main__][INFO] - Running training with seed 361
[2025-12-18 10:24:32,343][__main__][INFO] - Running training with seed 362
[2025-12-18 10:24:33,745][__main__][INFO] - Running training with seed 363
[2025-12-18 10:24:35,149][__main__][INFO] - Running training with seed 364
[2025-12-18 10:24:36,552][__main__][INFO] - Running training with seed 365
[2025-12-18 10:24:37,955][__main__][INFO] - Running training with seed 366
[2025-12-18 10:24:39,357][__main__][INFO] - Running training with seed 367
[2025-12-18 10:24:40,760][__main__][INFO] - Running training with seed 368
[2025-12-18 10:24:42,160][__main__][INFO] - Running training with seed 369
[2025-12-18 10:24:43,562][__main__][INFO] - Running training with seed 370
[2025-12-18 10:24:45,111][__main__][INFO] - Running training with seed 371
[2025-12-18 10:24:46,516][__main__][INFO] - Running training with seed 372
[2025-12-18 10:24:47,912][__main__][INFO] - Running training with seed 373
[2025-12-18 10:24:49,315][__main__][INFO] - Running training with seed 374
[2025-12-18 10:24:50,717][__main__][INFO] - Running training with seed 375
[2025-12-18 10:24:52,119][__main__][INFO] - Running training with seed 376
[2025-12-18 10:24:53,522][__main__][INFO] - Running training with seed 377
[2025-12-18 10:24:54,936][__main__][INFO] - Running training with seed 378
[2025-12-18 10:24:56,341][__main__][INFO] - Running training with seed 379
[2025-12-18 10:24:57,744][__main__][INFO] - Running training with seed 380
[2025-12-18 10:24:59,143][__main__][INFO] - Running training with seed 381
[2025-12-18 10:25:00,547][__main__][INFO] - Running training with seed 382
[2025-12-18 10:25:01,950][__main__][INFO] - Running training with seed 383
[2025-12-18 10:25:03,353][__main__][INFO] - Running training with seed 384
[2025-12-18 10:25:04,756][__main__][INFO] - Running training with seed 385
[2025-12-18 10:25:06,161][__main__][INFO] - Running training with seed 386
[2025-12-18 10:25:07,566][__main__][INFO] - Running training with seed 387
[2025-12-18 10:25:08,968][__main__][INFO] - Running training with seed 388
[2025-12-18 10:25:10,371][__main__][INFO] - Running training with seed 389
[2025-12-18 10:25:11,774][__main__][INFO] - Running training with seed 390
[2025-12-18 10:25:13,176][__main__][INFO] - Running training with seed 391
[2025-12-18 10:25:14,578][__main__][INFO] - Running training with seed 392
[2025-12-18 10:25:15,980][__main__][INFO] - Running training with seed 393
[2025-12-18 10:25:17,374][__main__][INFO] - Running training with seed 394
[2025-12-18 10:25:18,940][__main__][INFO] - Running training with seed 395
[2025-12-18 10:25:20,345][__main__][INFO] - Running training with seed 396
[2025-12-18 10:25:21,747][__main__][INFO] - Running training with seed 397
[2025-12-18 10:25:23,150][__main__][INFO] - Running training with seed 398
[2025-12-18 10:25:24,551][__main__][INFO] - Running training with seed 399
[2025-12-18 10:25:25,949][__main__][INFO] - Running training with seed 400
[2025-12-18 10:25:27,353][__main__][INFO] - Running training with seed 401
[2025-12-18 10:25:28,757][__main__][INFO] - Running training with seed 402
[2025-12-18 10:25:30,160][__main__][INFO] - Running training with seed 403
[2025-12-18 10:25:31,563][__main__][INFO] - Running training with seed 404
[2025-12-18 10:25:32,967][__main__][INFO] - Running training with seed 405
[2025-12-18 10:25:34,371][__main__][INFO] - Running training with seed 406
[2025-12-18 10:25:35,772][__main__][INFO] - Running training with seed 407
[2025-12-18 10:25:37,177][__main__][INFO] - Running training with seed 408
[2025-12-18 10:25:38,582][__main__][INFO] - Running training with seed 409
[2025-12-18 10:25:39,987][__main__][INFO] - Running training with seed 410
[2025-12-18 10:25:41,388][__main__][INFO] - Running training with seed 411
[2025-12-18 10:25:42,791][__main__][INFO] - Running training with seed 412
[2025-12-18 10:25:44,187][__main__][INFO] - Running training with seed 413
[2025-12-18 10:25:45,592][__main__][INFO] - Running training with seed 414
[2025-12-18 10:25:46,995][__main__][INFO] - Running training with seed 415
[2025-12-18 10:25:48,399][__main__][INFO] - Running training with seed 416
[2025-12-18 10:25:49,977][__main__][INFO] - Running training with seed 417
[2025-12-18 10:25:51,381][__main__][INFO] - Running training with seed 418
[2025-12-18 10:25:52,778][__main__][INFO] - Running training with seed 419
[2025-12-18 10:25:54,182][__main__][INFO] - Running training with seed 420
[2025-12-18 10:25:55,588][__main__][INFO] - Running training with seed 421
[2025-12-18 10:25:56,994][__main__][INFO] - Running training with seed 422
[2025-12-18 10:25:58,396][__main__][INFO] - Running training with seed 423
[2025-12-18 10:25:59,800][__main__][INFO] - Running training with seed 424
[2025-12-18 10:26:01,205][__main__][INFO] - Running training with seed 425
[2025-12-18 10:26:02,605][__main__][INFO] - Running training with seed 426
[2025-12-18 10:26:04,007][__main__][INFO] - Running training with seed 427
[2025-12-18 10:26:05,422][__main__][INFO] - Running training with seed 428
[2025-12-18 10:26:06,825][__main__][INFO] - Running training with seed 429
[2025-12-18 10:26:08,228][__main__][INFO] - Running training with seed 430
[2025-12-18 10:26:09,632][__main__][INFO] - Running training with seed 431
[2025-12-18 10:26:11,026][__main__][INFO] - Running training with seed 432
[2025-12-18 10:26:12,427][__main__][INFO] - Running training with seed 433
[2025-12-18 10:26:13,829][__main__][INFO] - Running training with seed 434
[2025-12-18 10:26:15,231][__main__][INFO] - Running training with seed 435
[2025-12-18 10:26:16,634][__main__][INFO] - Running training with seed 436
[2025-12-18 10:26:18,035][__main__][INFO] - Running training with seed 437
[2025-12-18 10:26:19,434][__main__][INFO] - Running training with seed 438
[2025-12-18 10:26:20,993][__main__][INFO] - Running training with seed 439
[2025-12-18 10:26:22,396][__main__][INFO] - Running training with seed 440
[2025-12-18 10:26:23,800][__main__][INFO] - Running training with seed 441
[2025-12-18 10:26:25,201][__main__][INFO] - Running training with seed 442
[2025-12-18 10:26:26,603][__main__][INFO] - Running training with seed 443
[2025-12-18 10:26:28,006][__main__][INFO] - Running training with seed 444
[2025-12-18 10:26:29,417][__main__][INFO] - Running training with seed 445
[2025-12-18 10:26:30,822][__main__][INFO] - Running training with seed 446
[2025-12-18 10:26:32,226][__main__][INFO] - Running training with seed 447
[2025-12-18 10:26:33,627][__main__][INFO] - Running training with seed 448
[2025-12-18 10:26:35,029][__main__][INFO] - Running training with seed 449
[2025-12-18 10:26:36,431][__main__][INFO] - Running training with seed 450
[2025-12-18 10:26:37,826][__main__][INFO] - Running training with seed 451
[2025-12-18 10:26:39,229][__main__][INFO] - Running training with seed 452
[2025-12-18 10:26:40,631][__main__][INFO] - Running training with seed 453
[2025-12-18 10:26:42,035][__main__][INFO] - Running training with seed 454
[2025-12-18 10:26:43,436][__main__][INFO] - Running training with seed 455
[2025-12-18 10:26:44,841][__main__][INFO] - Running training with seed 456
[2025-12-18 10:26:46,244][__main__][INFO] - Running training with seed 457
[2025-12-18 10:26:47,645][__main__][INFO] - Running training with seed 458
[2025-12-18 10:26:49,050][__main__][INFO] - Running training with seed 459
[2025-12-18 10:26:50,453][__main__][INFO] - Running training with seed 460
[2025-12-18 10:26:51,855][__main__][INFO] - Running training with seed 461
[2025-12-18 10:26:53,260][__main__][INFO] - Running training with seed 462
[2025-12-18 10:26:54,660][__main__][INFO] - Running training with seed 463
[2025-12-18 10:26:56,237][__main__][INFO] - Running training with seed 464
[2025-12-18 10:26:57,640][__main__][INFO] - Running training with seed 465
[2025-12-18 10:26:59,042][__main__][INFO] - Running training with seed 466
[2025-12-18 10:27:00,445][__main__][INFO] - Running training with seed 467
[2025-12-18 10:27:01,849][__main__][INFO] - Running training with seed 468
[2025-12-18 10:27:03,250][__main__][INFO] - Running training with seed 469
[2025-12-18 10:27:04,642][__main__][INFO] - Running training with seed 470
[2025-12-18 10:27:06,053][__main__][INFO] - Running training with seed 471
[2025-12-18 10:27:07,459][__main__][INFO] - Running training with seed 472
[2025-12-18 10:27:08,863][__main__][INFO] - Running training with seed 473
[2025-12-18 10:27:10,269][__main__][INFO] - Running training with seed 474
[2025-12-18 10:27:11,670][__main__][INFO] - Running training with seed 475
[2025-12-18 10:27:13,071][__main__][INFO] - Running training with seed 476
[2025-12-18 10:27:14,474][__main__][INFO] - Running training with seed 477
[2025-12-18 10:27:15,888][__main__][INFO] - Running training with seed 478
[2025-12-18 10:27:17,290][__main__][INFO] - Running training with seed 479
[2025-12-18 10:27:18,692][__main__][INFO] - Running training with seed 480
[2025-12-18 10:27:20,096][__main__][INFO] - Running training with seed 481
[2025-12-18 10:27:21,496][__main__][INFO] - Running training with seed 482
[2025-12-18 10:27:22,905][__main__][INFO] - Running training with seed 483
[2025-12-18 10:27:24,307][__main__][INFO] - Running training with seed 484
[2025-12-18 10:27:25,711][__main__][INFO] - Running training with seed 485
[2025-12-18 10:27:27,115][__main__][INFO] - Running training with seed 486
[2025-12-18 10:27:28,519][__main__][INFO] - Running training with seed 487
[2025-12-18 10:27:30,079][__main__][INFO] - Running training with seed 488
[2025-12-18 10:27:31,476][__main__][INFO] - Running training with seed 489
[2025-12-18 10:27:32,877][__main__][INFO] - Running training with seed 490
[2025-12-18 10:27:34,278][__main__][INFO] - Running training with seed 491
[2025-12-18 10:27:35,679][__main__][INFO] - Running training with seed 492
[2025-12-18 10:27:37,081][__main__][INFO] - Running training with seed 493
[2025-12-18 10:27:38,483][__main__][INFO] - Running training with seed 494
[2025-12-18 10:27:39,891][__main__][INFO] - Running training with seed 495
[2025-12-18 10:27:41,298][__main__][INFO] - Running training with seed 496
[2025-12-18 10:27:42,699][__main__][INFO] - Running training with seed 497
[2025-12-18 10:27:44,101][__main__][INFO] - Running training with seed 498
[2025-12-18 10:27:45,505][__main__][INFO] - Running training with seed 499
[2025-12-18 10:27:46,907][__main__][INFO] - Running training with seed 500
[2025-12-18 10:27:48,310][__main__][INFO] - Running training with seed 501
[2025-12-18 10:27:49,712][__main__][INFO] - Running training with seed 502
[2025-12-18 10:27:51,115][__main__][INFO] - Running training with seed 503
[2025-12-18 10:27:52,518][__main__][INFO] - Running training with seed 504
[2025-12-18 10:27:53,920][__main__][INFO] - Running training with seed 505
[2025-12-18 10:27:55,325][__main__][INFO] - Running training with seed 506
[2025-12-18 10:27:56,730][__main__][INFO] - Running training with seed 507
[2025-12-18 10:27:58,128][__main__][INFO] - Running training with seed 508
[2025-12-18 10:27:59,532][__main__][INFO] - Running training with seed 509
[2025-12-18 10:28:00,938][__main__][INFO] - Running training with seed 510
[2025-12-18 10:28:02,515][__main__][INFO] - Running training with seed 511
[2025-12-18 10:28:03,919][__main__][INFO] - Running training with seed 512
[2025-12-18 10:28:05,319][__main__][INFO] - Running training with seed 513
[2025-12-18 10:28:06,719][__main__][INFO] - Running training with seed 514
[2025-12-18 10:28:08,121][__main__][INFO] - Running training with seed 515
[2025-12-18 10:28:09,524][__main__][INFO] - Running training with seed 516
[2025-12-18 10:28:10,925][__main__][INFO] - Running training with seed 517
[2025-12-18 10:28:12,330][__main__][INFO] - Running training with seed 518
[2025-12-18 10:28:13,731][__main__][INFO] - Running training with seed 519
[2025-12-18 10:28:15,133][__main__][INFO] - Running training with seed 520
[2025-12-18 10:28:16,541][__main__][INFO] - Running training with seed 521
[2025-12-18 10:28:17,943][__main__][INFO] - Running training with seed 522
[2025-12-18 10:28:19,343][__main__][INFO] - Running training with seed 523
[2025-12-18 10:28:20,747][__main__][INFO] - Running training with seed 524
[2025-12-18 10:28:22,150][__main__][INFO] - Running training with seed 525
[2025-12-18 10:28:23,553][__main__][INFO] - Running training with seed 526
[2025-12-18 10:28:24,949][__main__][INFO] - Running training with seed 527
[2025-12-18 10:28:26,365][__main__][INFO] - Running training with seed 528
[2025-12-18 10:28:27,767][__main__][INFO] - Running training with seed 529
[2025-12-18 10:28:29,169][__main__][INFO] - Running training with seed 530
[2025-12-18 10:28:30,570][__main__][INFO] - Running training with seed 531
[2025-12-18 10:28:31,973][__main__][INFO] - Running training with seed 532
[2025-12-18 10:28:33,537][__main__][INFO] - Running training with seed 533
[2025-12-18 10:28:34,941][__main__][INFO] - Running training with seed 534
[2025-12-18 10:28:36,345][__main__][INFO] - Running training with seed 535
[2025-12-18 10:28:37,747][__main__][INFO] - Running training with seed 536
[2025-12-18 10:28:39,149][__main__][INFO] - Running training with seed 537
[2025-12-18 10:28:40,551][__main__][INFO] - Running training with seed 538
[2025-12-18 10:28:41,954][__main__][INFO] - Running training with seed 539
[2025-12-18 10:28:43,358][__main__][INFO] - Running training with seed 540
[2025-12-18 10:28:44,758][__main__][INFO] - Running training with seed 541
[2025-12-18 10:28:46,159][__main__][INFO] - Running training with seed 542
[2025-12-18 10:28:47,562][__main__][INFO] - Running training with seed 543
[2025-12-18 10:28:48,965][__main__][INFO] - Running training with seed 544
[2025-12-18 10:28:50,376][__main__][INFO] - Running training with seed 545
[2025-12-18 10:28:51,776][__main__][INFO] - Running training with seed 546
[2025-12-18 10:28:53,178][__main__][INFO] - Running training with seed 547
[2025-12-18 10:28:54,578][__main__][INFO] - Running training with seed 548
[2025-12-18 10:28:55,981][__main__][INFO] - Running training with seed 549
[2025-12-18 10:28:57,383][__main__][INFO] - Running training with seed 550
[2025-12-18 10:28:58,784][__main__][INFO] - Running training with seed 551
[2025-12-18 10:29:00,187][__main__][INFO] - Running training with seed 552
[2025-12-18 10:29:01,590][__main__][INFO] - Running training with seed 553
[2025-12-18 10:29:02,993][__main__][INFO] - Running training with seed 554
[2025-12-18 10:29:04,395][__main__][INFO] - Running training with seed 555
[2025-12-18 10:29:05,797][__main__][INFO] - Running training with seed 556
[2025-12-18 10:29:07,200][__main__][INFO] - Running training with seed 557
[2025-12-18 10:29:08,773][__main__][INFO] - Running training with seed 558
[2025-12-18 10:29:10,177][__main__][INFO] - Running training with seed 559
[2025-12-18 10:29:11,578][__main__][INFO] - Running training with seed 560
[2025-12-18 10:29:12,982][__main__][INFO] - Running training with seed 561
[2025-12-18 10:29:14,384][__main__][INFO] - Running training with seed 562
[2025-12-18 10:29:15,790][__main__][INFO] - Running training with seed 563
[2025-12-18 10:29:17,194][__main__][INFO] - Running training with seed 564
[2025-12-18 10:29:18,591][__main__][INFO] - Running training with seed 565
[2025-12-18 10:29:19,996][__main__][INFO] - Running training with seed 566
[2025-12-18 10:29:21,400][__main__][INFO] - Running training with seed 567
[2025-12-18 10:29:22,802][__main__][INFO] - Running training with seed 568
[2025-12-18 10:29:24,204][__main__][INFO] - Running training with seed 569
[2025-12-18 10:29:25,608][__main__][INFO] - Running training with seed 570
[2025-12-18 10:29:27,013][__main__][INFO] - Running training with seed 571
[2025-12-18 10:29:28,417][__main__][INFO] - Running training with seed 572
[2025-12-18 10:29:29,820][__main__][INFO] - Running training with seed 573
[2025-12-18 10:29:31,222][__main__][INFO] - Running training with seed 574
[2025-12-18 10:29:32,625][__main__][INFO] - Running training with seed 575
[2025-12-18 10:29:34,029][__main__][INFO] - Running training with seed 576
[2025-12-18 10:29:35,432][__main__][INFO] - Running training with seed 577
[2025-12-18 10:29:36,850][__main__][INFO] - Running training with seed 578
[2025-12-18 10:29:38,254][__main__][INFO] - Running training with seed 579
[2025-12-18 10:29:39,657][__main__][INFO] - Running training with seed 580
[2025-12-18 10:29:41,060][__main__][INFO] - Running training with seed 581
[2025-12-18 10:29:42,626][__main__][INFO] - Running training with seed 582
[2025-12-18 10:29:44,028][__main__][INFO] - Running training with seed 583
[2025-12-18 10:29:45,426][__main__][INFO] - Running training with seed 584
[2025-12-18 10:29:46,830][__main__][INFO] - Running training with seed 585
[2025-12-18 10:29:48,233][__main__][INFO] - Running training with seed 586
[2025-12-18 10:29:49,637][__main__][INFO] - Running training with seed 587
[2025-12-18 10:29:51,038][__main__][INFO] - Running training with seed 588
[2025-12-18 10:29:52,440][__main__][INFO] - Running training with seed 589
[2025-12-18 10:29:53,842][__main__][INFO] - Running training with seed 590
[2025-12-18 10:29:55,245][__main__][INFO] - Running training with seed 591
[2025-12-18 10:29:56,649][__main__][INFO] - Running training with seed 592
[2025-12-18 10:29:58,052][__main__][INFO] - Running training with seed 593
[2025-12-18 10:29:59,457][__main__][INFO] - Running training with seed 594
[2025-12-18 10:30:00,869][__main__][INFO] - Running training with seed 595
[2025-12-18 10:30:02,275][__main__][INFO] - Running training with seed 596
[2025-12-18 10:30:03,675][__main__][INFO] - Running training with seed 597
[2025-12-18 10:30:05,079][__main__][INFO] - Running training with seed 598
[2025-12-18 10:30:06,482][__main__][INFO] - Running training with seed 599
[2025-12-18 10:30:07,884][__main__][INFO] - Running training with seed 600
[2025-12-18 10:30:09,287][__main__][INFO] - Running training with seed 601
[2025-12-18 10:30:10,688][__main__][INFO] - Running training with seed 602
[2025-12-18 10:30:12,086][__main__][INFO] - Running training with seed 603
[2025-12-18 10:30:13,659][__main__][INFO] - Running training with seed 604
[2025-12-18 10:30:15,062][__main__][INFO] - Running training with seed 605
[2025-12-18 10:30:16,465][__main__][INFO] - Running training with seed 606
[2025-12-18 10:30:17,867][__main__][INFO] - Running training with seed 607
[2025-12-18 10:30:19,272][__main__][INFO] - Running training with seed 608
[2025-12-18 10:30:20,673][__main__][INFO] - Running training with seed 609
[2025-12-18 10:30:22,076][__main__][INFO] - Running training with seed 610
[2025-12-18 10:30:23,479][__main__][INFO] - Running training with seed 611
[2025-12-18 10:30:24,881][__main__][INFO] - Running training with seed 612
[2025-12-18 10:30:26,284][__main__][INFO] - Running training with seed 613
[2025-12-18 10:30:27,688][__main__][INFO] - Running training with seed 614
[2025-12-18 10:30:29,090][__main__][INFO] - Running training with seed 615
[2025-12-18 10:30:30,494][__main__][INFO] - Running training with seed 616
[2025-12-18 10:30:31,891][__main__][INFO] - Running training with seed 617
[2025-12-18 10:30:33,299][__main__][INFO] - Running training with seed 618
[2025-12-18 10:30:34,703][__main__][INFO] - Running training with seed 619
[2025-12-18 10:30:36,107][__main__][INFO] - Running training with seed 620
[2025-12-18 10:30:37,513][__main__][INFO] - Running training with seed 621
[2025-12-18 10:30:38,915][__main__][INFO] - Running training with seed 622
[2025-12-18 10:30:40,315][__main__][INFO] - Running training with seed 623
[2025-12-18 10:30:41,719][__main__][INFO] - Running training with seed 624
[2025-12-18 10:30:43,123][__main__][INFO] - Running training with seed 625
[2025-12-18 10:30:44,689][__main__][INFO] - Running training with seed 626
[2025-12-18 10:30:46,090][__main__][INFO] - Running training with seed 627
[2025-12-18 10:30:47,507][__main__][INFO] - Running training with seed 628
[2025-12-18 10:30:48,908][__main__][INFO] - Running training with seed 629
[2025-12-18 10:30:50,312][__main__][INFO] - Running training with seed 630
[2025-12-18 10:30:51,713][__main__][INFO] - Running training with seed 631
[2025-12-18 10:30:53,116][__main__][INFO] - Running training with seed 632
[2025-12-18 10:30:54,519][__main__][INFO] - Running training with seed 633
[2025-12-18 10:30:55,921][__main__][INFO] - Running training with seed 634
[2025-12-18 10:30:57,324][__main__][INFO] - Running training with seed 635
[2025-12-18 10:30:58,727][__main__][INFO] - Running training with seed 636
[2025-12-18 10:31:00,130][__main__][INFO] - Running training with seed 637
[2025-12-18 10:31:01,532][__main__][INFO] - Running training with seed 638
[2025-12-18 10:31:02,936][__main__][INFO] - Running training with seed 639
[2025-12-18 10:31:04,339][__main__][INFO] - Running training with seed 640
[2025-12-18 10:31:05,738][__main__][INFO] - Running training with seed 641
[2025-12-18 10:31:07,142][__main__][INFO] - Running training with seed 642
[2025-12-18 10:31:08,544][__main__][INFO] - Running training with seed 643
[2025-12-18 10:31:09,948][__main__][INFO] - Running training with seed 644
[2025-12-18 10:31:11,360][__main__][INFO] - Running training with seed 645
[2025-12-18 10:31:12,767][__main__][INFO] - Running training with seed 646
[2025-12-18 10:31:14,169][__main__][INFO] - Running training with seed 647
[2025-12-18 10:31:15,573][__main__][INFO] - Running training with seed 648
[2025-12-18 10:31:16,975][__main__][INFO] - Running training with seed 649
[2025-12-18 10:31:18,372][__main__][INFO] - Running training with seed 650
[2025-12-18 10:31:19,948][__main__][INFO] - Running training with seed 651
[2025-12-18 10:31:21,350][__main__][INFO] - Running training with seed 652
[2025-12-18 10:31:22,753][__main__][INFO] - Running training with seed 653
[2025-12-18 10:31:24,155][__main__][INFO] - Running training with seed 654
[2025-12-18 10:31:25,557][__main__][INFO] - Running training with seed 655
[2025-12-18 10:31:26,958][__main__][INFO] - Running training with seed 656
[2025-12-18 10:31:28,356][__main__][INFO] - Running training with seed 657
[2025-12-18 10:31:29,765][__main__][INFO] - Running training with seed 658
[2025-12-18 10:31:31,162][__main__][INFO] - Running training with seed 659
[2025-12-18 10:31:32,567][__main__][INFO] - Running training with seed 660
[2025-12-18 10:31:33,968][__main__][INFO] - Running training with seed 661
[2025-12-18 10:31:35,372][__main__][INFO] - Running training with seed 662
[2025-12-18 10:31:36,775][__main__][INFO] - Running training with seed 663
[2025-12-18 10:31:38,179][__main__][INFO] - Running training with seed 664
[2025-12-18 10:31:39,583][__main__][INFO] - Running training with seed 665
[2025-12-18 10:31:40,989][__main__][INFO] - Running training with seed 666
[2025-12-18 10:31:42,392][__main__][INFO] - Running training with seed 667
[2025-12-18 10:31:43,796][__main__][INFO] - Running training with seed 668
[2025-12-18 10:31:45,197][__main__][INFO] - Running training with seed 669
[2025-12-18 10:31:46,599][__main__][INFO] - Running training with seed 670
[2025-12-18 10:31:48,005][__main__][INFO] - Running training with seed 671
[2025-12-18 10:31:49,408][__main__][INFO] - Running training with seed 672
[2025-12-18 10:31:50,802][__main__][INFO] - Running training with seed 673
[2025-12-18 10:31:52,206][__main__][INFO] - Running training with seed 674
[2025-12-18 10:31:53,772][__main__][INFO] - Running training with seed 675
[2025-12-18 10:31:55,173][__main__][INFO] - Running training with seed 676
[2025-12-18 10:31:56,575][__main__][INFO] - Running training with seed 677
[2025-12-18 10:31:57,992][__main__][INFO] - Running training with seed 678
[2025-12-18 10:31:59,393][__main__][INFO] - Running training with seed 679
[2025-12-18 10:32:00,799][__main__][INFO] - Running training with seed 680
[2025-12-18 10:32:02,202][__main__][INFO] - Running training with seed 681
[2025-12-18 10:32:03,605][__main__][INFO] - Running training with seed 682
[2025-12-18 10:32:05,008][__main__][INFO] - Running training with seed 683
[2025-12-18 10:32:06,414][__main__][INFO] - Running training with seed 684
[2025-12-18 10:32:07,818][__main__][INFO] - Running training with seed 685
[2025-12-18 10:32:09,223][__main__][INFO] - Running training with seed 686
[2025-12-18 10:32:10,628][__main__][INFO] - Running training with seed 687
[2025-12-18 10:32:12,033][__main__][INFO] - Running training with seed 688
[2025-12-18 10:32:13,435][__main__][INFO] - Running training with seed 689
[2025-12-18 10:32:14,840][__main__][INFO] - Running training with seed 690
[2025-12-18 10:32:16,242][__main__][INFO] - Running training with seed 691
[2025-12-18 10:32:17,638][__main__][INFO] - Running training with seed 692
[2025-12-18 10:32:19,040][__main__][INFO] - Running training with seed 693
[2025-12-18 10:32:20,448][__main__][INFO] - Running training with seed 694
[2025-12-18 10:32:21,854][__main__][INFO] - Running training with seed 695
[2025-12-18 10:32:23,256][__main__][INFO] - Running training with seed 696
[2025-12-18 10:32:24,658][__main__][INFO] - Running training with seed 697
[2025-12-18 10:32:26,228][__main__][INFO] - Running training with seed 698
[2025-12-18 10:32:27,631][__main__][INFO] - Running training with seed 699
[2025-12-18 10:32:29,033][__main__][INFO] - Running training with seed 700
[2025-12-18 10:32:30,435][__main__][INFO] - Running training with seed 701
[2025-12-18 10:32:31,837][__main__][INFO] - Running training with seed 702
[2025-12-18 10:32:33,240][__main__][INFO] - Running training with seed 703
[2025-12-18 10:32:34,642][__main__][INFO] - Running training with seed 704
[2025-12-18 10:32:36,045][__main__][INFO] - Running training with seed 705
[2025-12-18 10:32:37,447][__main__][INFO] - Running training with seed 706
[2025-12-18 10:32:38,852][__main__][INFO] - Running training with seed 707
[2025-12-18 10:32:40,257][__main__][INFO] - Running training with seed 708
[2025-12-18 10:32:41,657][__main__][INFO] - Running training with seed 709
[2025-12-18 10:32:43,060][__main__][INFO] - Running training with seed 710
[2025-12-18 10:32:44,456][__main__][INFO] - Running training with seed 711
[2025-12-18 10:32:45,859][__main__][INFO] - Running training with seed 712
[2025-12-18 10:32:47,260][__main__][INFO] - Running training with seed 713
[2025-12-18 10:32:48,662][__main__][INFO] - Running training with seed 714
[2025-12-18 10:32:50,063][__main__][INFO] - Running training with seed 715
[2025-12-18 10:32:51,467][__main__][INFO] - Running training with seed 716
[2025-12-18 10:32:52,869][__main__][INFO] - Running training with seed 717
[2025-12-18 10:32:54,270][__main__][INFO] - Running training with seed 718
[2025-12-18 10:32:55,673][__main__][INFO] - Running training with seed 719
[2025-12-18 10:32:57,221][__main__][INFO] - Running training with seed 720
[2025-12-18 10:32:58,626][__main__][INFO] - Running training with seed 721
[2025-12-18 10:33:00,029][__main__][INFO] - Running training with seed 722
[2025-12-18 10:33:01,432][__main__][INFO] - Running training with seed 723
[2025-12-18 10:33:02,835][__main__][INFO] - Running training with seed 724
[2025-12-18 10:33:04,238][__main__][INFO] - Running training with seed 725
[2025-12-18 10:33:05,643][__main__][INFO] - Running training with seed 726
[2025-12-18 10:33:07,049][__main__][INFO] - Running training with seed 727
[2025-12-18 10:33:08,469][__main__][INFO] - Running training with seed 728
[2025-12-18 10:33:09,871][__main__][INFO] - Running training with seed 729
[2025-12-18 10:33:11,269][__main__][INFO] - Running training with seed 730
[2025-12-18 10:33:12,670][__main__][INFO] - Running training with seed 731
[2025-12-18 10:33:14,074][__main__][INFO] - Running training with seed 732
[2025-12-18 10:33:15,474][__main__][INFO] - Running training with seed 733
[2025-12-18 10:33:16,878][__main__][INFO] - Running training with seed 734
[2025-12-18 10:33:18,277][__main__][INFO] - Running training with seed 735
[2025-12-18 10:33:19,684][__main__][INFO] - Running training with seed 736
[2025-12-18 10:33:21,087][__main__][INFO] - Running training with seed 737
[2025-12-18 10:33:22,489][__main__][INFO] - Running training with seed 738
[2025-12-18 10:33:23,890][__main__][INFO] - Running training with seed 739
[2025-12-18 10:33:25,294][__main__][INFO] - Running training with seed 740
[2025-12-18 10:33:26,692][__main__][INFO] - Running training with seed 741
[2025-12-18 10:33:28,102][__main__][INFO] - Running training with seed 742
[2025-12-18 10:33:29,507][__main__][INFO] - Running training with seed 743
[2025-12-18 10:33:30,915][__main__][INFO] - Running training with seed 744
[2025-12-18 10:33:32,506][__main__][INFO] - Running training with seed 745
[2025-12-18 10:33:33,909][__main__][INFO] - Running training with seed 746
[2025-12-18 10:33:35,313][__main__][INFO] - Running training with seed 747
[2025-12-18 10:33:36,715][__main__][INFO] - Running training with seed 748
[2025-12-18 10:33:38,111][__main__][INFO] - Running training with seed 749
[2025-12-18 10:33:39,512][__main__][INFO] - Running training with seed 750
[2025-12-18 10:33:40,917][__main__][INFO] - Running training with seed 751
[2025-12-18 10:33:42,321][__main__][INFO] - Running training with seed 752
[2025-12-18 10:33:43,723][__main__][INFO] - Running training with seed 753
[2025-12-18 10:33:45,127][__main__][INFO] - Running training with seed 754
[2025-12-18 10:33:46,529][__main__][INFO] - Running training with seed 755
[2025-12-18 10:33:47,934][__main__][INFO] - Running training with seed 756
[2025-12-18 10:33:49,334][__main__][INFO] - Running training with seed 757
[2025-12-18 10:33:50,738][__main__][INFO] - Running training with seed 758
[2025-12-18 10:33:52,141][__main__][INFO] - Running training with seed 759
[2025-12-18 10:33:53,546][__main__][INFO] - Running training with seed 760
[2025-12-18 10:33:54,947][__main__][INFO] - Running training with seed 761
[2025-12-18 10:33:56,350][__main__][INFO] - Running training with seed 762
[2025-12-18 10:33:57,750][__main__][INFO] - Running training with seed 763
[2025-12-18 10:33:59,152][__main__][INFO] - Running training with seed 764
[2025-12-18 10:34:00,550][__main__][INFO] - Running training with seed 765
[2025-12-18 10:34:01,959][__main__][INFO] - Running training with seed 766
[2025-12-18 10:34:03,364][__main__][INFO] - Running training with seed 767
[2025-12-18 10:34:04,763][__main__][INFO] - Running training with seed 768
[2025-12-18 10:34:06,301][__main__][INFO] - Running training with seed 769
[2025-12-18 10:34:07,710][__main__][INFO] - Running training with seed 770
[2025-12-18 10:34:09,119][__main__][INFO] - Running training with seed 771
[2025-12-18 10:34:10,523][__main__][INFO] - Running training with seed 772
[2025-12-18 10:34:11,924][__main__][INFO] - Running training with seed 773
[2025-12-18 10:34:13,325][__main__][INFO] - Running training with seed 774
[2025-12-18 10:34:14,725][__main__][INFO] - Running training with seed 775
[2025-12-18 10:34:16,127][__main__][INFO] - Running training with seed 776
[2025-12-18 10:34:17,527][__main__][INFO] - Running training with seed 777
[2025-12-18 10:34:18,950][__main__][INFO] - Running training with seed 778
[2025-12-18 10:34:20,349][__main__][INFO] - Running training with seed 779
[2025-12-18 10:34:21,756][__main__][INFO] - Running training with seed 780
[2025-12-18 10:34:23,160][__main__][INFO] - Running training with seed 781
[2025-12-18 10:34:24,561][__main__][INFO] - Running training with seed 782
[2025-12-18 10:34:25,965][__main__][INFO] - Running training with seed 783
[2025-12-18 10:34:27,369][__main__][INFO] - Running training with seed 784
[2025-12-18 10:34:28,772][__main__][INFO] - Running training with seed 785
[2025-12-18 10:34:30,176][__main__][INFO] - Running training with seed 786
[2025-12-18 10:34:31,573][__main__][INFO] - Running training with seed 787
[2025-12-18 10:34:32,975][__main__][INFO] - Running training with seed 788
[2025-12-18 10:34:34,376][__main__][INFO] - Running training with seed 789
[2025-12-18 10:34:35,779][__main__][INFO] - Running training with seed 790
[2025-12-18 10:34:37,339][__main__][INFO] - Running training with seed 791
[2025-12-18 10:34:38,743][__main__][INFO] - Running training with seed 792
[2025-12-18 10:34:40,146][__main__][INFO] - Running training with seed 793
[2025-12-18 10:34:41,555][__main__][INFO] - Running training with seed 794
[2025-12-18 10:34:42,963][__main__][INFO] - Running training with seed 795
[2025-12-18 10:34:44,366][__main__][INFO] - Running training with seed 796
[2025-12-18 10:34:45,771][__main__][INFO] - Running training with seed 797
[2025-12-18 10:34:47,173][__main__][INFO] - Running training with seed 798
[2025-12-18 10:34:48,575][__main__][INFO] - Running training with seed 799
[2025-12-18 10:34:49,974][__main__][INFO] - Running training with seed 800
[2025-12-18 10:34:51,381][__main__][INFO] - Running training with seed 801
[2025-12-18 10:34:52,784][__main__][INFO] - Running training with seed 802
[2025-12-18 10:34:54,186][__main__][INFO] - Running training with seed 803
[2025-12-18 10:34:55,589][__main__][INFO] - Running training with seed 804
[2025-12-18 10:34:56,992][__main__][INFO] - Running training with seed 805
[2025-12-18 10:34:58,389][__main__][INFO] - Running training with seed 806
[2025-12-18 10:34:59,793][__main__][INFO] - Running training with seed 807
[2025-12-18 10:35:01,197][__main__][INFO] - Running training with seed 808
[2025-12-18 10:35:02,600][__main__][INFO] - Running training with seed 809
[2025-12-18 10:35:04,001][__main__][INFO] - Running training with seed 810
[2025-12-18 10:35:05,401][__main__][INFO] - Running training with seed 811
[2025-12-18 10:35:06,804][__main__][INFO] - Running training with seed 812
[2025-12-18 10:35:08,379][__main__][INFO] - Running training with seed 813
[2025-12-18 10:35:09,781][__main__][INFO] - Running training with seed 814
[2025-12-18 10:35:11,182][__main__][INFO] - Running training with seed 815
[2025-12-18 10:35:12,584][__main__][INFO] - Running training with seed 816
[2025-12-18 10:35:13,983][__main__][INFO] - Running training with seed 817
[2025-12-18 10:35:15,391][__main__][INFO] - Running training with seed 818
[2025-12-18 10:35:16,796][__main__][INFO] - Running training with seed 819
[2025-12-18 10:35:18,201][__main__][INFO] - Running training with seed 820
[2025-12-18 10:35:19,606][__main__][INFO] - Running training with seed 821
[2025-12-18 10:35:21,009][__main__][INFO] - Running training with seed 822
[2025-12-18 10:35:22,411][__main__][INFO] - Running training with seed 823
[2025-12-18 10:35:23,815][__main__][INFO] - Running training with seed 824
[2025-12-18 10:35:25,213][__main__][INFO] - Running training with seed 825
[2025-12-18 10:35:26,618][__main__][INFO] - Running training with seed 826
[2025-12-18 10:35:28,020][__main__][INFO] - Running training with seed 827
[2025-12-18 10:35:29,442][__main__][INFO] - Running training with seed 828
[2025-12-18 10:35:30,843][__main__][INFO] - Running training with seed 829
[2025-12-18 10:35:32,246][__main__][INFO] - Running training with seed 830
[2025-12-18 10:35:33,646][__main__][INFO] - Running training with seed 831
[2025-12-18 10:35:35,049][__main__][INFO] - Running training with seed 832
[2025-12-18 10:35:36,453][__main__][INFO] - Running training with seed 833
[2025-12-18 10:35:37,856][__main__][INFO] - Running training with seed 834
[2025-12-18 10:35:39,261][__main__][INFO] - Running training with seed 835
[2025-12-18 10:35:40,662][__main__][INFO] - Running training with seed 836
[2025-12-18 10:35:42,063][__main__][INFO] - Running training with seed 837
[2025-12-18 10:35:43,621][__main__][INFO] - Running training with seed 838
[2025-12-18 10:35:45,027][__main__][INFO] - Running training with seed 839
[2025-12-18 10:35:46,430][__main__][INFO] - Running training with seed 840
[2025-12-18 10:35:47,834][__main__][INFO] - Running training with seed 841
[2025-12-18 10:35:49,234][__main__][INFO] - Running training with seed 842
[2025-12-18 10:35:50,643][__main__][INFO] - Running training with seed 843
[2025-12-18 10:35:52,046][__main__][INFO] - Running training with seed 844
[2025-12-18 10:35:53,452][__main__][INFO] - Running training with seed 845
[2025-12-18 10:35:54,857][__main__][INFO] - Running training with seed 846
[2025-12-18 10:35:56,262][__main__][INFO] - Running training with seed 847
[2025-12-18 10:35:57,666][__main__][INFO] - Running training with seed 848
[2025-12-18 10:35:59,069][__main__][INFO] - Running training with seed 849
[2025-12-18 10:36:00,473][__main__][INFO] - Running training with seed 850
[2025-12-18 10:36:01,877][__main__][INFO] - Running training with seed 851
[2025-12-18 10:36:03,281][__main__][INFO] - Running training with seed 852
[2025-12-18 10:36:04,685][__main__][INFO] - Running training with seed 853
[2025-12-18 10:36:06,088][__main__][INFO] - Running training with seed 854
[2025-12-18 10:36:07,489][__main__][INFO] - Running training with seed 855
[2025-12-18 10:36:08,893][__main__][INFO] - Running training with seed 856
[2025-12-18 10:36:10,295][__main__][INFO] - Running training with seed 857
[2025-12-18 10:36:11,700][__main__][INFO] - Running training with seed 858
[2025-12-18 10:36:13,103][__main__][INFO] - Running training with seed 859
[2025-12-18 10:36:14,506][__main__][INFO] - Running training with seed 860
[2025-12-18 10:36:15,908][__main__][INFO] - Running training with seed 861
[2025-12-18 10:36:17,486][__main__][INFO] - Running training with seed 862
[2025-12-18 10:36:18,882][__main__][INFO] - Running training with seed 863
[2025-12-18 10:36:20,285][__main__][INFO] - Running training with seed 864
[2025-12-18 10:36:21,688][__main__][INFO] - Running training with seed 865
[2025-12-18 10:36:23,091][__main__][INFO] - Running training with seed 866
[2025-12-18 10:36:24,494][__main__][INFO] - Running training with seed 867
[2025-12-18 10:36:25,896][__main__][INFO] - Running training with seed 868
[2025-12-18 10:36:27,298][__main__][INFO] - Running training with seed 869
[2025-12-18 10:36:28,704][__main__][INFO] - Running training with seed 870
[2025-12-18 10:36:30,104][__main__][INFO] - Running training with seed 871
[2025-12-18 10:36:31,508][__main__][INFO] - Running training with seed 872
[2025-12-18 10:36:32,908][__main__][INFO] - Running training with seed 873
[2025-12-18 10:36:34,310][__main__][INFO] - Running training with seed 874
[2025-12-18 10:36:35,713][__main__][INFO] - Running training with seed 875
[2025-12-18 10:36:37,108][__main__][INFO] - Running training with seed 876
[2025-12-18 10:36:38,519][__main__][INFO] - Running training with seed 877
[2025-12-18 10:36:39,923][__main__][INFO] - Running training with seed 878
[2025-12-18 10:36:41,324][__main__][INFO] - Running training with seed 879
[2025-12-18 10:36:42,727][__main__][INFO] - Running training with seed 880
[2025-12-18 10:36:44,127][__main__][INFO] - Running training with seed 881
[2025-12-18 10:36:45,527][__main__][INFO] - Running training with seed 882
[2025-12-18 10:36:46,927][__main__][INFO] - Running training with seed 883
[2025-12-18 10:36:48,328][__main__][INFO] - Running training with seed 884
[2025-12-18 10:36:49,888][__main__][INFO] - Running training with seed 885
[2025-12-18 10:36:51,293][__main__][INFO] - Running training with seed 886
[2025-12-18 10:36:52,696][__main__][INFO] - Running training with seed 887
[2025-12-18 10:36:54,097][__main__][INFO] - Running training with seed 888
[2025-12-18 10:36:55,500][__main__][INFO] - Running training with seed 889
[2025-12-18 10:36:56,902][__main__][INFO] - Running training with seed 890
[2025-12-18 10:36:58,304][__main__][INFO] - Running training with seed 891
[2025-12-18 10:36:59,707][__main__][INFO] - Running training with seed 892
[2025-12-18 10:37:01,111][__main__][INFO] - Running training with seed 893
[2025-12-18 10:37:02,521][__main__][INFO] - Running training with seed 894
[2025-12-18 10:37:03,918][__main__][INFO] - Running training with seed 895
[2025-12-18 10:37:05,322][__main__][INFO] - Running training with seed 896
[2025-12-18 10:37:06,726][__main__][INFO] - Running training with seed 897
[2025-12-18 10:37:08,128][__main__][INFO] - Running training with seed 898
[2025-12-18 10:37:09,530][__main__][INFO] - Running training with seed 899
[2025-12-18 10:37:10,933][__main__][INFO] - Running training with seed 900
[2025-12-18 10:37:12,335][__main__][INFO] - Running training with seed 901
[2025-12-18 10:37:13,737][__main__][INFO] - Running training with seed 902
[2025-12-18 10:37:15,138][__main__][INFO] - Running training with seed 903
[2025-12-18 10:37:16,541][__main__][INFO] - Running training with seed 904
[2025-12-18 10:37:17,943][__main__][INFO] - Running training with seed 905
[2025-12-18 10:37:19,345][__main__][INFO] - Running training with seed 906
[2025-12-18 10:37:20,919][__main__][INFO] - Running training with seed 907
[2025-12-18 10:37:22,324][__main__][INFO] - Running training with seed 908
[2025-12-18 10:37:23,726][__main__][INFO] - Running training with seed 909
[2025-12-18 10:37:25,127][__main__][INFO] - Running training with seed 910
[2025-12-18 10:37:26,529][__main__][INFO] - Running training with seed 911
[2025-12-18 10:37:27,931][__main__][INFO] - Running training with seed 912
[2025-12-18 10:37:29,335][__main__][INFO] - Running training with seed 913
[2025-12-18 10:37:30,729][__main__][INFO] - Running training with seed 914
[2025-12-18 10:37:32,134][__main__][INFO] - Running training with seed 915
[2025-12-18 10:37:33,535][__main__][INFO] - Running training with seed 916
[2025-12-18 10:37:34,937][__main__][INFO] - Running training with seed 917
[2025-12-18 10:37:36,341][__main__][INFO] - Running training with seed 918
[2025-12-18 10:37:37,743][__main__][INFO] - Running training with seed 919
[2025-12-18 10:37:39,150][__main__][INFO] - Running training with seed 920
[2025-12-18 10:37:40,551][__main__][INFO] - Running training with seed 921
[2025-12-18 10:37:41,951][__main__][INFO] - Running training with seed 922
[2025-12-18 10:37:43,353][__main__][INFO] - Running training with seed 923
[2025-12-18 10:37:44,756][__main__][INFO] - Running training with seed 924
[2025-12-18 10:37:46,161][__main__][INFO] - Running training with seed 925
[2025-12-18 10:37:47,563][__main__][INFO] - Running training with seed 926
[2025-12-18 10:37:48,976][__main__][INFO] - Running training with seed 927
[2025-12-18 10:37:50,380][__main__][INFO] - Running training with seed 928
[2025-12-18 10:37:51,781][__main__][INFO] - Running training with seed 929
[2025-12-18 10:37:53,183][__main__][INFO] - Running training with seed 930
[2025-12-18 10:37:54,584][__main__][INFO] - Running training with seed 931
[2025-12-18 10:37:56,149][__main__][INFO] - Running training with seed 932
[2025-12-18 10:37:57,545][__main__][INFO] - Running training with seed 933
[2025-12-18 10:37:58,949][__main__][INFO] - Running training with seed 934
[2025-12-18 10:38:00,351][__main__][INFO] - Running training with seed 935
[2025-12-18 10:38:01,754][__main__][INFO] - Running training with seed 936
[2025-12-18 10:38:03,157][__main__][INFO] - Running training with seed 937
[2025-12-18 10:38:04,560][__main__][INFO] - Running training with seed 938
[2025-12-18 10:38:05,961][__main__][INFO] - Running training with seed 939
[2025-12-18 10:38:07,365][__main__][INFO] - Running training with seed 940
[2025-12-18 10:38:08,770][__main__][INFO] - Running training with seed 941
[2025-12-18 10:38:10,174][__main__][INFO] - Running training with seed 942
[2025-12-18 10:38:11,575][__main__][INFO] - Running training with seed 943
[2025-12-18 10:38:12,983][__main__][INFO] - Running training with seed 944
[2025-12-18 10:38:14,388][__main__][INFO] - Running training with seed 945
[2025-12-18 10:38:15,789][__main__][INFO] - Running training with seed 946
[2025-12-18 10:38:17,190][__main__][INFO] - Running training with seed 947
[2025-12-18 10:38:18,595][__main__][INFO] - Running training with seed 948
[2025-12-18 10:38:19,994][__main__][INFO] - Running training with seed 949
[2025-12-18 10:38:21,401][__main__][INFO] - Running training with seed 950
[2025-12-18 10:38:22,802][__main__][INFO] - Running training with seed 951
[2025-12-18 10:38:24,199][__main__][INFO] - Running training with seed 952
[2025-12-18 10:38:25,602][__main__][INFO] - Running training with seed 953
[2025-12-18 10:38:27,004][__main__][INFO] - Running training with seed 954
[2025-12-18 10:38:28,405][__main__][INFO] - Running training with seed 955
[2025-12-18 10:38:29,980][__main__][INFO] - Running training with seed 956
[2025-12-18 10:38:31,383][__main__][INFO] - Running training with seed 957
[2025-12-18 10:38:32,788][__main__][INFO] - Running training with seed 958
[2025-12-18 10:38:34,186][__main__][INFO] - Running training with seed 959
[2025-12-18 10:38:35,593][__main__][INFO] - Running training with seed 960
[2025-12-18 10:38:36,997][__main__][INFO] - Running training with seed 961
[2025-12-18 10:38:38,398][__main__][INFO] - Running training with seed 962
[2025-12-18 10:38:39,803][__main__][INFO] - Running training with seed 963
[2025-12-18 10:38:41,206][__main__][INFO] - Running training with seed 964
[2025-12-18 10:38:42,608][__main__][INFO] - Running training with seed 965
[2025-12-18 10:38:44,011][__main__][INFO] - Running training with seed 966
[2025-12-18 10:38:45,414][__main__][INFO] - Running training with seed 967
[2025-12-18 10:38:46,818][__main__][INFO] - Running training with seed 968
[2025-12-18 10:38:48,222][__main__][INFO] - Running training with seed 969
[2025-12-18 10:38:49,629][__main__][INFO] - Running training with seed 970
[2025-12-18 10:38:51,023][__main__][INFO] - Running training with seed 971
[2025-12-18 10:38:52,431][__main__][INFO] - Running training with seed 972
[2025-12-18 10:38:53,832][__main__][INFO] - Running training with seed 973
[2025-12-18 10:38:55,236][__main__][INFO] - Running training with seed 974
[2025-12-18 10:38:56,638][__main__][INFO] - Running training with seed 975
[2025-12-18 10:38:58,040][__main__][INFO] - Running training with seed 976
[2025-12-18 10:38:59,455][__main__][INFO] - Running training with seed 977
[2025-12-18 10:39:01,021][__main__][INFO] - Running training with seed 978
[2025-12-18 10:39:02,423][__main__][INFO] - Running training with seed 979
[2025-12-18 10:39:03,826][__main__][INFO] - Running training with seed 980
[2025-12-18 10:39:05,231][__main__][INFO] - Running training with seed 981
[2025-12-18 10:39:06,634][__main__][INFO] - Running training with seed 982
[2025-12-18 10:39:08,032][__main__][INFO] - Running training with seed 983
[2025-12-18 10:39:09,440][__main__][INFO] - Running training with seed 984
[2025-12-18 10:39:10,843][__main__][INFO] - Running training with seed 985
[2025-12-18 10:39:12,247][__main__][INFO] - Running training with seed 986
[2025-12-18 10:39:13,649][__main__][INFO] - Running training with seed 987
[2025-12-18 10:39:15,052][__main__][INFO] - Running training with seed 988
[2025-12-18 10:39:16,455][__main__][INFO] - Running training with seed 989
[2025-12-18 10:39:17,853][__main__][INFO] - Running training with seed 990
[2025-12-18 10:39:19,256][__main__][INFO] - Running training with seed 991
[2025-12-18 10:39:20,658][__main__][INFO] - Running training with seed 992
[2025-12-18 10:39:22,060][__main__][INFO] - Running training with seed 993
[2025-12-18 10:39:23,470][__main__][INFO] - Running training with seed 994
[2025-12-18 10:39:24,877][__main__][INFO] - Running training with seed 995
[2025-12-18 10:39:26,280][__main__][INFO] - Running training with seed 996
[2025-12-18 10:39:27,682][__main__][INFO] - Running training with seed 997
[2025-12-18 10:39:29,080][__main__][INFO] - Running training with seed 998
[2025-12-18 10:39:30,486][__main__][INFO] - Running training with seed 999
