[2025-12-17 15:53:27,764][__main__][INFO] - QNN training pipeline initialized
[2025-12-17 15:53:27,764][data_loading][INFO] - Loading and embedding MNIST data...
[2025-12-17 15:53:27,810][data_loading][INFO] - Data loading complete.
[2025-12-17 15:53:30,591][__main__][INFO] - Running training with seed 1
[2025-12-17 15:53:32,481][__main__][INFO] - Running training with seed 2
[2025-12-17 15:53:34,040][__main__][INFO] - Running training with seed 3
[2025-12-17 15:53:35,566][__main__][INFO] - Running training with seed 4
[2025-12-17 15:53:37,084][__main__][INFO] - Running training with seed 5
[2025-12-17 15:53:38,608][__main__][INFO] - Running training with seed 6
[2025-12-17 15:53:40,141][__main__][INFO] - Running training with seed 7
[2025-12-17 15:53:41,669][__main__][INFO] - Running training with seed 8
[2025-12-17 15:53:43,196][__main__][INFO] - Running training with seed 9
[2025-12-17 15:53:44,715][__main__][INFO] - Running training with seed 10
[2025-12-17 15:53:46,241][__main__][INFO] - Running training with seed 11
[2025-12-17 15:53:47,770][__main__][INFO] - Running training with seed 12
[2025-12-17 15:53:49,290][__main__][INFO] - Running training with seed 13
[2025-12-17 15:53:50,812][__main__][INFO] - Running training with seed 14
[2025-12-17 15:53:52,334][__main__][INFO] - Running training with seed 15
[2025-12-17 15:53:53,854][__main__][INFO] - Running training with seed 16
[2025-12-17 15:53:55,371][__main__][INFO] - Running training with seed 17
[2025-12-17 15:53:56,904][__main__][INFO] - Running training with seed 18
[2025-12-17 15:53:58,433][__main__][INFO] - Running training with seed 19
[2025-12-17 15:54:00,175][__main__][INFO] - Running training with seed 20
[2025-12-17 15:54:01,705][__main__][INFO] - Running training with seed 21
[2025-12-17 15:54:03,231][__main__][INFO] - Running training with seed 22
[2025-12-17 15:54:04,743][__main__][INFO] - Running training with seed 23
[2025-12-17 15:54:06,279][__main__][INFO] - Running training with seed 24
[2025-12-17 15:54:07,808][__main__][INFO] - Running training with seed 25
[2025-12-17 15:54:09,333][__main__][INFO] - Running training with seed 26
[2025-12-17 15:54:10,852][__main__][INFO] - Running training with seed 27
[2025-12-17 15:54:12,373][__main__][INFO] - Running training with seed 28
[2025-12-17 15:54:13,887][__main__][INFO] - Running training with seed 29
[2025-12-17 15:54:15,422][__main__][INFO] - Running training with seed 30
[2025-12-17 15:54:16,942][__main__][INFO] - Running training with seed 31
[2025-12-17 15:54:18,464][__main__][INFO] - Running training with seed 32
[2025-12-17 15:54:19,979][__main__][INFO] - Running training with seed 33
[2025-12-17 15:54:21,513][__main__][INFO] - Running training with seed 34
[2025-12-17 15:54:23,034][__main__][INFO] - Running training with seed 35
[2025-12-17 15:54:24,564][__main__][INFO] - Running training with seed 36
[2025-12-17 15:54:26,085][__main__][INFO] - Running training with seed 37
[2025-12-17 15:54:27,611][__main__][INFO] - Running training with seed 38
[2025-12-17 15:54:29,132][__main__][INFO] - Running training with seed 39
[2025-12-17 15:54:30,661][__main__][INFO] - Running training with seed 40
[2025-12-17 15:54:32,192][__main__][INFO] - Running training with seed 41
[2025-12-17 15:54:33,714][__main__][INFO] - Running training with seed 42
[2025-12-17 15:54:35,438][__main__][INFO] - Running training with seed 43
[2025-12-17 15:54:36,945][__main__][INFO] - Running training with seed 44
[2025-12-17 15:54:38,453][__main__][INFO] - Running training with seed 45
[2025-12-17 15:54:39,948][__main__][INFO] - Running training with seed 46
[2025-12-17 15:54:41,464][__main__][INFO] - Running training with seed 47
[2025-12-17 15:54:42,971][__main__][INFO] - Running training with seed 48
[2025-12-17 15:54:44,480][__main__][INFO] - Running training with seed 49
[2025-12-17 15:54:45,987][__main__][INFO] - Running training with seed 50
[2025-12-17 15:54:47,499][__main__][INFO] - Running training with seed 51
[2025-12-17 15:54:49,008][__main__][INFO] - Running training with seed 52
[2025-12-17 15:54:50,511][__main__][INFO] - Running training with seed 53
[2025-12-17 15:54:52,025][__main__][INFO] - Running training with seed 54
[2025-12-17 15:54:53,531][__main__][INFO] - Running training with seed 55
[2025-12-17 15:54:55,036][__main__][INFO] - Running training with seed 56
[2025-12-17 15:54:56,547][__main__][INFO] - Running training with seed 57
[2025-12-17 15:54:58,050][__main__][INFO] - Running training with seed 58
[2025-12-17 15:54:59,552][__main__][INFO] - Running training with seed 59
[2025-12-17 15:55:01,058][__main__][INFO] - Running training with seed 60
[2025-12-17 15:55:02,564][__main__][INFO] - Running training with seed 61
[2025-12-17 15:55:04,065][__main__][INFO] - Running training with seed 62
[2025-12-17 15:55:05,569][__main__][INFO] - Running training with seed 63
[2025-12-17 15:55:07,076][__main__][INFO] - Running training with seed 64
[2025-12-17 15:55:08,781][__main__][INFO] - Running training with seed 65
[2025-12-17 15:55:10,289][__main__][INFO] - Running training with seed 66
[2025-12-17 15:55:11,794][__main__][INFO] - Running training with seed 67
[2025-12-17 15:55:13,313][__main__][INFO] - Running training with seed 68
[2025-12-17 15:55:14,815][__main__][INFO] - Running training with seed 69
[2025-12-17 15:55:16,313][__main__][INFO] - Running training with seed 70
[2025-12-17 15:55:17,822][__main__][INFO] - Running training with seed 71
[2025-12-17 15:55:19,334][__main__][INFO] - Running training with seed 72
[2025-12-17 15:55:20,767][__main__][INFO] - Running training with seed 73
[2025-12-17 15:55:22,180][__main__][INFO] - Running training with seed 74
[2025-12-17 15:55:23,590][__main__][INFO] - Running training with seed 75
[2025-12-17 15:55:25,001][__main__][INFO] - Running training with seed 76
[2025-12-17 15:55:26,413][__main__][INFO] - Running training with seed 77
[2025-12-17 15:55:27,826][__main__][INFO] - Running training with seed 78
[2025-12-17 15:55:29,238][__main__][INFO] - Running training with seed 79
[2025-12-17 15:55:30,652][__main__][INFO] - Running training with seed 80
[2025-12-17 15:55:32,064][__main__][INFO] - Running training with seed 81
[2025-12-17 15:55:33,476][__main__][INFO] - Running training with seed 82
[2025-12-17 15:55:34,885][__main__][INFO] - Running training with seed 83
[2025-12-17 15:55:36,298][__main__][INFO] - Running training with seed 84
[2025-12-17 15:55:37,724][__main__][INFO] - Running training with seed 85
[2025-12-17 15:55:39,135][__main__][INFO] - Running training with seed 86
[2025-12-17 15:55:40,547][__main__][INFO] - Running training with seed 87
[2025-12-17 15:55:41,957][__main__][INFO] - Running training with seed 88
[2025-12-17 15:55:43,373][__main__][INFO] - Running training with seed 89
[2025-12-17 15:55:44,981][__main__][INFO] - Running training with seed 90
[2025-12-17 15:55:46,392][__main__][INFO] - Running training with seed 91
[2025-12-17 15:55:47,800][__main__][INFO] - Running training with seed 92
[2025-12-17 15:55:49,216][__main__][INFO] - Running training with seed 93
[2025-12-17 15:55:50,629][__main__][INFO] - Running training with seed 94
[2025-12-17 15:55:52,040][__main__][INFO] - Running training with seed 95
[2025-12-17 15:55:53,453][__main__][INFO] - Running training with seed 96
[2025-12-17 15:55:54,869][__main__][INFO] - Running training with seed 97
[2025-12-17 15:55:56,279][__main__][INFO] - Running training with seed 98
[2025-12-17 15:55:57,690][__main__][INFO] - Running training with seed 99
[2025-12-17 15:55:59,099][__main__][INFO] - Running training with seed 100
[2025-12-17 15:56:00,510][__main__][INFO] - Running training with seed 101
[2025-12-17 15:56:01,921][__main__][INFO] - Running training with seed 102
[2025-12-17 15:56:03,333][__main__][INFO] - Running training with seed 103
[2025-12-17 15:56:04,744][__main__][INFO] - Running training with seed 104
[2025-12-17 15:56:06,165][__main__][INFO] - Running training with seed 105
[2025-12-17 15:56:07,575][__main__][INFO] - Running training with seed 106
[2025-12-17 15:56:08,986][__main__][INFO] - Running training with seed 107
[2025-12-17 15:56:10,396][__main__][INFO] - Running training with seed 108
[2025-12-17 15:56:11,805][__main__][INFO] - Running training with seed 109
[2025-12-17 15:56:13,224][__main__][INFO] - Running training with seed 110
[2025-12-17 15:56:14,635][__main__][INFO] - Running training with seed 111
[2025-12-17 15:56:16,047][__main__][INFO] - Running training with seed 112
[2025-12-17 15:56:17,455][__main__][INFO] - Running training with seed 113
[2025-12-17 15:56:19,062][__main__][INFO] - Running training with seed 114
[2025-12-17 15:56:20,474][__main__][INFO] - Running training with seed 115
[2025-12-17 15:56:21,886][__main__][INFO] - Running training with seed 116
[2025-12-17 15:56:23,296][__main__][INFO] - Running training with seed 117
[2025-12-17 15:56:24,707][__main__][INFO] - Running training with seed 118
[2025-12-17 15:56:26,116][__main__][INFO] - Running training with seed 119
[2025-12-17 15:56:27,528][__main__][INFO] - Running training with seed 120
[2025-12-17 15:56:28,939][__main__][INFO] - Running training with seed 121
[2025-12-17 15:56:30,353][__main__][INFO] - Running training with seed 122
[2025-12-17 15:56:31,764][__main__][INFO] - Running training with seed 123
[2025-12-17 15:56:33,182][__main__][INFO] - Running training with seed 124
[2025-12-17 15:56:34,595][__main__][INFO] - Running training with seed 125
[2025-12-17 15:56:36,008][__main__][INFO] - Running training with seed 126
[2025-12-17 15:56:37,421][__main__][INFO] - Running training with seed 127
[2025-12-17 15:56:38,835][__main__][INFO] - Running training with seed 128
[2025-12-17 15:56:40,244][__main__][INFO] - Running training with seed 129
[2025-12-17 15:56:41,671][__main__][INFO] - Running training with seed 130
[2025-12-17 15:56:43,078][__main__][INFO] - Running training with seed 131
[2025-12-17 15:56:44,487][__main__][INFO] - Running training with seed 132
[2025-12-17 15:56:45,894][__main__][INFO] - Running training with seed 133
[2025-12-17 15:56:47,303][__main__][INFO] - Running training with seed 134
[2025-12-17 15:56:48,710][__main__][INFO] - Running training with seed 135
[2025-12-17 15:56:50,114][__main__][INFO] - Running training with seed 136
[2025-12-17 15:56:51,690][__main__][INFO] - Running training with seed 137
[2025-12-17 15:56:53,091][__main__][INFO] - Running training with seed 138
[2025-12-17 15:56:54,500][__main__][INFO] - Running training with seed 139
[2025-12-17 15:56:55,907][__main__][INFO] - Running training with seed 140
[2025-12-17 15:56:57,314][__main__][INFO] - Running training with seed 141
[2025-12-17 15:56:58,724][__main__][INFO] - Running training with seed 142
[2025-12-17 15:57:00,134][__main__][INFO] - Running training with seed 143
[2025-12-17 15:57:01,543][__main__][INFO] - Running training with seed 144
[2025-12-17 15:57:02,952][__main__][INFO] - Running training with seed 145
[2025-12-17 15:57:04,359][__main__][INFO] - Running training with seed 146
[2025-12-17 15:57:05,766][__main__][INFO] - Running training with seed 147
[2025-12-17 15:57:07,173][__main__][INFO] - Running training with seed 148
[2025-12-17 15:57:08,581][__main__][INFO] - Running training with seed 149
[2025-12-17 15:57:09,989][__main__][INFO] - Running training with seed 150
[2025-12-17 15:57:11,400][__main__][INFO] - Running training with seed 151
[2025-12-17 15:57:12,812][__main__][INFO] - Running training with seed 152
[2025-12-17 15:57:14,218][__main__][INFO] - Running training with seed 153
[2025-12-17 15:57:15,627][__main__][INFO] - Running training with seed 154
[2025-12-17 15:57:17,036][__main__][INFO] - Running training with seed 155
[2025-12-17 15:57:18,441][__main__][INFO] - Running training with seed 156
[2025-12-17 15:57:19,843][__main__][INFO] - Running training with seed 157
[2025-12-17 15:57:21,249][__main__][INFO] - Running training with seed 158
[2025-12-17 15:57:22,859][__main__][INFO] - Running training with seed 159
[2025-12-17 15:57:24,430][__main__][INFO] - Running training with seed 160
[2025-12-17 15:57:25,826][__main__][INFO] - Running training with seed 161
[2025-12-17 15:57:27,220][__main__][INFO] - Running training with seed 162
[2025-12-17 15:57:28,615][__main__][INFO] - Running training with seed 163
[2025-12-17 15:57:30,009][__main__][INFO] - Running training with seed 164
[2025-12-17 15:57:31,405][__main__][INFO] - Running training with seed 165
[2025-12-17 15:57:32,804][__main__][INFO] - Running training with seed 166
[2025-12-17 15:57:34,206][__main__][INFO] - Running training with seed 167
[2025-12-17 15:57:35,764][__main__][INFO] - Running training with seed 168
[2025-12-17 15:57:37,157][__main__][INFO] - Running training with seed 169
[2025-12-17 15:57:38,547][__main__][INFO] - Running training with seed 170
[2025-12-17 15:57:39,937][__main__][INFO] - Running training with seed 171
[2025-12-17 15:57:41,327][__main__][INFO] - Running training with seed 172
[2025-12-17 15:57:42,723][__main__][INFO] - Running training with seed 173
[2025-12-17 15:57:44,112][__main__][INFO] - Running training with seed 174
[2025-12-17 15:57:45,501][__main__][INFO] - Running training with seed 175
[2025-12-17 15:57:46,885][__main__][INFO] - Running training with seed 176
[2025-12-17 15:57:48,274][__main__][INFO] - Running training with seed 177
[2025-12-17 15:57:49,662][__main__][INFO] - Running training with seed 178
[2025-12-17 15:57:51,055][__main__][INFO] - Running training with seed 179
[2025-12-17 15:57:52,453][__main__][INFO] - Running training with seed 180
[2025-12-17 15:57:53,846][__main__][INFO] - Running training with seed 181
[2025-12-17 15:57:55,238][__main__][INFO] - Running training with seed 182
[2025-12-17 15:57:56,630][__main__][INFO] - Running training with seed 183
[2025-12-17 15:57:58,204][__main__][INFO] - Running training with seed 184
[2025-12-17 15:57:59,596][__main__][INFO] - Running training with seed 185
[2025-12-17 15:58:00,989][__main__][INFO] - Running training with seed 186
[2025-12-17 15:58:02,387][__main__][INFO] - Running training with seed 187
[2025-12-17 15:58:03,781][__main__][INFO] - Running training with seed 188
[2025-12-17 15:58:05,170][__main__][INFO] - Running training with seed 189
[2025-12-17 15:58:06,562][__main__][INFO] - Running training with seed 190
[2025-12-17 15:58:07,954][__main__][INFO] - Running training with seed 191
[2025-12-17 15:58:09,345][__main__][INFO] - Running training with seed 192
[2025-12-17 15:58:10,736][__main__][INFO] - Running training with seed 193
[2025-12-17 15:58:12,123][__main__][INFO] - Running training with seed 194
[2025-12-17 15:58:13,543][__main__][INFO] - Running training with seed 195
[2025-12-17 15:58:14,933][__main__][INFO] - Running training with seed 196
[2025-12-17 15:58:16,325][__main__][INFO] - Running training with seed 197
[2025-12-17 15:58:17,714][__main__][INFO] - Running training with seed 198
[2025-12-17 15:58:19,104][__main__][INFO] - Running training with seed 199
[2025-12-17 15:58:20,496][__main__][INFO] - Running training with seed 200
[2025-12-17 15:58:21,888][__main__][INFO] - Running training with seed 201
[2025-12-17 15:58:23,289][__main__][INFO] - Running training with seed 202
[2025-12-17 15:58:24,677][__main__][INFO] - Running training with seed 203
[2025-12-17 15:58:26,066][__main__][INFO] - Running training with seed 204
[2025-12-17 15:58:27,462][__main__][INFO] - Running training with seed 205
[2025-12-17 15:58:28,843][__main__][INFO] - Running training with seed 206
[2025-12-17 15:58:30,236][__main__][INFO] - Running training with seed 207
[2025-12-17 15:58:31,792][__main__][INFO] - Running training with seed 208
[2025-12-17 15:58:33,184][__main__][INFO] - Running training with seed 209
[2025-12-17 15:58:34,569][__main__][INFO] - Running training with seed 210
[2025-12-17 15:58:35,954][__main__][INFO] - Running training with seed 211
[2025-12-17 15:58:37,341][__main__][INFO] - Running training with seed 212
[2025-12-17 15:58:38,729][__main__][INFO] - Running training with seed 213
[2025-12-17 15:58:40,115][__main__][INFO] - Running training with seed 214
[2025-12-17 15:58:41,501][__main__][INFO] - Running training with seed 215
[2025-12-17 15:58:42,885][__main__][INFO] - Running training with seed 216
[2025-12-17 15:58:44,275][__main__][INFO] - Running training with seed 217
[2025-12-17 15:58:45,657][__main__][INFO] - Running training with seed 218
[2025-12-17 15:58:47,040][__main__][INFO] - Running training with seed 219
[2025-12-17 15:58:48,426][__main__][INFO] - Running training with seed 220
[2025-12-17 15:58:49,811][__main__][INFO] - Running training with seed 221
[2025-12-17 15:58:51,195][__main__][INFO] - Running training with seed 222
[2025-12-17 15:58:52,579][__main__][INFO] - Running training with seed 223
[2025-12-17 15:58:53,967][__main__][INFO] - Running training with seed 224
[2025-12-17 15:58:55,351][__main__][INFO] - Running training with seed 225
[2025-12-17 15:58:56,736][__main__][INFO] - Running training with seed 226
[2025-12-17 15:58:58,116][__main__][INFO] - Running training with seed 227
[2025-12-17 15:58:59,497][__main__][INFO] - Running training with seed 228
[2025-12-17 15:59:00,875][__main__][INFO] - Running training with seed 229
[2025-12-17 15:59:02,396][__main__][INFO] - Running training with seed 230
[2025-12-17 15:59:03,779][__main__][INFO] - Running training with seed 231
[2025-12-17 15:59:05,160][__main__][INFO] - Running training with seed 232
[2025-12-17 15:59:06,543][__main__][INFO] - Running training with seed 233
[2025-12-17 15:59:07,928][__main__][INFO] - Running training with seed 234
[2025-12-17 15:59:09,311][__main__][INFO] - Running training with seed 235
[2025-12-17 15:59:10,695][__main__][INFO] - Running training with seed 236
[2025-12-17 15:59:12,076][__main__][INFO] - Running training with seed 237
[2025-12-17 15:59:13,463][__main__][INFO] - Running training with seed 238
[2025-12-17 15:59:14,847][__main__][INFO] - Running training with seed 239
[2025-12-17 15:59:16,238][__main__][INFO] - Running training with seed 240
[2025-12-17 15:59:17,621][__main__][INFO] - Running training with seed 241
[2025-12-17 15:59:19,003][__main__][INFO] - Running training with seed 242
[2025-12-17 15:59:20,387][__main__][INFO] - Running training with seed 243
[2025-12-17 15:59:21,771][__main__][INFO] - Running training with seed 244
[2025-12-17 15:59:23,153][__main__][INFO] - Running training with seed 245
[2025-12-17 15:59:24,538][__main__][INFO] - Running training with seed 246
[2025-12-17 15:59:25,921][__main__][INFO] - Running training with seed 247
[2025-12-17 15:59:27,305][__main__][INFO] - Running training with seed 248
[2025-12-17 15:59:28,687][__main__][INFO] - Running training with seed 249
[2025-12-17 15:59:30,072][__main__][INFO] - Running training with seed 250
[2025-12-17 15:59:31,454][__main__][INFO] - Running training with seed 251
[2025-12-17 15:59:32,979][__main__][INFO] - Running training with seed 252
[2025-12-17 15:59:34,361][__main__][INFO] - Running training with seed 253
[2025-12-17 15:59:35,744][__main__][INFO] - Running training with seed 254
[2025-12-17 15:59:37,132][__main__][INFO] - Running training with seed 255
[2025-12-17 15:59:38,669][__main__][INFO] - Running training with seed 256
[2025-12-17 15:59:40,074][__main__][INFO] - Running training with seed 257
[2025-12-17 15:59:41,478][__main__][INFO] - Running training with seed 258
[2025-12-17 15:59:42,879][__main__][INFO] - Running training with seed 259
[2025-12-17 15:59:44,284][__main__][INFO] - Running training with seed 260
[2025-12-17 15:59:45,691][__main__][INFO] - Running training with seed 261
[2025-12-17 15:59:47,093][__main__][INFO] - Running training with seed 262
[2025-12-17 15:59:48,500][__main__][INFO] - Running training with seed 263
[2025-12-17 15:59:49,909][__main__][INFO] - Running training with seed 264
[2025-12-17 15:59:51,314][__main__][INFO] - Running training with seed 265
[2025-12-17 15:59:52,717][__main__][INFO] - Running training with seed 266
[2025-12-17 15:59:54,120][__main__][INFO] - Running training with seed 267
[2025-12-17 15:59:55,529][__main__][INFO] - Running training with seed 268
[2025-12-17 15:59:56,931][__main__][INFO] - Running training with seed 269
[2025-12-17 15:59:58,338][__main__][INFO] - Running training with seed 270
[2025-12-17 15:59:59,740][__main__][INFO] - Running training with seed 271
[2025-12-17 16:00:01,143][__main__][INFO] - Running training with seed 272
[2025-12-17 16:00:02,546][__main__][INFO] - Running training with seed 273
[2025-12-17 16:00:03,956][__main__][INFO] - Running training with seed 274
[2025-12-17 16:00:05,496][__main__][INFO] - Running training with seed 275
[2025-12-17 16:00:06,871][__main__][INFO] - Running training with seed 276
[2025-12-17 16:00:08,416][__main__][INFO] - Running training with seed 277
[2025-12-17 16:00:09,789][__main__][INFO] - Running training with seed 278
[2025-12-17 16:00:11,167][__main__][INFO] - Running training with seed 279
[2025-12-17 16:00:12,542][__main__][INFO] - Running training with seed 280
[2025-12-17 16:00:13,917][__main__][INFO] - Running training with seed 281
[2025-12-17 16:00:15,292][__main__][INFO] - Running training with seed 282
[2025-12-17 16:00:16,667][__main__][INFO] - Running training with seed 283
[2025-12-17 16:00:18,053][__main__][INFO] - Running training with seed 284
[2025-12-17 16:00:19,625][__main__][INFO] - Running training with seed 285
[2025-12-17 16:00:21,025][__main__][INFO] - Running training with seed 286
[2025-12-17 16:00:22,420][__main__][INFO] - Running training with seed 287
[2025-12-17 16:00:23,816][__main__][INFO] - Running training with seed 288
[2025-12-17 16:00:25,221][__main__][INFO] - Running training with seed 289
[2025-12-17 16:00:26,620][__main__][INFO] - Running training with seed 290
[2025-12-17 16:00:28,014][__main__][INFO] - Running training with seed 291
[2025-12-17 16:00:29,410][__main__][INFO] - Running training with seed 292
[2025-12-17 16:00:30,806][__main__][INFO] - Running training with seed 293
[2025-12-17 16:00:32,203][__main__][INFO] - Running training with seed 294
[2025-12-17 16:00:33,595][__main__][INFO] - Running training with seed 295
[2025-12-17 16:00:34,995][__main__][INFO] - Running training with seed 296
[2025-12-17 16:00:36,390][__main__][INFO] - Running training with seed 297
[2025-12-17 16:00:37,785][__main__][INFO] - Running training with seed 298
[2025-12-17 16:00:39,178][__main__][INFO] - Running training with seed 299
[2025-12-17 16:00:40,572][__main__][INFO] - Running training with seed 300
[2025-12-17 16:00:42,136][__main__][INFO] - Running training with seed 301
[2025-12-17 16:00:43,530][__main__][INFO] - Running training with seed 302
[2025-12-17 16:00:44,925][__main__][INFO] - Running training with seed 303
[2025-12-17 16:00:46,327][__main__][INFO] - Running training with seed 304
[2025-12-17 16:00:47,722][__main__][INFO] - Running training with seed 305
[2025-12-17 16:00:49,119][__main__][INFO] - Running training with seed 306
[2025-12-17 16:00:50,513][__main__][INFO] - Running training with seed 307
[2025-12-17 16:00:51,908][__main__][INFO] - Running training with seed 308
[2025-12-17 16:00:53,304][__main__][INFO] - Running training with seed 309
[2025-12-17 16:00:54,692][__main__][INFO] - Running training with seed 310
[2025-12-17 16:00:56,087][__main__][INFO] - Running training with seed 311
[2025-12-17 16:00:57,487][__main__][INFO] - Running training with seed 312
[2025-12-17 16:00:58,879][__main__][INFO] - Running training with seed 313
[2025-12-17 16:01:00,272][__main__][INFO] - Running training with seed 314
[2025-12-17 16:01:01,662][__main__][INFO] - Running training with seed 315
[2025-12-17 16:01:03,051][__main__][INFO] - Running training with seed 316
[2025-12-17 16:01:04,441][__main__][INFO] - Running training with seed 317
[2025-12-17 16:01:05,834][__main__][INFO] - Running training with seed 318
[2025-12-17 16:01:07,236][__main__][INFO] - Running training with seed 319
[2025-12-17 16:01:08,627][__main__][INFO] - Running training with seed 320
[2025-12-17 16:01:10,014][__main__][INFO] - Running training with seed 321
[2025-12-17 16:01:11,404][__main__][INFO] - Running training with seed 322
[2025-12-17 16:01:12,791][__main__][INFO] - Running training with seed 323
[2025-12-17 16:01:14,320][__main__][INFO] - Running training with seed 324
[2025-12-17 16:01:15,708][__main__][INFO] - Running training with seed 325
[2025-12-17 16:01:17,101][__main__][INFO] - Running training with seed 326
[2025-12-17 16:01:18,490][__main__][INFO] - Running training with seed 327
[2025-12-17 16:01:19,878][__main__][INFO] - Running training with seed 328
[2025-12-17 16:01:21,261][__main__][INFO] - Running training with seed 329
[2025-12-17 16:01:22,651][__main__][INFO] - Running training with seed 330
[2025-12-17 16:01:24,036][__main__][INFO] - Running training with seed 331
[2025-12-17 16:01:25,426][__main__][INFO] - Running training with seed 332
[2025-12-17 16:01:26,815][__main__][INFO] - Running training with seed 333
[2025-12-17 16:01:28,202][__main__][INFO] - Running training with seed 334
[2025-12-17 16:01:29,587][__main__][INFO] - Running training with seed 335
[2025-12-17 16:01:30,977][__main__][INFO] - Running training with seed 336
[2025-12-17 16:01:32,363][__main__][INFO] - Running training with seed 337
[2025-12-17 16:01:33,749][__main__][INFO] - Running training with seed 338
[2025-12-17 16:01:35,135][__main__][INFO] - Running training with seed 339
[2025-12-17 16:01:36,521][__main__][INFO] - Running training with seed 340
[2025-12-17 16:01:37,910][__main__][INFO] - Running training with seed 341
[2025-12-17 16:01:39,295][__main__][INFO] - Running training with seed 342
[2025-12-17 16:01:40,682][__main__][INFO] - Running training with seed 343
[2025-12-17 16:01:42,071][__main__][INFO] - Running training with seed 344
[2025-12-17 16:01:43,456][__main__][INFO] - Running training with seed 345
[2025-12-17 16:01:44,982][__main__][INFO] - Running training with seed 346
[2025-12-17 16:01:46,376][__main__][INFO] - Running training with seed 347
[2025-12-17 16:01:47,767][__main__][INFO] - Running training with seed 348
[2025-12-17 16:01:49,153][__main__][INFO] - Running training with seed 349
[2025-12-17 16:01:50,541][__main__][INFO] - Running training with seed 350
[2025-12-17 16:01:51,927][__main__][INFO] - Running training with seed 351
[2025-12-17 16:01:53,309][__main__][INFO] - Running training with seed 352
[2025-12-17 16:01:54,702][__main__][INFO] - Running training with seed 353
[2025-12-17 16:01:56,089][__main__][INFO] - Running training with seed 354
[2025-12-17 16:01:57,477][__main__][INFO] - Running training with seed 355
[2025-12-17 16:01:58,865][__main__][INFO] - Running training with seed 356
[2025-12-17 16:02:00,255][__main__][INFO] - Running training with seed 357
[2025-12-17 16:02:01,642][__main__][INFO] - Running training with seed 358
[2025-12-17 16:02:03,031][__main__][INFO] - Running training with seed 359
[2025-12-17 16:02:04,419][__main__][INFO] - Running training with seed 360
[2025-12-17 16:02:05,803][__main__][INFO] - Running training with seed 361
[2025-12-17 16:02:07,191][__main__][INFO] - Running training with seed 362
[2025-12-17 16:02:08,581][__main__][INFO] - Running training with seed 363
[2025-12-17 16:02:09,975][__main__][INFO] - Running training with seed 364
[2025-12-17 16:02:11,360][__main__][INFO] - Running training with seed 365
[2025-12-17 16:02:12,748][__main__][INFO] - Running training with seed 366
[2025-12-17 16:02:14,134][__main__][INFO] - Running training with seed 367
[2025-12-17 16:02:15,523][__main__][INFO] - Running training with seed 368
[2025-12-17 16:02:16,909][__main__][INFO] - Running training with seed 369
[2025-12-17 16:02:18,297][__main__][INFO] - Running training with seed 370
[2025-12-17 16:02:19,848][__main__][INFO] - Running training with seed 371
[2025-12-17 16:02:21,236][__main__][INFO] - Running training with seed 372
[2025-12-17 16:02:22,621][__main__][INFO] - Running training with seed 373
[2025-12-17 16:02:24,005][__main__][INFO] - Running training with seed 374
[2025-12-17 16:02:25,393][__main__][INFO] - Running training with seed 375
[2025-12-17 16:02:26,782][__main__][INFO] - Running training with seed 376
[2025-12-17 16:02:28,168][__main__][INFO] - Running training with seed 377
[2025-12-17 16:02:29,555][__main__][INFO] - Running training with seed 378
[2025-12-17 16:02:30,945][__main__][INFO] - Running training with seed 379
[2025-12-17 16:02:32,331][__main__][INFO] - Running training with seed 380
[2025-12-17 16:02:33,718][__main__][INFO] - Running training with seed 381
[2025-12-17 16:02:35,104][__main__][INFO] - Running training with seed 382
[2025-12-17 16:02:36,491][__main__][INFO] - Running training with seed 383
[2025-12-17 16:02:37,878][__main__][INFO] - Running training with seed 384
[2025-12-17 16:02:39,272][__main__][INFO] - Running training with seed 385
[2025-12-17 16:02:40,654][__main__][INFO] - Running training with seed 386
[2025-12-17 16:02:42,030][__main__][INFO] - Running training with seed 387
[2025-12-17 16:02:43,413][__main__][INFO] - Running training with seed 388
[2025-12-17 16:02:44,794][__main__][INFO] - Running training with seed 389
[2025-12-17 16:02:46,174][__main__][INFO] - Running training with seed 390
[2025-12-17 16:02:47,553][__main__][INFO] - Running training with seed 391
[2025-12-17 16:02:48,930][__main__][INFO] - Running training with seed 392
[2025-12-17 16:02:50,311][__main__][INFO] - Running training with seed 393
[2025-12-17 16:02:51,694][__main__][INFO] - Running training with seed 394
[2025-12-17 16:02:53,210][__main__][INFO] - Running training with seed 395
[2025-12-17 16:02:54,590][__main__][INFO] - Running training with seed 396
[2025-12-17 16:02:55,972][__main__][INFO] - Running training with seed 397
[2025-12-17 16:02:57,354][__main__][INFO] - Running training with seed 398
[2025-12-17 16:02:58,737][__main__][INFO] - Running training with seed 399
[2025-12-17 16:03:00,120][__main__][INFO] - Running training with seed 400
[2025-12-17 16:03:01,499][__main__][INFO] - Running training with seed 401
[2025-12-17 16:03:02,882][__main__][INFO] - Running training with seed 402
[2025-12-17 16:03:04,261][__main__][INFO] - Running training with seed 403
[2025-12-17 16:03:05,640][__main__][INFO] - Running training with seed 404
[2025-12-17 16:03:07,018][__main__][INFO] - Running training with seed 405
[2025-12-17 16:03:08,395][__main__][INFO] - Running training with seed 406
[2025-12-17 16:03:09,779][__main__][INFO] - Running training with seed 407
[2025-12-17 16:03:11,159][__main__][INFO] - Running training with seed 408
[2025-12-17 16:03:12,539][__main__][INFO] - Running training with seed 409
[2025-12-17 16:03:13,921][__main__][INFO] - Running training with seed 410
[2025-12-17 16:03:15,299][__main__][INFO] - Running training with seed 411
[2025-12-17 16:03:16,680][__main__][INFO] - Running training with seed 412
[2025-12-17 16:03:18,057][__main__][INFO] - Running training with seed 413
[2025-12-17 16:03:19,441][__main__][INFO] - Running training with seed 414
[2025-12-17 16:03:20,821][__main__][INFO] - Running training with seed 415
[2025-12-17 16:03:22,200][__main__][INFO] - Running training with seed 416
[2025-12-17 16:03:23,753][__main__][INFO] - Running training with seed 417
[2025-12-17 16:03:25,133][__main__][INFO] - Running training with seed 418
[2025-12-17 16:03:26,509][__main__][INFO] - Running training with seed 419
[2025-12-17 16:03:27,889][__main__][INFO] - Running training with seed 420
[2025-12-17 16:03:29,268][__main__][INFO] - Running training with seed 421
[2025-12-17 16:03:30,650][__main__][INFO] - Running training with seed 422
[2025-12-17 16:03:32,027][__main__][INFO] - Running training with seed 423
[2025-12-17 16:03:33,408][__main__][INFO] - Running training with seed 424
[2025-12-17 16:03:34,787][__main__][INFO] - Running training with seed 425
[2025-12-17 16:03:36,169][__main__][INFO] - Running training with seed 426
[2025-12-17 16:03:37,550][__main__][INFO] - Running training with seed 427
[2025-12-17 16:03:38,927][__main__][INFO] - Running training with seed 428
[2025-12-17 16:03:40,309][__main__][INFO] - Running training with seed 429
[2025-12-17 16:03:41,691][__main__][INFO] - Running training with seed 430
[2025-12-17 16:03:43,071][__main__][INFO] - Running training with seed 431
[2025-12-17 16:03:44,448][__main__][INFO] - Running training with seed 432
[2025-12-17 16:03:45,825][__main__][INFO] - Running training with seed 433
[2025-12-17 16:03:47,206][__main__][INFO] - Running training with seed 434
[2025-12-17 16:03:48,583][__main__][INFO] - Running training with seed 435
[2025-12-17 16:03:49,959][__main__][INFO] - Running training with seed 436
[2025-12-17 16:03:51,338][__main__][INFO] - Running training with seed 437
[2025-12-17 16:03:52,718][__main__][INFO] - Running training with seed 438
[2025-12-17 16:03:54,235][__main__][INFO] - Running training with seed 439
[2025-12-17 16:03:55,616][__main__][INFO] - Running training with seed 440
[2025-12-17 16:03:56,996][__main__][INFO] - Running training with seed 441
[2025-12-17 16:03:58,378][__main__][INFO] - Running training with seed 442
[2025-12-17 16:03:59,757][__main__][INFO] - Running training with seed 443
[2025-12-17 16:04:01,138][__main__][INFO] - Running training with seed 444
[2025-12-17 16:04:02,516][__main__][INFO] - Running training with seed 445
[2025-12-17 16:04:03,899][__main__][INFO] - Running training with seed 446
[2025-12-17 16:04:05,278][__main__][INFO] - Running training with seed 447
[2025-12-17 16:04:06,658][__main__][INFO] - Running training with seed 448
[2025-12-17 16:04:08,037][__main__][INFO] - Running training with seed 449
[2025-12-17 16:04:09,416][__main__][INFO] - Running training with seed 450
[2025-12-17 16:04:10,795][__main__][INFO] - Running training with seed 451
[2025-12-17 16:04:12,178][__main__][INFO] - Running training with seed 452
[2025-12-17 16:04:13,559][__main__][INFO] - Running training with seed 453
[2025-12-17 16:04:14,939][__main__][INFO] - Running training with seed 454
[2025-12-17 16:04:16,317][__main__][INFO] - Running training with seed 455
[2025-12-17 16:04:17,699][__main__][INFO] - Running training with seed 456
[2025-12-17 16:04:19,081][__main__][INFO] - Running training with seed 457
[2025-12-17 16:04:20,459][__main__][INFO] - Running training with seed 458
[2025-12-17 16:04:21,841][__main__][INFO] - Running training with seed 459
[2025-12-17 16:04:23,219][__main__][INFO] - Running training with seed 460
[2025-12-17 16:04:24,599][__main__][INFO] - Running training with seed 461
[2025-12-17 16:04:25,980][__main__][INFO] - Running training with seed 462
[2025-12-17 16:04:27,357][__main__][INFO] - Running training with seed 463
[2025-12-17 16:04:28,907][__main__][INFO] - Running training with seed 464
[2025-12-17 16:04:30,288][__main__][INFO] - Running training with seed 465
[2025-12-17 16:04:31,672][__main__][INFO] - Running training with seed 466
[2025-12-17 16:04:33,046][__main__][INFO] - Running training with seed 467
[2025-12-17 16:04:34,422][__main__][INFO] - Running training with seed 468
[2025-12-17 16:04:35,795][__main__][INFO] - Running training with seed 469
[2025-12-17 16:04:37,171][__main__][INFO] - Running training with seed 470
[2025-12-17 16:04:38,542][__main__][INFO] - Running training with seed 471
[2025-12-17 16:04:39,918][__main__][INFO] - Running training with seed 472
[2025-12-17 16:04:41,290][__main__][INFO] - Running training with seed 473
[2025-12-17 16:04:42,666][__main__][INFO] - Running training with seed 474
[2025-12-17 16:04:44,039][__main__][INFO] - Running training with seed 475
[2025-12-17 16:04:45,411][__main__][INFO] - Running training with seed 476
[2025-12-17 16:04:46,784][__main__][INFO] - Running training with seed 477
[2025-12-17 16:04:48,160][__main__][INFO] - Running training with seed 478
[2025-12-17 16:04:49,531][__main__][INFO] - Running training with seed 479
[2025-12-17 16:04:50,904][__main__][INFO] - Running training with seed 480
[2025-12-17 16:04:52,281][__main__][INFO] - Running training with seed 481
[2025-12-17 16:04:53,658][__main__][INFO] - Running training with seed 482
[2025-12-17 16:04:55,029][__main__][INFO] - Running training with seed 483
[2025-12-17 16:04:56,405][__main__][INFO] - Running training with seed 484
[2025-12-17 16:04:57,779][__main__][INFO] - Running training with seed 485
[2025-12-17 16:04:59,151][__main__][INFO] - Running training with seed 486
[2025-12-17 16:05:00,525][__main__][INFO] - Running training with seed 487
[2025-12-17 16:05:02,034][__main__][INFO] - Running training with seed 488
[2025-12-17 16:05:03,410][__main__][INFO] - Running training with seed 489
[2025-12-17 16:05:04,784][__main__][INFO] - Running training with seed 490
[2025-12-17 16:05:06,158][__main__][INFO] - Running training with seed 491
[2025-12-17 16:05:07,534][__main__][INFO] - Running training with seed 492
[2025-12-17 16:05:08,907][__main__][INFO] - Running training with seed 493
[2025-12-17 16:05:10,282][__main__][INFO] - Running training with seed 494
[2025-12-17 16:05:11,656][__main__][INFO] - Running training with seed 495
[2025-12-17 16:05:13,036][__main__][INFO] - Running training with seed 496
[2025-12-17 16:05:14,409][__main__][INFO] - Running training with seed 497
[2025-12-17 16:05:15,778][__main__][INFO] - Running training with seed 498
[2025-12-17 16:05:17,148][__main__][INFO] - Running training with seed 499
[2025-12-17 16:05:18,517][__main__][INFO] - Running training with seed 500
[2025-12-17 16:05:19,893][__main__][INFO] - Running training with seed 501
[2025-12-17 16:05:21,262][__main__][INFO] - Running training with seed 502
[2025-12-17 16:05:22,632][__main__][INFO] - Running training with seed 503
[2025-12-17 16:05:24,006][__main__][INFO] - Running training with seed 504
[2025-12-17 16:05:25,375][__main__][INFO] - Running training with seed 505
[2025-12-17 16:05:26,747][__main__][INFO] - Running training with seed 506
[2025-12-17 16:05:28,115][__main__][INFO] - Running training with seed 507
[2025-12-17 16:05:29,490][__main__][INFO] - Running training with seed 508
[2025-12-17 16:05:30,861][__main__][INFO] - Running training with seed 509
[2025-12-17 16:05:32,233][__main__][INFO] - Running training with seed 510
[2025-12-17 16:05:33,750][__main__][INFO] - Running training with seed 511
[2025-12-17 16:05:35,124][__main__][INFO] - Running training with seed 512
[2025-12-17 16:05:36,497][__main__][INFO] - Running training with seed 513
[2025-12-17 16:05:37,867][__main__][INFO] - Running training with seed 514
[2025-12-17 16:05:39,234][__main__][INFO] - Running training with seed 515
[2025-12-17 16:05:40,604][__main__][INFO] - Running training with seed 516
[2025-12-17 16:05:41,971][__main__][INFO] - Running training with seed 517
[2025-12-17 16:05:43,341][__main__][INFO] - Running training with seed 518
[2025-12-17 16:05:44,710][__main__][INFO] - Running training with seed 519
[2025-12-17 16:05:46,076][__main__][INFO] - Running training with seed 520
[2025-12-17 16:05:47,450][__main__][INFO] - Running training with seed 521
[2025-12-17 16:05:48,821][__main__][INFO] - Running training with seed 522
[2025-12-17 16:05:50,191][__main__][INFO] - Running training with seed 523
[2025-12-17 16:05:51,556][__main__][INFO] - Running training with seed 524
[2025-12-17 16:05:52,927][__main__][INFO] - Running training with seed 525
[2025-12-17 16:05:54,298][__main__][INFO] - Running training with seed 526
[2025-12-17 16:05:55,667][__main__][INFO] - Running training with seed 527
[2025-12-17 16:05:57,037][__main__][INFO] - Running training with seed 528
[2025-12-17 16:05:58,404][__main__][INFO] - Running training with seed 529
[2025-12-17 16:05:59,772][__main__][INFO] - Running training with seed 530
[2025-12-17 16:06:01,143][__main__][INFO] - Running training with seed 531
[2025-12-17 16:06:02,514][__main__][INFO] - Running training with seed 532
[2025-12-17 16:06:04,025][__main__][INFO] - Running training with seed 533
[2025-12-17 16:06:05,396][__main__][INFO] - Running training with seed 534
[2025-12-17 16:06:06,764][__main__][INFO] - Running training with seed 535
[2025-12-17 16:06:08,135][__main__][INFO] - Running training with seed 536
[2025-12-17 16:06:09,505][__main__][INFO] - Running training with seed 537
[2025-12-17 16:06:10,872][__main__][INFO] - Running training with seed 538
[2025-12-17 16:06:12,241][__main__][INFO] - Running training with seed 539
[2025-12-17 16:06:13,614][__main__][INFO] - Running training with seed 540
[2025-12-17 16:06:14,981][__main__][INFO] - Running training with seed 541
[2025-12-17 16:06:16,350][__main__][INFO] - Running training with seed 542
[2025-12-17 16:06:17,717][__main__][INFO] - Running training with seed 543
[2025-12-17 16:06:19,089][__main__][INFO] - Running training with seed 544
[2025-12-17 16:06:20,458][__main__][INFO] - Running training with seed 545
[2025-12-17 16:06:21,826][__main__][INFO] - Running training with seed 546
[2025-12-17 16:06:23,195][__main__][INFO] - Running training with seed 547
[2025-12-17 16:06:24,563][__main__][INFO] - Running training with seed 548
[2025-12-17 16:06:25,932][__main__][INFO] - Running training with seed 549
[2025-12-17 16:06:27,299][__main__][INFO] - Running training with seed 550
[2025-12-17 16:06:28,667][__main__][INFO] - Running training with seed 551
[2025-12-17 16:06:30,036][__main__][INFO] - Running training with seed 552
[2025-12-17 16:06:31,406][__main__][INFO] - Running training with seed 553
[2025-12-17 16:06:32,776][__main__][INFO] - Running training with seed 554
[2025-12-17 16:06:34,145][__main__][INFO] - Running training with seed 555
[2025-12-17 16:06:35,516][__main__][INFO] - Running training with seed 556
[2025-12-17 16:06:36,882][__main__][INFO] - Running training with seed 557
[2025-12-17 16:06:38,398][__main__][INFO] - Running training with seed 558
[2025-12-17 16:06:39,766][__main__][INFO] - Running training with seed 559
[2025-12-17 16:06:41,135][__main__][INFO] - Running training with seed 560
[2025-12-17 16:06:42,504][__main__][INFO] - Running training with seed 561
[2025-12-17 16:06:43,872][__main__][INFO] - Running training with seed 562
[2025-12-17 16:06:45,243][__main__][INFO] - Running training with seed 563
[2025-12-17 16:06:46,608][__main__][INFO] - Running training with seed 564
[2025-12-17 16:06:47,981][__main__][INFO] - Running training with seed 565
[2025-12-17 16:06:49,353][__main__][INFO] - Running training with seed 566
[2025-12-17 16:06:50,721][__main__][INFO] - Running training with seed 567
[2025-12-17 16:06:52,088][__main__][INFO] - Running training with seed 568
[2025-12-17 16:06:53,457][__main__][INFO] - Running training with seed 569
[2025-12-17 16:06:54,824][__main__][INFO] - Running training with seed 570
[2025-12-17 16:06:56,192][__main__][INFO] - Running training with seed 571
[2025-12-17 16:06:57,563][__main__][INFO] - Running training with seed 572
[2025-12-17 16:06:58,933][__main__][INFO] - Running training with seed 573
[2025-12-17 16:07:00,302][__main__][INFO] - Running training with seed 574
[2025-12-17 16:07:01,669][__main__][INFO] - Running training with seed 575
[2025-12-17 16:07:03,036][__main__][INFO] - Running training with seed 576
[2025-12-17 16:07:04,403][__main__][INFO] - Running training with seed 577
[2025-12-17 16:07:05,774][__main__][INFO] - Running training with seed 578
[2025-12-17 16:07:07,139][__main__][INFO] - Running training with seed 579
[2025-12-17 16:07:08,507][__main__][INFO] - Running training with seed 580
[2025-12-17 16:07:09,877][__main__][INFO] - Running training with seed 581
[2025-12-17 16:07:11,382][__main__][INFO] - Running training with seed 582
[2025-12-17 16:07:12,749][__main__][INFO] - Running training with seed 583
[2025-12-17 16:07:14,118][__main__][INFO] - Running training with seed 584
[2025-12-17 16:07:15,485][__main__][INFO] - Running training with seed 585
[2025-12-17 16:07:16,854][__main__][INFO] - Running training with seed 586
[2025-12-17 16:07:18,223][__main__][INFO] - Running training with seed 587
[2025-12-17 16:07:19,593][__main__][INFO] - Running training with seed 588
[2025-12-17 16:07:20,957][__main__][INFO] - Running training with seed 589
[2025-12-17 16:07:22,332][__main__][INFO] - Running training with seed 590
[2025-12-17 16:07:23,698][__main__][INFO] - Running training with seed 591
[2025-12-17 16:07:25,068][__main__][INFO] - Running training with seed 592
[2025-12-17 16:07:26,436][__main__][INFO] - Running training with seed 593
[2025-12-17 16:07:27,805][__main__][INFO] - Running training with seed 594
[2025-12-17 16:07:29,175][__main__][INFO] - Running training with seed 595
[2025-12-17 16:07:30,543][__main__][INFO] - Running training with seed 596
[2025-12-17 16:07:31,908][__main__][INFO] - Running training with seed 597
[2025-12-17 16:07:33,275][__main__][INFO] - Running training with seed 598
[2025-12-17 16:07:34,644][__main__][INFO] - Running training with seed 599
[2025-12-17 16:07:36,018][__main__][INFO] - Running training with seed 600
[2025-12-17 16:07:37,387][__main__][INFO] - Running training with seed 601
[2025-12-17 16:07:38,752][__main__][INFO] - Running training with seed 602
[2025-12-17 16:07:40,119][__main__][INFO] - Running training with seed 603
[2025-12-17 16:07:41,636][__main__][INFO] - Running training with seed 604
[2025-12-17 16:07:43,007][__main__][INFO] - Running training with seed 605
[2025-12-17 16:07:44,376][__main__][INFO] - Running training with seed 606
[2025-12-17 16:07:45,742][__main__][INFO] - Running training with seed 607
[2025-12-17 16:07:47,110][__main__][INFO] - Running training with seed 608
[2025-12-17 16:07:48,477][__main__][INFO] - Running training with seed 609
[2025-12-17 16:07:49,848][__main__][INFO] - Running training with seed 610
[2025-12-17 16:07:51,216][__main__][INFO] - Running training with seed 611
[2025-12-17 16:07:52,583][__main__][INFO] - Running training with seed 612
[2025-12-17 16:07:53,950][__main__][INFO] - Running training with seed 613
[2025-12-17 16:07:55,316][__main__][INFO] - Running training with seed 614
[2025-12-17 16:07:56,684][__main__][INFO] - Running training with seed 615
[2025-12-17 16:07:58,052][__main__][INFO] - Running training with seed 616
[2025-12-17 16:07:59,419][__main__][INFO] - Running training with seed 617
[2025-12-17 16:08:00,788][__main__][INFO] - Running training with seed 618
[2025-12-17 16:08:02,152][__main__][INFO] - Running training with seed 619
[2025-12-17 16:08:03,519][__main__][INFO] - Running training with seed 620
[2025-12-17 16:08:04,886][__main__][INFO] - Running training with seed 621
[2025-12-17 16:08:06,254][__main__][INFO] - Running training with seed 622
[2025-12-17 16:08:07,619][__main__][INFO] - Running training with seed 623
[2025-12-17 16:08:08,990][__main__][INFO] - Running training with seed 624
[2025-12-17 16:08:10,362][__main__][INFO] - Running training with seed 625
[2025-12-17 16:08:11,864][__main__][INFO] - Running training with seed 626
[2025-12-17 16:08:13,233][__main__][INFO] - Running training with seed 627
[2025-12-17 16:08:14,602][__main__][INFO] - Running training with seed 628
[2025-12-17 16:08:15,970][__main__][INFO] - Running training with seed 629
[2025-12-17 16:08:17,339][__main__][INFO] - Running training with seed 630
[2025-12-17 16:08:18,708][__main__][INFO] - Running training with seed 631
[2025-12-17 16:08:20,078][__main__][INFO] - Running training with seed 632
[2025-12-17 16:08:21,447][__main__][INFO] - Running training with seed 633
[2025-12-17 16:08:22,815][__main__][INFO] - Running training with seed 634
[2025-12-17 16:08:24,182][__main__][INFO] - Running training with seed 635
[2025-12-17 16:08:25,548][__main__][INFO] - Running training with seed 636
[2025-12-17 16:08:26,914][__main__][INFO] - Running training with seed 637
[2025-12-17 16:08:28,282][__main__][INFO] - Running training with seed 638
[2025-12-17 16:08:29,645][__main__][INFO] - Running training with seed 639
[2025-12-17 16:08:31,026][__main__][INFO] - Running training with seed 640
[2025-12-17 16:08:32,396][__main__][INFO] - Running training with seed 641
[2025-12-17 16:08:33,762][__main__][INFO] - Running training with seed 642
[2025-12-17 16:08:35,135][__main__][INFO] - Running training with seed 643
[2025-12-17 16:08:36,506][__main__][INFO] - Running training with seed 644
[2025-12-17 16:08:37,873][__main__][INFO] - Running training with seed 645
[2025-12-17 16:08:39,239][__main__][INFO] - Running training with seed 646
[2025-12-17 16:08:40,610][__main__][INFO] - Running training with seed 647
[2025-12-17 16:08:41,973][__main__][INFO] - Running training with seed 648
[2025-12-17 16:08:43,345][__main__][INFO] - Running training with seed 649
[2025-12-17 16:08:44,713][__main__][INFO] - Running training with seed 650
[2025-12-17 16:08:46,231][__main__][INFO] - Running training with seed 651
[2025-12-17 16:08:47,600][__main__][INFO] - Running training with seed 652
[2025-12-17 16:08:48,967][__main__][INFO] - Running training with seed 653
[2025-12-17 16:08:50,337][__main__][INFO] - Running training with seed 654
[2025-12-17 16:08:51,707][__main__][INFO] - Running training with seed 655
[2025-12-17 16:08:53,075][__main__][INFO] - Running training with seed 656
[2025-12-17 16:08:54,443][__main__][INFO] - Running training with seed 657
[2025-12-17 16:08:55,812][__main__][INFO] - Running training with seed 658
[2025-12-17 16:08:57,180][__main__][INFO] - Running training with seed 659
[2025-12-17 16:08:58,547][__main__][INFO] - Running training with seed 660
[2025-12-17 16:08:59,916][__main__][INFO] - Running training with seed 661
[2025-12-17 16:09:01,283][__main__][INFO] - Running training with seed 662
[2025-12-17 16:09:02,651][__main__][INFO] - Running training with seed 663
[2025-12-17 16:09:04,019][__main__][INFO] - Running training with seed 664
[2025-12-17 16:09:05,386][__main__][INFO] - Running training with seed 665
[2025-12-17 16:09:06,752][__main__][INFO] - Running training with seed 666
[2025-12-17 16:09:08,119][__main__][INFO] - Running training with seed 667
[2025-12-17 16:09:09,487][__main__][INFO] - Running training with seed 668
[2025-12-17 16:09:10,853][__main__][INFO] - Running training with seed 669
[2025-12-17 16:09:12,223][__main__][INFO] - Running training with seed 670
[2025-12-17 16:09:13,592][__main__][INFO] - Running training with seed 671
[2025-12-17 16:09:14,959][__main__][INFO] - Running training with seed 672
[2025-12-17 16:09:16,325][__main__][INFO] - Running training with seed 673
[2025-12-17 16:09:17,694][__main__][INFO] - Running training with seed 674
[2025-12-17 16:09:19,198][__main__][INFO] - Running training with seed 675
[2025-12-17 16:09:20,569][__main__][INFO] - Running training with seed 676
[2025-12-17 16:09:21,939][__main__][INFO] - Running training with seed 677
[2025-12-17 16:09:23,309][__main__][INFO] - Running training with seed 678
[2025-12-17 16:09:24,675][__main__][INFO] - Running training with seed 679
[2025-12-17 16:09:26,043][__main__][INFO] - Running training with seed 680
[2025-12-17 16:09:27,406][__main__][INFO] - Running training with seed 681
[2025-12-17 16:09:28,783][__main__][INFO] - Running training with seed 682
[2025-12-17 16:09:30,155][__main__][INFO] - Running training with seed 683
[2025-12-17 16:09:31,522][__main__][INFO] - Running training with seed 684
[2025-12-17 16:09:32,891][__main__][INFO] - Running training with seed 685
[2025-12-17 16:09:34,263][__main__][INFO] - Running training with seed 686
[2025-12-17 16:09:35,629][__main__][INFO] - Running training with seed 687
[2025-12-17 16:09:37,002][__main__][INFO] - Running training with seed 688
[2025-12-17 16:09:38,369][__main__][INFO] - Running training with seed 689
[2025-12-17 16:09:39,745][__main__][INFO] - Running training with seed 690
[2025-12-17 16:09:41,112][__main__][INFO] - Running training with seed 691
[2025-12-17 16:09:42,480][__main__][INFO] - Running training with seed 692
[2025-12-17 16:09:43,846][__main__][INFO] - Running training with seed 693
[2025-12-17 16:09:45,216][__main__][INFO] - Running training with seed 694
[2025-12-17 16:09:46,585][__main__][INFO] - Running training with seed 695
[2025-12-17 16:09:47,951][__main__][INFO] - Running training with seed 696
[2025-12-17 16:09:49,317][__main__][INFO] - Running training with seed 697
[2025-12-17 16:09:50,835][__main__][INFO] - Running training with seed 698
[2025-12-17 16:09:52,202][__main__][INFO] - Running training with seed 699
[2025-12-17 16:09:53,570][__main__][INFO] - Running training with seed 700
[2025-12-17 16:09:54,939][__main__][INFO] - Running training with seed 701
[2025-12-17 16:09:56,306][__main__][INFO] - Running training with seed 702
[2025-12-17 16:09:57,677][__main__][INFO] - Running training with seed 703
[2025-12-17 16:09:59,046][__main__][INFO] - Running training with seed 704
[2025-12-17 16:10:00,415][__main__][INFO] - Running training with seed 705
[2025-12-17 16:10:01,782][__main__][INFO] - Running training with seed 706
[2025-12-17 16:10:03,149][__main__][INFO] - Running training with seed 707
[2025-12-17 16:10:04,518][__main__][INFO] - Running training with seed 708
[2025-12-17 16:10:05,884][__main__][INFO] - Running training with seed 709
[2025-12-17 16:10:07,252][__main__][INFO] - Running training with seed 710
[2025-12-17 16:10:08,619][__main__][INFO] - Running training with seed 711
[2025-12-17 16:10:09,987][__main__][INFO] - Running training with seed 712
[2025-12-17 16:10:11,355][__main__][INFO] - Running training with seed 713
[2025-12-17 16:10:12,724][__main__][INFO] - Running training with seed 714
[2025-12-17 16:10:14,089][__main__][INFO] - Running training with seed 715
[2025-12-17 16:10:15,458][__main__][INFO] - Running training with seed 716
[2025-12-17 16:10:16,826][__main__][INFO] - Running training with seed 717
[2025-12-17 16:10:18,193][__main__][INFO] - Running training with seed 718
[2025-12-17 16:10:19,564][__main__][INFO] - Running training with seed 719
[2025-12-17 16:10:21,082][__main__][INFO] - Running training with seed 720
[2025-12-17 16:10:22,448][__main__][INFO] - Running training with seed 721
[2025-12-17 16:10:23,818][__main__][INFO] - Running training with seed 722
[2025-12-17 16:10:25,185][__main__][INFO] - Running training with seed 723
[2025-12-17 16:10:26,552][__main__][INFO] - Running training with seed 724
[2025-12-17 16:10:27,920][__main__][INFO] - Running training with seed 725
[2025-12-17 16:10:29,288][__main__][INFO] - Running training with seed 726
[2025-12-17 16:10:30,660][__main__][INFO] - Running training with seed 727
[2025-12-17 16:10:32,031][__main__][INFO] - Running training with seed 728
[2025-12-17 16:10:33,399][__main__][INFO] - Running training with seed 729
[2025-12-17 16:10:34,767][__main__][INFO] - Running training with seed 730
[2025-12-17 16:10:36,135][__main__][INFO] - Running training with seed 731
[2025-12-17 16:10:37,504][__main__][INFO] - Running training with seed 732
[2025-12-17 16:10:38,873][__main__][INFO] - Running training with seed 733
[2025-12-17 16:10:40,242][__main__][INFO] - Running training with seed 734
[2025-12-17 16:10:41,609][__main__][INFO] - Running training with seed 735
[2025-12-17 16:10:42,976][__main__][INFO] - Running training with seed 736
[2025-12-17 16:10:44,338][__main__][INFO] - Running training with seed 737
[2025-12-17 16:10:45,709][__main__][INFO] - Running training with seed 738
[2025-12-17 16:10:47,075][__main__][INFO] - Running training with seed 739
[2025-12-17 16:10:48,437][__main__][INFO] - Running training with seed 740
[2025-12-17 16:10:49,811][__main__][INFO] - Running training with seed 741
[2025-12-17 16:10:51,178][__main__][INFO] - Running training with seed 742
[2025-12-17 16:10:52,545][__main__][INFO] - Running training with seed 743
[2025-12-17 16:10:53,911][__main__][INFO] - Running training with seed 744
[2025-12-17 16:10:55,410][__main__][INFO] - Running training with seed 745
[2025-12-17 16:10:56,785][__main__][INFO] - Running training with seed 746
[2025-12-17 16:10:58,155][__main__][INFO] - Running training with seed 747
[2025-12-17 16:10:59,523][__main__][INFO] - Running training with seed 748
[2025-12-17 16:11:00,892][__main__][INFO] - Running training with seed 749
[2025-12-17 16:11:02,260][__main__][INFO] - Running training with seed 750
[2025-12-17 16:11:03,628][__main__][INFO] - Running training with seed 751
[2025-12-17 16:11:04,998][__main__][INFO] - Running training with seed 752
[2025-12-17 16:11:06,365][__main__][INFO] - Running training with seed 753
[2025-12-17 16:11:07,733][__main__][INFO] - Running training with seed 754
[2025-12-17 16:11:09,097][__main__][INFO] - Running training with seed 755
[2025-12-17 16:11:10,466][__main__][INFO] - Running training with seed 756
[2025-12-17 16:11:11,831][__main__][INFO] - Running training with seed 757
[2025-12-17 16:11:13,195][__main__][INFO] - Running training with seed 758
[2025-12-17 16:11:14,563][__main__][INFO] - Running training with seed 759
[2025-12-17 16:11:15,930][__main__][INFO] - Running training with seed 760
[2025-12-17 16:11:17,296][__main__][INFO] - Running training with seed 761
[2025-12-17 16:11:18,668][__main__][INFO] - Running training with seed 762
[2025-12-17 16:11:20,036][__main__][INFO] - Running training with seed 763
[2025-12-17 16:11:21,402][__main__][INFO] - Running training with seed 764
[2025-12-17 16:11:22,769][__main__][INFO] - Running training with seed 765
[2025-12-17 16:11:24,139][__main__][INFO] - Running training with seed 766
[2025-12-17 16:11:25,507][__main__][INFO] - Running training with seed 767
[2025-12-17 16:11:26,874][__main__][INFO] - Running training with seed 768
[2025-12-17 16:11:28,388][__main__][INFO] - Running training with seed 769
[2025-12-17 16:11:29,753][__main__][INFO] - Running training with seed 770
[2025-12-17 16:11:31,120][__main__][INFO] - Running training with seed 771
[2025-12-17 16:11:32,490][__main__][INFO] - Running training with seed 772
[2025-12-17 16:11:33,858][__main__][INFO] - Running training with seed 773
[2025-12-17 16:11:35,225][__main__][INFO] - Running training with seed 774
[2025-12-17 16:11:36,590][__main__][INFO] - Running training with seed 775
[2025-12-17 16:11:37,959][__main__][INFO] - Running training with seed 776
[2025-12-17 16:11:39,327][__main__][INFO] - Running training with seed 777
[2025-12-17 16:11:40,695][__main__][INFO] - Running training with seed 778
[2025-12-17 16:11:42,063][__main__][INFO] - Running training with seed 779
[2025-12-17 16:11:43,434][__main__][INFO] - Running training with seed 780
[2025-12-17 16:11:44,801][__main__][INFO] - Running training with seed 781
[2025-12-17 16:11:46,171][__main__][INFO] - Running training with seed 782
[2025-12-17 16:11:47,529][__main__][INFO] - Running training with seed 783
[2025-12-17 16:11:48,901][__main__][INFO] - Running training with seed 784
[2025-12-17 16:11:50,272][__main__][INFO] - Running training with seed 785
[2025-12-17 16:11:51,638][__main__][INFO] - Running training with seed 786
[2025-12-17 16:11:53,007][__main__][INFO] - Running training with seed 787
[2025-12-17 16:11:54,374][__main__][INFO] - Running training with seed 788
[2025-12-17 16:11:55,741][__main__][INFO] - Running training with seed 789
[2025-12-17 16:11:57,108][__main__][INFO] - Running training with seed 790
[2025-12-17 16:11:58,611][__main__][INFO] - Running training with seed 791
[2025-12-17 16:11:59,979][__main__][INFO] - Running training with seed 792
[2025-12-17 16:12:01,348][__main__][INFO] - Running training with seed 793
[2025-12-17 16:12:02,714][__main__][INFO] - Running training with seed 794
[2025-12-17 16:12:04,081][__main__][INFO] - Running training with seed 795
[2025-12-17 16:12:05,447][__main__][INFO] - Running training with seed 796
[2025-12-17 16:12:06,815][__main__][INFO] - Running training with seed 797
[2025-12-17 16:12:08,187][__main__][INFO] - Running training with seed 798
[2025-12-17 16:12:09,551][__main__][INFO] - Running training with seed 799
[2025-12-17 16:12:10,919][__main__][INFO] - Running training with seed 800
[2025-12-17 16:12:12,289][__main__][INFO] - Running training with seed 801
[2025-12-17 16:12:13,657][__main__][INFO] - Running training with seed 802
[2025-12-17 16:12:15,021][__main__][INFO] - Running training with seed 803
[2025-12-17 16:12:16,395][__main__][INFO] - Running training with seed 804
[2025-12-17 16:12:17,764][__main__][INFO] - Running training with seed 805
[2025-12-17 16:12:19,132][__main__][INFO] - Running training with seed 806
[2025-12-17 16:12:20,503][__main__][INFO] - Running training with seed 807
[2025-12-17 16:12:21,869][__main__][INFO] - Running training with seed 808
[2025-12-17 16:12:23,240][__main__][INFO] - Running training with seed 809
[2025-12-17 16:12:24,610][__main__][INFO] - Running training with seed 810
[2025-12-17 16:12:25,975][__main__][INFO] - Running training with seed 811
[2025-12-17 16:12:27,343][__main__][INFO] - Running training with seed 812
[2025-12-17 16:12:28,858][__main__][INFO] - Running training with seed 813
[2025-12-17 16:12:30,226][__main__][INFO] - Running training with seed 814
[2025-12-17 16:12:31,596][__main__][INFO] - Running training with seed 815
[2025-12-17 16:12:32,967][__main__][INFO] - Running training with seed 816
[2025-12-17 16:12:34,334][__main__][INFO] - Running training with seed 817
[2025-12-17 16:12:35,700][__main__][INFO] - Running training with seed 818
[2025-12-17 16:12:37,069][__main__][INFO] - Running training with seed 819
[2025-12-17 16:12:38,443][__main__][INFO] - Running training with seed 820
[2025-12-17 16:12:39,807][__main__][INFO] - Running training with seed 821
[2025-12-17 16:12:41,178][__main__][INFO] - Running training with seed 822
[2025-12-17 16:12:42,545][__main__][INFO] - Running training with seed 823
[2025-12-17 16:12:43,914][__main__][INFO] - Running training with seed 824
[2025-12-17 16:12:45,283][__main__][INFO] - Running training with seed 825
[2025-12-17 16:12:46,649][__main__][INFO] - Running training with seed 826
[2025-12-17 16:12:48,017][__main__][INFO] - Running training with seed 827
[2025-12-17 16:12:49,386][__main__][INFO] - Running training with seed 828
[2025-12-17 16:12:50,753][__main__][INFO] - Running training with seed 829
[2025-12-17 16:12:52,123][__main__][INFO] - Running training with seed 830
[2025-12-17 16:12:53,489][__main__][INFO] - Running training with seed 831
[2025-12-17 16:12:54,859][__main__][INFO] - Running training with seed 832
[2025-12-17 16:12:56,230][__main__][INFO] - Running training with seed 833
[2025-12-17 16:12:57,597][__main__][INFO] - Running training with seed 834
[2025-12-17 16:12:58,965][__main__][INFO] - Running training with seed 835
[2025-12-17 16:13:00,333][__main__][INFO] - Running training with seed 836
[2025-12-17 16:13:01,702][__main__][INFO] - Running training with seed 837
[2025-12-17 16:13:03,204][__main__][INFO] - Running training with seed 838
[2025-12-17 16:13:04,572][__main__][INFO] - Running training with seed 839
[2025-12-17 16:13:05,943][__main__][INFO] - Running training with seed 840
[2025-12-17 16:13:07,310][__main__][INFO] - Running training with seed 841
[2025-12-17 16:13:08,678][__main__][INFO] - Running training with seed 842
[2025-12-17 16:13:10,044][__main__][INFO] - Running training with seed 843
[2025-12-17 16:13:11,412][__main__][INFO] - Running training with seed 844
[2025-12-17 16:13:12,779][__main__][INFO] - Running training with seed 845
[2025-12-17 16:13:14,144][__main__][INFO] - Running training with seed 846
[2025-12-17 16:13:15,512][__main__][INFO] - Running training with seed 847
[2025-12-17 16:13:16,878][__main__][INFO] - Running training with seed 848
[2025-12-17 16:13:18,248][__main__][INFO] - Running training with seed 849
[2025-12-17 16:13:19,618][__main__][INFO] - Running training with seed 850
[2025-12-17 16:13:20,989][__main__][INFO] - Running training with seed 851
[2025-12-17 16:13:22,356][__main__][INFO] - Running training with seed 852
[2025-12-17 16:13:23,724][__main__][INFO] - Running training with seed 853
[2025-12-17 16:13:25,090][__main__][INFO] - Running training with seed 854
[2025-12-17 16:13:26,455][__main__][INFO] - Running training with seed 855
[2025-12-17 16:13:27,821][__main__][INFO] - Running training with seed 856
[2025-12-17 16:13:29,187][__main__][INFO] - Running training with seed 857
[2025-12-17 16:13:30,554][__main__][INFO] - Running training with seed 858
[2025-12-17 16:13:31,916][__main__][INFO] - Running training with seed 859
[2025-12-17 16:13:33,289][__main__][INFO] - Running training with seed 860
[2025-12-17 16:13:34,653][__main__][INFO] - Running training with seed 861
[2025-12-17 16:13:36,167][__main__][INFO] - Running training with seed 862
[2025-12-17 16:13:37,536][__main__][INFO] - Running training with seed 863
[2025-12-17 16:13:38,906][__main__][INFO] - Running training with seed 864
[2025-12-17 16:13:40,277][__main__][INFO] - Running training with seed 865
[2025-12-17 16:13:41,645][__main__][INFO] - Running training with seed 866
[2025-12-17 16:13:43,012][__main__][INFO] - Running training with seed 867
[2025-12-17 16:13:44,380][__main__][INFO] - Running training with seed 868
[2025-12-17 16:13:45,748][__main__][INFO] - Running training with seed 869
[2025-12-17 16:13:47,117][__main__][INFO] - Running training with seed 870
[2025-12-17 16:13:48,487][__main__][INFO] - Running training with seed 871
[2025-12-17 16:13:49,855][__main__][INFO] - Running training with seed 872
[2025-12-17 16:13:51,223][__main__][INFO] - Running training with seed 873
[2025-12-17 16:13:52,589][__main__][INFO] - Running training with seed 874
[2025-12-17 16:13:53,958][__main__][INFO] - Running training with seed 875
[2025-12-17 16:13:55,327][__main__][INFO] - Running training with seed 876
[2025-12-17 16:13:56,694][__main__][INFO] - Running training with seed 877
[2025-12-17 16:13:58,063][__main__][INFO] - Running training with seed 878
[2025-12-17 16:13:59,429][__main__][INFO] - Running training with seed 879
[2025-12-17 16:14:00,799][__main__][INFO] - Running training with seed 880
[2025-12-17 16:14:02,164][__main__][INFO] - Running training with seed 881
[2025-12-17 16:14:03,532][__main__][INFO] - Running training with seed 882
[2025-12-17 16:14:04,899][__main__][INFO] - Running training with seed 883
[2025-12-17 16:14:06,267][__main__][INFO] - Running training with seed 884
[2025-12-17 16:14:07,768][__main__][INFO] - Running training with seed 885
[2025-12-17 16:14:09,136][__main__][INFO] - Running training with seed 886
[2025-12-17 16:14:10,501][__main__][INFO] - Running training with seed 887
[2025-12-17 16:14:11,871][__main__][INFO] - Running training with seed 888
[2025-12-17 16:14:13,240][__main__][INFO] - Running training with seed 889
[2025-12-17 16:14:14,607][__main__][INFO] - Running training with seed 890
[2025-12-17 16:14:15,974][__main__][INFO] - Running training with seed 891
[2025-12-17 16:14:17,337][__main__][INFO] - Running training with seed 892
[2025-12-17 16:14:18,709][__main__][INFO] - Running training with seed 893
[2025-12-17 16:14:20,079][__main__][INFO] - Running training with seed 894
[2025-12-17 16:14:21,448][__main__][INFO] - Running training with seed 895
[2025-12-17 16:14:22,820][__main__][INFO] - Running training with seed 896
[2025-12-17 16:14:24,294][__main__][INFO] - Running training with seed 897
[2025-12-17 16:14:25,645][__main__][INFO] - Running training with seed 898
[2025-12-17 16:14:27,003][__main__][INFO] - Running training with seed 899
[2025-12-17 16:14:28,355][__main__][INFO] - Running training with seed 900
[2025-12-17 16:14:29,706][__main__][INFO] - Running training with seed 901
[2025-12-17 16:14:31,065][__main__][INFO] - Running training with seed 902
[2025-12-17 16:14:32,418][__main__][INFO] - Running training with seed 903
[2025-12-17 16:14:33,771][__main__][INFO] - Running training with seed 904
[2025-12-17 16:14:35,120][__main__][INFO] - Running training with seed 905
[2025-12-17 16:14:36,473][__main__][INFO] - Running training with seed 906
[2025-12-17 16:14:37,971][__main__][INFO] - Running training with seed 907
[2025-12-17 16:14:39,330][__main__][INFO] - Running training with seed 908
[2025-12-17 16:14:40,681][__main__][INFO] - Running training with seed 909
[2025-12-17 16:14:42,033][__main__][INFO] - Running training with seed 910
[2025-12-17 16:14:43,385][__main__][INFO] - Running training with seed 911
[2025-12-17 16:14:44,739][__main__][INFO] - Running training with seed 912
[2025-12-17 16:14:46,090][__main__][INFO] - Running training with seed 913
[2025-12-17 16:14:47,445][__main__][INFO] - Running training with seed 914
[2025-12-17 16:14:48,798][__main__][INFO] - Running training with seed 915
[2025-12-17 16:14:50,147][__main__][INFO] - Running training with seed 916
[2025-12-17 16:14:51,498][__main__][INFO] - Running training with seed 917
[2025-12-17 16:14:52,851][__main__][INFO] - Running training with seed 918
[2025-12-17 16:14:54,201][__main__][INFO] - Running training with seed 919
[2025-12-17 16:14:55,552][__main__][INFO] - Running training with seed 920
[2025-12-17 16:14:56,903][__main__][INFO] - Running training with seed 921
[2025-12-17 16:14:58,254][__main__][INFO] - Running training with seed 922
[2025-12-17 16:14:59,606][__main__][INFO] - Running training with seed 923
[2025-12-17 16:15:00,958][__main__][INFO] - Running training with seed 924
[2025-12-17 16:15:02,308][__main__][INFO] - Running training with seed 925
[2025-12-17 16:15:03,660][__main__][INFO] - Running training with seed 926
[2025-12-17 16:15:05,011][__main__][INFO] - Running training with seed 927
[2025-12-17 16:15:06,368][__main__][INFO] - Running training with seed 928
[2025-12-17 16:15:07,719][__main__][INFO] - Running training with seed 929
[2025-12-17 16:15:09,071][__main__][INFO] - Running training with seed 930
[2025-12-17 16:15:10,424][__main__][INFO] - Running training with seed 931
[2025-12-17 16:15:11,912][__main__][INFO] - Running training with seed 932
[2025-12-17 16:15:13,263][__main__][INFO] - Running training with seed 933
[2025-12-17 16:15:14,616][__main__][INFO] - Running training with seed 934
[2025-12-17 16:15:15,970][__main__][INFO] - Running training with seed 935
[2025-12-17 16:15:17,324][__main__][INFO] - Running training with seed 936
[2025-12-17 16:15:18,674][__main__][INFO] - Running training with seed 937
[2025-12-17 16:15:20,027][__main__][INFO] - Running training with seed 938
[2025-12-17 16:15:21,379][__main__][INFO] - Running training with seed 939
[2025-12-17 16:15:22,731][__main__][INFO] - Running training with seed 940
[2025-12-17 16:15:24,083][__main__][INFO] - Running training with seed 941
[2025-12-17 16:15:25,435][__main__][INFO] - Running training with seed 942
[2025-12-17 16:15:26,790][__main__][INFO] - Running training with seed 943
[2025-12-17 16:15:28,144][__main__][INFO] - Running training with seed 944
[2025-12-17 16:15:29,496][__main__][INFO] - Running training with seed 945
[2025-12-17 16:15:30,847][__main__][INFO] - Running training with seed 946
[2025-12-17 16:15:32,199][__main__][INFO] - Running training with seed 947
[2025-12-17 16:15:33,549][__main__][INFO] - Running training with seed 948
[2025-12-17 16:15:34,908][__main__][INFO] - Running training with seed 949
[2025-12-17 16:15:36,260][__main__][INFO] - Running training with seed 950
[2025-12-17 16:15:37,612][__main__][INFO] - Running training with seed 951
[2025-12-17 16:15:38,966][__main__][INFO] - Running training with seed 952
[2025-12-17 16:15:40,320][__main__][INFO] - Running training with seed 953
[2025-12-17 16:15:41,673][__main__][INFO] - Running training with seed 954
[2025-12-17 16:15:43,023][__main__][INFO] - Running training with seed 955
[2025-12-17 16:15:44,521][__main__][INFO] - Running training with seed 956
[2025-12-17 16:15:45,877][__main__][INFO] - Running training with seed 957
[2025-12-17 16:15:47,230][__main__][INFO] - Running training with seed 958
[2025-12-17 16:15:48,583][__main__][INFO] - Running training with seed 959
[2025-12-17 16:15:49,935][__main__][INFO] - Running training with seed 960
[2025-12-17 16:15:51,287][__main__][INFO] - Running training with seed 961
[2025-12-17 16:15:52,638][__main__][INFO] - Running training with seed 962
[2025-12-17 16:15:53,993][__main__][INFO] - Running training with seed 963
[2025-12-17 16:15:55,345][__main__][INFO] - Running training with seed 964
[2025-12-17 16:15:56,699][__main__][INFO] - Running training with seed 965
[2025-12-17 16:15:58,047][__main__][INFO] - Running training with seed 966
[2025-12-17 16:15:59,398][__main__][INFO] - Running training with seed 967
[2025-12-17 16:16:00,750][__main__][INFO] - Running training with seed 968
[2025-12-17 16:16:02,101][__main__][INFO] - Running training with seed 969
[2025-12-17 16:16:03,452][__main__][INFO] - Running training with seed 970
[2025-12-17 16:16:04,805][__main__][INFO] - Running training with seed 971
[2025-12-17 16:16:06,158][__main__][INFO] - Running training with seed 972
[2025-12-17 16:16:07,509][__main__][INFO] - Running training with seed 973
[2025-12-17 16:16:08,864][__main__][INFO] - Running training with seed 974
[2025-12-17 16:16:10,216][__main__][INFO] - Running training with seed 975
[2025-12-17 16:16:11,570][__main__][INFO] - Running training with seed 976
[2025-12-17 16:16:12,921][__main__][INFO] - Running training with seed 977
[2025-12-17 16:16:14,405][__main__][INFO] - Running training with seed 978
[2025-12-17 16:16:15,753][__main__][INFO] - Running training with seed 979
[2025-12-17 16:16:17,107][__main__][INFO] - Running training with seed 980
[2025-12-17 16:16:18,458][__main__][INFO] - Running training with seed 981
[2025-12-17 16:16:19,809][__main__][INFO] - Running training with seed 982
[2025-12-17 16:16:21,164][__main__][INFO] - Running training with seed 983
[2025-12-17 16:16:22,516][__main__][INFO] - Running training with seed 984
[2025-12-17 16:16:23,870][__main__][INFO] - Running training with seed 985
[2025-12-17 16:16:25,225][__main__][INFO] - Running training with seed 986
[2025-12-17 16:16:26,573][__main__][INFO] - Running training with seed 987
[2025-12-17 16:16:27,934][__main__][INFO] - Running training with seed 988
[2025-12-17 16:16:29,286][__main__][INFO] - Running training with seed 989
[2025-12-17 16:16:30,642][__main__][INFO] - Running training with seed 990
[2025-12-17 16:16:31,998][__main__][INFO] - Running training with seed 991
[2025-12-17 16:16:33,351][__main__][INFO] - Running training with seed 992
[2025-12-17 16:16:34,708][__main__][INFO] - Running training with seed 993
[2025-12-17 16:16:36,059][__main__][INFO] - Running training with seed 994
[2025-12-17 16:16:37,412][__main__][INFO] - Running training with seed 995
[2025-12-17 16:16:38,767][__main__][INFO] - Running training with seed 996
[2025-12-17 16:16:40,119][__main__][INFO] - Running training with seed 997
[2025-12-17 16:16:41,468][__main__][INFO] - Running training with seed 998
[2025-12-17 16:16:42,818][__main__][INFO] - Running training with seed 999
