[2025-12-18 10:39:32,220][__main__][INFO] - QNN training pipeline initialized
[2025-12-18 10:39:32,220][data_loading][INFO] - Loading and embedding MNIST data...
[2025-12-18 10:39:32,250][data_loading][INFO] - Data loading complete.
[2025-12-18 10:39:35,164][__main__][INFO] - Running training with seed 1
[2025-12-18 10:39:35,407][__main__][INFO] - Running training with seed 2
[2025-12-18 10:39:35,635][__main__][INFO] - Running training with seed 3
[2025-12-18 10:39:35,865][__main__][INFO] - Running training with seed 4
[2025-12-18 10:39:36,095][__main__][INFO] - Running training with seed 5
[2025-12-18 10:39:36,325][__main__][INFO] - Running training with seed 6
[2025-12-18 10:39:36,557][__main__][INFO] - Running training with seed 7
[2025-12-18 10:39:36,785][__main__][INFO] - Running training with seed 8
[2025-12-18 10:39:37,013][__main__][INFO] - Running training with seed 9
[2025-12-18 10:39:37,241][__main__][INFO] - Running training with seed 10
[2025-12-18 10:39:37,470][__main__][INFO] - Running training with seed 11
[2025-12-18 10:39:37,700][__main__][INFO] - Running training with seed 12
[2025-12-18 10:39:37,926][__main__][INFO] - Running training with seed 13
[2025-12-18 10:39:38,157][__main__][INFO] - Running training with seed 14
[2025-12-18 10:39:38,384][__main__][INFO] - Running training with seed 15
[2025-12-18 10:39:38,613][__main__][INFO] - Running training with seed 16
[2025-12-18 10:39:38,844][__main__][INFO] - Running training with seed 17
[2025-12-18 10:39:39,073][__main__][INFO] - Running training with seed 18
[2025-12-18 10:39:39,302][__main__][INFO] - Running training with seed 19
[2025-12-18 10:39:39,529][__main__][INFO] - Running training with seed 20
[2025-12-18 10:39:39,758][__main__][INFO] - Running training with seed 21
[2025-12-18 10:39:39,988][__main__][INFO] - Running training with seed 22
[2025-12-18 10:39:40,216][__main__][INFO] - Running training with seed 23
[2025-12-18 10:39:40,449][__main__][INFO] - Running training with seed 24
[2025-12-18 10:39:40,679][__main__][INFO] - Running training with seed 25
[2025-12-18 10:39:40,909][__main__][INFO] - Running training with seed 26
[2025-12-18 10:39:41,137][__main__][INFO] - Running training with seed 27
[2025-12-18 10:39:41,367][__main__][INFO] - Running training with seed 28
[2025-12-18 10:39:41,598][__main__][INFO] - Running training with seed 29
[2025-12-18 10:39:41,827][__main__][INFO] - Running training with seed 30
[2025-12-18 10:39:42,059][__main__][INFO] - Running training with seed 31
[2025-12-18 10:39:42,289][__main__][INFO] - Running training with seed 32
[2025-12-18 10:39:42,520][__main__][INFO] - Running training with seed 33
[2025-12-18 10:39:42,749][__main__][INFO] - Running training with seed 34
[2025-12-18 10:39:42,978][__main__][INFO] - Running training with seed 35
[2025-12-18 10:39:43,208][__main__][INFO] - Running training with seed 36
[2025-12-18 10:39:43,439][__main__][INFO] - Running training with seed 37
[2025-12-18 10:39:43,668][__main__][INFO] - Running training with seed 38
[2025-12-18 10:39:43,897][__main__][INFO] - Running training with seed 39
[2025-12-18 10:39:44,127][__main__][INFO] - Running training with seed 40
[2025-12-18 10:39:44,358][__main__][INFO] - Running training with seed 41
[2025-12-18 10:39:44,588][__main__][INFO] - Running training with seed 42
[2025-12-18 10:39:44,816][__main__][INFO] - Running training with seed 43
[2025-12-18 10:39:45,046][__main__][INFO] - Running training with seed 44
[2025-12-18 10:39:45,276][__main__][INFO] - Running training with seed 45
[2025-12-18 10:39:45,508][__main__][INFO] - Running training with seed 46
[2025-12-18 10:39:45,737][__main__][INFO] - Running training with seed 47
[2025-12-18 10:39:45,965][__main__][INFO] - Running training with seed 48
[2025-12-18 10:39:46,195][__main__][INFO] - Running training with seed 49
[2025-12-18 10:39:46,424][__main__][INFO] - Running training with seed 50
[2025-12-18 10:39:46,651][__main__][INFO] - Running training with seed 51
[2025-12-18 10:39:46,882][__main__][INFO] - Running training with seed 52
[2025-12-18 10:39:47,113][__main__][INFO] - Running training with seed 53
[2025-12-18 10:39:47,342][__main__][INFO] - Running training with seed 54
[2025-12-18 10:39:47,572][__main__][INFO] - Running training with seed 55
[2025-12-18 10:39:47,802][__main__][INFO] - Running training with seed 56
[2025-12-18 10:39:48,031][__main__][INFO] - Running training with seed 57
[2025-12-18 10:39:48,261][__main__][INFO] - Running training with seed 58
[2025-12-18 10:39:48,488][__main__][INFO] - Running training with seed 59
[2025-12-18 10:39:48,719][__main__][INFO] - Running training with seed 60
[2025-12-18 10:39:48,956][__main__][INFO] - Running training with seed 61
[2025-12-18 10:39:49,203][__main__][INFO] - Running training with seed 62
[2025-12-18 10:39:49,464][__main__][INFO] - Running training with seed 63
[2025-12-18 10:39:49,722][__main__][INFO] - Running training with seed 64
[2025-12-18 10:39:49,981][__main__][INFO] - Running training with seed 65
[2025-12-18 10:39:50,241][__main__][INFO] - Running training with seed 66
[2025-12-18 10:39:50,500][__main__][INFO] - Running training with seed 67
[2025-12-18 10:39:50,760][__main__][INFO] - Running training with seed 68
[2025-12-18 10:39:51,022][__main__][INFO] - Running training with seed 69
[2025-12-18 10:39:51,284][__main__][INFO] - Running training with seed 70
[2025-12-18 10:39:51,544][__main__][INFO] - Running training with seed 71
[2025-12-18 10:39:51,802][__main__][INFO] - Running training with seed 72
[2025-12-18 10:39:52,061][__main__][INFO] - Running training with seed 73
[2025-12-18 10:39:52,321][__main__][INFO] - Running training with seed 74
[2025-12-18 10:39:52,580][__main__][INFO] - Running training with seed 75
[2025-12-18 10:39:52,841][__main__][INFO] - Running training with seed 76
[2025-12-18 10:39:53,102][__main__][INFO] - Running training with seed 77
[2025-12-18 10:39:53,364][__main__][INFO] - Running training with seed 78
[2025-12-18 10:39:53,625][__main__][INFO] - Running training with seed 79
[2025-12-18 10:39:53,883][__main__][INFO] - Running training with seed 80
[2025-12-18 10:39:54,145][__main__][INFO] - Running training with seed 81
[2025-12-18 10:39:54,405][__main__][INFO] - Running training with seed 82
[2025-12-18 10:39:54,665][__main__][INFO] - Running training with seed 83
[2025-12-18 10:39:54,927][__main__][INFO] - Running training with seed 84
[2025-12-18 10:39:55,187][__main__][INFO] - Running training with seed 85
[2025-12-18 10:39:55,448][__main__][INFO] - Running training with seed 86
[2025-12-18 10:39:55,709][__main__][INFO] - Running training with seed 87
[2025-12-18 10:39:55,969][__main__][INFO] - Running training with seed 88
[2025-12-18 10:39:56,230][__main__][INFO] - Running training with seed 89
[2025-12-18 10:39:56,489][__main__][INFO] - Running training with seed 90
[2025-12-18 10:39:56,750][__main__][INFO] - Running training with seed 91
[2025-12-18 10:39:57,009][__main__][INFO] - Running training with seed 92
[2025-12-18 10:39:57,268][__main__][INFO] - Running training with seed 93
[2025-12-18 10:39:57,528][__main__][INFO] - Running training with seed 94
[2025-12-18 10:39:57,787][__main__][INFO] - Running training with seed 95
[2025-12-18 10:39:58,047][__main__][INFO] - Running training with seed 96
[2025-12-18 10:39:58,307][__main__][INFO] - Running training with seed 97
[2025-12-18 10:39:58,568][__main__][INFO] - Running training with seed 98
[2025-12-18 10:39:58,828][__main__][INFO] - Running training with seed 99
[2025-12-18 10:39:59,086][__main__][INFO] - Running training with seed 100
[2025-12-18 10:39:59,346][__main__][INFO] - Running training with seed 101
[2025-12-18 10:39:59,606][__main__][INFO] - Running training with seed 102
[2025-12-18 10:39:59,864][__main__][INFO] - Running training with seed 103
[2025-12-18 10:40:00,124][__main__][INFO] - Running training with seed 104
[2025-12-18 10:40:00,384][__main__][INFO] - Running training with seed 105
[2025-12-18 10:40:00,645][__main__][INFO] - Running training with seed 106
[2025-12-18 10:40:00,904][__main__][INFO] - Running training with seed 107
[2025-12-18 10:40:01,161][__main__][INFO] - Running training with seed 108
[2025-12-18 10:40:01,420][__main__][INFO] - Running training with seed 109
[2025-12-18 10:40:01,681][__main__][INFO] - Running training with seed 110
[2025-12-18 10:40:01,937][__main__][INFO] - Running training with seed 111
[2025-12-18 10:40:02,195][__main__][INFO] - Running training with seed 112
[2025-12-18 10:40:02,453][__main__][INFO] - Running training with seed 113
[2025-12-18 10:40:02,712][__main__][INFO] - Running training with seed 114
[2025-12-18 10:40:02,971][__main__][INFO] - Running training with seed 115
[2025-12-18 10:40:03,230][__main__][INFO] - Running training with seed 116
[2025-12-18 10:40:03,491][__main__][INFO] - Running training with seed 117
[2025-12-18 10:40:03,750][__main__][INFO] - Running training with seed 118
[2025-12-18 10:40:04,008][__main__][INFO] - Running training with seed 119
[2025-12-18 10:40:04,269][__main__][INFO] - Running training with seed 120
[2025-12-18 10:40:04,529][__main__][INFO] - Running training with seed 121
[2025-12-18 10:40:04,787][__main__][INFO] - Running training with seed 122
[2025-12-18 10:40:05,047][__main__][INFO] - Running training with seed 123
[2025-12-18 10:40:05,305][__main__][INFO] - Running training with seed 124
[2025-12-18 10:40:05,566][__main__][INFO] - Running training with seed 125
[2025-12-18 10:40:05,825][__main__][INFO] - Running training with seed 126
[2025-12-18 10:40:06,085][__main__][INFO] - Running training with seed 127
[2025-12-18 10:40:06,343][__main__][INFO] - Running training with seed 128
[2025-12-18 10:40:06,601][__main__][INFO] - Running training with seed 129
[2025-12-18 10:40:06,860][__main__][INFO] - Running training with seed 130
[2025-12-18 10:40:07,117][__main__][INFO] - Running training with seed 131
[2025-12-18 10:40:07,377][__main__][INFO] - Running training with seed 132
[2025-12-18 10:40:07,635][__main__][INFO] - Running training with seed 133
[2025-12-18 10:40:07,896][__main__][INFO] - Running training with seed 134
[2025-12-18 10:40:08,156][__main__][INFO] - Running training with seed 135
[2025-12-18 10:40:08,416][__main__][INFO] - Running training with seed 136
[2025-12-18 10:40:08,675][__main__][INFO] - Running training with seed 137
[2025-12-18 10:40:08,937][__main__][INFO] - Running training with seed 138
[2025-12-18 10:40:09,195][__main__][INFO] - Running training with seed 139
[2025-12-18 10:40:09,454][__main__][INFO] - Running training with seed 140
[2025-12-18 10:40:09,714][__main__][INFO] - Running training with seed 141
[2025-12-18 10:40:09,975][__main__][INFO] - Running training with seed 142
[2025-12-18 10:40:10,232][__main__][INFO] - Running training with seed 143
[2025-12-18 10:40:10,491][__main__][INFO] - Running training with seed 144
[2025-12-18 10:40:10,751][__main__][INFO] - Running training with seed 145
[2025-12-18 10:40:11,011][__main__][INFO] - Running training with seed 146
[2025-12-18 10:40:11,272][__main__][INFO] - Running training with seed 147
[2025-12-18 10:40:11,533][__main__][INFO] - Running training with seed 148
[2025-12-18 10:40:11,794][__main__][INFO] - Running training with seed 149
[2025-12-18 10:40:12,055][__main__][INFO] - Running training with seed 150
[2025-12-18 10:40:12,314][__main__][INFO] - Running training with seed 151
[2025-12-18 10:40:12,574][__main__][INFO] - Running training with seed 152
[2025-12-18 10:40:12,832][__main__][INFO] - Running training with seed 153
[2025-12-18 10:40:13,093][__main__][INFO] - Running training with seed 154
[2025-12-18 10:40:13,356][__main__][INFO] - Running training with seed 155
[2025-12-18 10:40:13,617][__main__][INFO] - Running training with seed 156
[2025-12-18 10:40:13,875][__main__][INFO] - Running training with seed 157
[2025-12-18 10:40:14,137][__main__][INFO] - Running training with seed 158
[2025-12-18 10:40:14,395][__main__][INFO] - Running training with seed 159
[2025-12-18 10:40:14,655][__main__][INFO] - Running training with seed 160
[2025-12-18 10:40:14,915][__main__][INFO] - Running training with seed 161
[2025-12-18 10:40:15,174][__main__][INFO] - Running training with seed 162
[2025-12-18 10:40:15,433][__main__][INFO] - Running training with seed 163
[2025-12-18 10:40:15,692][__main__][INFO] - Running training with seed 164
[2025-12-18 10:40:15,952][__main__][INFO] - Running training with seed 165
[2025-12-18 10:40:16,210][__main__][INFO] - Running training with seed 166
[2025-12-18 10:40:16,468][__main__][INFO] - Running training with seed 167
[2025-12-18 10:40:16,731][__main__][INFO] - Running training with seed 168
[2025-12-18 10:40:16,990][__main__][INFO] - Running training with seed 169
[2025-12-18 10:40:17,249][__main__][INFO] - Running training with seed 170
[2025-12-18 10:40:17,510][__main__][INFO] - Running training with seed 171
[2025-12-18 10:40:17,771][__main__][INFO] - Running training with seed 172
[2025-12-18 10:40:18,033][__main__][INFO] - Running training with seed 173
[2025-12-18 10:40:18,296][__main__][INFO] - Running training with seed 174
[2025-12-18 10:40:18,553][__main__][INFO] - Running training with seed 175
[2025-12-18 10:40:18,814][__main__][INFO] - Running training with seed 176
[2025-12-18 10:40:19,073][__main__][INFO] - Running training with seed 177
[2025-12-18 10:40:19,333][__main__][INFO] - Running training with seed 178
[2025-12-18 10:40:19,592][__main__][INFO] - Running training with seed 179
[2025-12-18 10:40:19,851][__main__][INFO] - Running training with seed 180
[2025-12-18 10:40:20,110][__main__][INFO] - Running training with seed 181
[2025-12-18 10:40:20,370][__main__][INFO] - Running training with seed 182
[2025-12-18 10:40:20,634][__main__][INFO] - Running training with seed 183
[2025-12-18 10:40:20,896][__main__][INFO] - Running training with seed 184
[2025-12-18 10:40:21,159][__main__][INFO] - Running training with seed 185
[2025-12-18 10:40:21,417][__main__][INFO] - Running training with seed 186
[2025-12-18 10:40:21,678][__main__][INFO] - Running training with seed 187
[2025-12-18 10:40:21,937][__main__][INFO] - Running training with seed 188
[2025-12-18 10:40:22,195][__main__][INFO] - Running training with seed 189
[2025-12-18 10:40:22,457][__main__][INFO] - Running training with seed 190
[2025-12-18 10:40:22,714][__main__][INFO] - Running training with seed 191
[2025-12-18 10:40:22,972][__main__][INFO] - Running training with seed 192
[2025-12-18 10:40:23,234][__main__][INFO] - Running training with seed 193
[2025-12-18 10:40:23,496][__main__][INFO] - Running training with seed 194
[2025-12-18 10:40:23,755][__main__][INFO] - Running training with seed 195
[2025-12-18 10:40:24,014][__main__][INFO] - Running training with seed 196
[2025-12-18 10:40:24,274][__main__][INFO] - Running training with seed 197
[2025-12-18 10:40:24,531][__main__][INFO] - Running training with seed 198
[2025-12-18 10:40:24,789][__main__][INFO] - Running training with seed 199
[2025-12-18 10:40:25,048][__main__][INFO] - Running training with seed 200
[2025-12-18 10:40:25,308][__main__][INFO] - Running training with seed 201
[2025-12-18 10:40:25,568][__main__][INFO] - Running training with seed 202
[2025-12-18 10:40:25,826][__main__][INFO] - Running training with seed 203
[2025-12-18 10:40:26,085][__main__][INFO] - Running training with seed 204
[2025-12-18 10:40:26,343][__main__][INFO] - Running training with seed 205
[2025-12-18 10:40:26,604][__main__][INFO] - Running training with seed 206
[2025-12-18 10:40:26,864][__main__][INFO] - Running training with seed 207
[2025-12-18 10:40:27,123][__main__][INFO] - Running training with seed 208
[2025-12-18 10:40:27,382][__main__][INFO] - Running training with seed 209
[2025-12-18 10:40:27,642][__main__][INFO] - Running training with seed 210
[2025-12-18 10:40:27,901][__main__][INFO] - Running training with seed 211
[2025-12-18 10:40:28,160][__main__][INFO] - Running training with seed 212
[2025-12-18 10:40:28,411][__main__][INFO] - Running training with seed 213
[2025-12-18 10:40:28,672][__main__][INFO] - Running training with seed 214
[2025-12-18 10:40:28,933][__main__][INFO] - Running training with seed 215
[2025-12-18 10:40:29,193][__main__][INFO] - Running training with seed 216
[2025-12-18 10:40:29,451][__main__][INFO] - Running training with seed 217
[2025-12-18 10:40:29,714][__main__][INFO] - Running training with seed 218
[2025-12-18 10:40:29,976][__main__][INFO] - Running training with seed 219
[2025-12-18 10:40:30,238][__main__][INFO] - Running training with seed 220
[2025-12-18 10:40:30,497][__main__][INFO] - Running training with seed 221
[2025-12-18 10:40:30,756][__main__][INFO] - Running training with seed 222
[2025-12-18 10:40:31,025][__main__][INFO] - Running training with seed 223
[2025-12-18 10:40:31,286][__main__][INFO] - Running training with seed 224
[2025-12-18 10:40:31,546][__main__][INFO] - Running training with seed 225
[2025-12-18 10:40:31,806][__main__][INFO] - Running training with seed 226
[2025-12-18 10:40:32,066][__main__][INFO] - Running training with seed 227
[2025-12-18 10:40:32,326][__main__][INFO] - Running training with seed 228
[2025-12-18 10:40:32,583][__main__][INFO] - Running training with seed 229
[2025-12-18 10:40:32,841][__main__][INFO] - Running training with seed 230
[2025-12-18 10:40:33,108][__main__][INFO] - Running training with seed 231
[2025-12-18 10:40:33,368][__main__][INFO] - Running training with seed 232
[2025-12-18 10:40:33,627][__main__][INFO] - Running training with seed 233
[2025-12-18 10:40:33,889][__main__][INFO] - Running training with seed 234
[2025-12-18 10:40:34,145][__main__][INFO] - Running training with seed 235
[2025-12-18 10:40:34,406][__main__][INFO] - Running training with seed 236
[2025-12-18 10:40:34,665][__main__][INFO] - Running training with seed 237
[2025-12-18 10:40:34,919][__main__][INFO] - Running training with seed 238
[2025-12-18 10:40:35,177][__main__][INFO] - Running training with seed 239
[2025-12-18 10:40:35,436][__main__][INFO] - Running training with seed 240
[2025-12-18 10:40:35,693][__main__][INFO] - Running training with seed 241
[2025-12-18 10:40:35,951][__main__][INFO] - Running training with seed 242
[2025-12-18 10:40:36,211][__main__][INFO] - Running training with seed 243
[2025-12-18 10:40:36,474][__main__][INFO] - Running training with seed 244
[2025-12-18 10:40:36,735][__main__][INFO] - Running training with seed 245
[2025-12-18 10:40:36,994][__main__][INFO] - Running training with seed 246
[2025-12-18 10:40:37,254][__main__][INFO] - Running training with seed 247
[2025-12-18 10:40:37,513][__main__][INFO] - Running training with seed 248
[2025-12-18 10:40:37,771][__main__][INFO] - Running training with seed 249
[2025-12-18 10:40:38,032][__main__][INFO] - Running training with seed 250
[2025-12-18 10:40:38,290][__main__][INFO] - Running training with seed 251
[2025-12-18 10:40:38,549][__main__][INFO] - Running training with seed 252
[2025-12-18 10:40:38,809][__main__][INFO] - Running training with seed 253
[2025-12-18 10:40:39,067][__main__][INFO] - Running training with seed 254
[2025-12-18 10:40:39,325][__main__][INFO] - Running training with seed 255
[2025-12-18 10:40:39,585][__main__][INFO] - Running training with seed 256
[2025-12-18 10:40:39,846][__main__][INFO] - Running training with seed 257
[2025-12-18 10:40:40,105][__main__][INFO] - Running training with seed 258
[2025-12-18 10:40:40,364][__main__][INFO] - Running training with seed 259
[2025-12-18 10:40:40,622][__main__][INFO] - Running training with seed 260
[2025-12-18 10:40:40,879][__main__][INFO] - Running training with seed 261
[2025-12-18 10:40:41,140][__main__][INFO] - Running training with seed 262
[2025-12-18 10:40:41,401][__main__][INFO] - Running training with seed 263
[2025-12-18 10:40:41,660][__main__][INFO] - Running training with seed 264
[2025-12-18 10:40:41,919][__main__][INFO] - Running training with seed 265
[2025-12-18 10:40:42,176][__main__][INFO] - Running training with seed 266
[2025-12-18 10:40:42,437][__main__][INFO] - Running training with seed 267
[2025-12-18 10:40:42,698][__main__][INFO] - Running training with seed 268
[2025-12-18 10:40:42,956][__main__][INFO] - Running training with seed 269
[2025-12-18 10:40:43,216][__main__][INFO] - Running training with seed 270
[2025-12-18 10:40:43,475][__main__][INFO] - Running training with seed 271
[2025-12-18 10:40:43,734][__main__][INFO] - Running training with seed 272
[2025-12-18 10:40:43,992][__main__][INFO] - Running training with seed 273
[2025-12-18 10:40:44,253][__main__][INFO] - Running training with seed 274
[2025-12-18 10:40:44,511][__main__][INFO] - Running training with seed 275
[2025-12-18 10:40:44,771][__main__][INFO] - Running training with seed 276
[2025-12-18 10:40:45,029][__main__][INFO] - Running training with seed 277
[2025-12-18 10:40:45,289][__main__][INFO] - Running training with seed 278
[2025-12-18 10:40:45,547][__main__][INFO] - Running training with seed 279
[2025-12-18 10:40:45,806][__main__][INFO] - Running training with seed 280
[2025-12-18 10:40:46,065][__main__][INFO] - Running training with seed 281
[2025-12-18 10:40:46,323][__main__][INFO] - Running training with seed 282
[2025-12-18 10:40:46,581][__main__][INFO] - Running training with seed 283
[2025-12-18 10:40:46,840][__main__][INFO] - Running training with seed 284
[2025-12-18 10:40:47,102][__main__][INFO] - Running training with seed 285
[2025-12-18 10:40:47,361][__main__][INFO] - Running training with seed 286
[2025-12-18 10:40:47,619][__main__][INFO] - Running training with seed 287
[2025-12-18 10:40:47,880][__main__][INFO] - Running training with seed 288
[2025-12-18 10:40:48,140][__main__][INFO] - Running training with seed 289
[2025-12-18 10:40:48,401][__main__][INFO] - Running training with seed 290
[2025-12-18 10:40:48,660][__main__][INFO] - Running training with seed 291
[2025-12-18 10:40:48,917][__main__][INFO] - Running training with seed 292
[2025-12-18 10:40:49,177][__main__][INFO] - Running training with seed 293
[2025-12-18 10:40:49,436][__main__][INFO] - Running training with seed 294
[2025-12-18 10:40:49,697][__main__][INFO] - Running training with seed 295
[2025-12-18 10:40:49,957][__main__][INFO] - Running training with seed 296
[2025-12-18 10:40:50,214][__main__][INFO] - Running training with seed 297
[2025-12-18 10:40:50,473][__main__][INFO] - Running training with seed 298
[2025-12-18 10:40:50,730][__main__][INFO] - Running training with seed 299
[2025-12-18 10:40:50,991][__main__][INFO] - Running training with seed 300
[2025-12-18 10:40:51,251][__main__][INFO] - Running training with seed 301
[2025-12-18 10:40:51,509][__main__][INFO] - Running training with seed 302
[2025-12-18 10:40:51,768][__main__][INFO] - Running training with seed 303
[2025-12-18 10:40:52,028][__main__][INFO] - Running training with seed 304
[2025-12-18 10:40:52,288][__main__][INFO] - Running training with seed 305
[2025-12-18 10:40:52,547][__main__][INFO] - Running training with seed 306
[2025-12-18 10:40:52,806][__main__][INFO] - Running training with seed 307
[2025-12-18 10:40:53,065][__main__][INFO] - Running training with seed 308
[2025-12-18 10:40:53,324][__main__][INFO] - Running training with seed 309
[2025-12-18 10:40:53,582][__main__][INFO] - Running training with seed 310
[2025-12-18 10:40:53,840][__main__][INFO] - Running training with seed 311
[2025-12-18 10:40:54,101][__main__][INFO] - Running training with seed 312
[2025-12-18 10:40:54,360][__main__][INFO] - Running training with seed 313
[2025-12-18 10:40:54,616][__main__][INFO] - Running training with seed 314
[2025-12-18 10:40:54,872][__main__][INFO] - Running training with seed 315
[2025-12-18 10:40:55,134][__main__][INFO] - Running training with seed 316
[2025-12-18 10:40:55,396][__main__][INFO] - Running training with seed 317
[2025-12-18 10:40:55,654][__main__][INFO] - Running training with seed 318
[2025-12-18 10:40:55,913][__main__][INFO] - Running training with seed 319
[2025-12-18 10:40:56,175][__main__][INFO] - Running training with seed 320
[2025-12-18 10:40:56,434][__main__][INFO] - Running training with seed 321
[2025-12-18 10:40:56,693][__main__][INFO] - Running training with seed 322
[2025-12-18 10:40:56,952][__main__][INFO] - Running training with seed 323
[2025-12-18 10:40:57,211][__main__][INFO] - Running training with seed 324
[2025-12-18 10:40:57,469][__main__][INFO] - Running training with seed 325
[2025-12-18 10:40:57,727][__main__][INFO] - Running training with seed 326
[2025-12-18 10:40:57,987][__main__][INFO] - Running training with seed 327
[2025-12-18 10:40:58,247][__main__][INFO] - Running training with seed 328
[2025-12-18 10:40:58,504][__main__][INFO] - Running training with seed 329
[2025-12-18 10:40:58,764][__main__][INFO] - Running training with seed 330
[2025-12-18 10:40:59,022][__main__][INFO] - Running training with seed 331
[2025-12-18 10:40:59,283][__main__][INFO] - Running training with seed 332
[2025-12-18 10:40:59,542][__main__][INFO] - Running training with seed 333
[2025-12-18 10:40:59,801][__main__][INFO] - Running training with seed 334
[2025-12-18 10:41:00,059][__main__][INFO] - Running training with seed 335
[2025-12-18 10:41:00,317][__main__][INFO] - Running training with seed 336
[2025-12-18 10:41:00,577][__main__][INFO] - Running training with seed 337
[2025-12-18 10:41:00,833][__main__][INFO] - Running training with seed 338
[2025-12-18 10:41:01,095][__main__][INFO] - Running training with seed 339
[2025-12-18 10:41:01,354][__main__][INFO] - Running training with seed 340
[2025-12-18 10:41:01,620][__main__][INFO] - Running training with seed 341
[2025-12-18 10:41:01,881][__main__][INFO] - Running training with seed 342
[2025-12-18 10:41:02,142][__main__][INFO] - Running training with seed 343
[2025-12-18 10:41:02,402][__main__][INFO] - Running training with seed 344
[2025-12-18 10:41:02,662][__main__][INFO] - Running training with seed 345
[2025-12-18 10:41:02,919][__main__][INFO] - Running training with seed 346
[2025-12-18 10:41:03,179][__main__][INFO] - Running training with seed 347
[2025-12-18 10:41:03,436][__main__][INFO] - Running training with seed 348
[2025-12-18 10:41:03,697][__main__][INFO] - Running training with seed 349
[2025-12-18 10:41:03,954][__main__][INFO] - Running training with seed 350
[2025-12-18 10:41:04,214][__main__][INFO] - Running training with seed 351
[2025-12-18 10:41:04,473][__main__][INFO] - Running training with seed 352
[2025-12-18 10:41:04,733][__main__][INFO] - Running training with seed 353
[2025-12-18 10:41:04,996][__main__][INFO] - Running training with seed 354
[2025-12-18 10:41:05,260][__main__][INFO] - Running training with seed 355
[2025-12-18 10:41:05,522][__main__][INFO] - Running training with seed 356
[2025-12-18 10:41:05,782][__main__][INFO] - Running training with seed 357
[2025-12-18 10:41:06,041][__main__][INFO] - Running training with seed 358
[2025-12-18 10:41:06,301][__main__][INFO] - Running training with seed 359
[2025-12-18 10:41:06,562][__main__][INFO] - Running training with seed 360
[2025-12-18 10:41:06,821][__main__][INFO] - Running training with seed 361
[2025-12-18 10:41:07,080][__main__][INFO] - Running training with seed 362
[2025-12-18 10:41:07,340][__main__][INFO] - Running training with seed 363
[2025-12-18 10:41:07,600][__main__][INFO] - Running training with seed 364
[2025-12-18 10:41:07,858][__main__][INFO] - Running training with seed 365
[2025-12-18 10:41:08,116][__main__][INFO] - Running training with seed 366
[2025-12-18 10:41:08,375][__main__][INFO] - Running training with seed 367
[2025-12-18 10:41:08,634][__main__][INFO] - Running training with seed 368
[2025-12-18 10:41:08,895][__main__][INFO] - Running training with seed 369
[2025-12-18 10:41:09,153][__main__][INFO] - Running training with seed 370
[2025-12-18 10:41:09,414][__main__][INFO] - Running training with seed 371
[2025-12-18 10:41:09,673][__main__][INFO] - Running training with seed 372
[2025-12-18 10:41:09,931][__main__][INFO] - Running training with seed 373
[2025-12-18 10:41:10,190][__main__][INFO] - Running training with seed 374
[2025-12-18 10:41:10,449][__main__][INFO] - Running training with seed 375
[2025-12-18 10:41:10,707][__main__][INFO] - Running training with seed 376
[2025-12-18 10:41:10,968][__main__][INFO] - Running training with seed 377
[2025-12-18 10:41:11,225][__main__][INFO] - Running training with seed 378
[2025-12-18 10:41:11,484][__main__][INFO] - Running training with seed 379
[2025-12-18 10:41:11,744][__main__][INFO] - Running training with seed 380
[2025-12-18 10:41:12,011][__main__][INFO] - Running training with seed 381
[2025-12-18 10:41:12,271][__main__][INFO] - Running training with seed 382
[2025-12-18 10:41:12,531][__main__][INFO] - Running training with seed 383
[2025-12-18 10:41:12,789][__main__][INFO] - Running training with seed 384
[2025-12-18 10:41:13,050][__main__][INFO] - Running training with seed 385
[2025-12-18 10:41:13,311][__main__][INFO] - Running training with seed 386
[2025-12-18 10:41:13,571][__main__][INFO] - Running training with seed 387
[2025-12-18 10:41:13,831][__main__][INFO] - Running training with seed 388
[2025-12-18 10:41:14,091][__main__][INFO] - Running training with seed 389
[2025-12-18 10:41:14,353][__main__][INFO] - Running training with seed 390
[2025-12-18 10:41:14,613][__main__][INFO] - Running training with seed 391
[2025-12-18 10:41:14,872][__main__][INFO] - Running training with seed 392
[2025-12-18 10:41:15,132][__main__][INFO] - Running training with seed 393
[2025-12-18 10:41:15,392][__main__][INFO] - Running training with seed 394
[2025-12-18 10:41:15,652][__main__][INFO] - Running training with seed 395
[2025-12-18 10:41:15,908][__main__][INFO] - Running training with seed 396
[2025-12-18 10:41:16,167][__main__][INFO] - Running training with seed 397
[2025-12-18 10:41:16,426][__main__][INFO] - Running training with seed 398
[2025-12-18 10:41:16,685][__main__][INFO] - Running training with seed 399
[2025-12-18 10:41:16,945][__main__][INFO] - Running training with seed 400
[2025-12-18 10:41:17,206][__main__][INFO] - Running training with seed 401
[2025-12-18 10:41:17,468][__main__][INFO] - Running training with seed 402
[2025-12-18 10:41:17,727][__main__][INFO] - Running training with seed 403
[2025-12-18 10:41:17,986][__main__][INFO] - Running training with seed 404
[2025-12-18 10:41:18,243][__main__][INFO] - Running training with seed 405
[2025-12-18 10:41:18,500][__main__][INFO] - Running training with seed 406
[2025-12-18 10:41:18,759][__main__][INFO] - Running training with seed 407
[2025-12-18 10:41:19,017][__main__][INFO] - Running training with seed 408
[2025-12-18 10:41:19,266][__main__][INFO] - Running training with seed 409
[2025-12-18 10:41:19,524][__main__][INFO] - Running training with seed 410
[2025-12-18 10:41:19,781][__main__][INFO] - Running training with seed 411
[2025-12-18 10:41:20,039][__main__][INFO] - Running training with seed 412
[2025-12-18 10:41:20,300][__main__][INFO] - Running training with seed 413
[2025-12-18 10:41:20,560][__main__][INFO] - Running training with seed 414
[2025-12-18 10:41:20,819][__main__][INFO] - Running training with seed 415
[2025-12-18 10:41:21,080][__main__][INFO] - Running training with seed 416
[2025-12-18 10:41:21,339][__main__][INFO] - Running training with seed 417
[2025-12-18 10:41:21,598][__main__][INFO] - Running training with seed 418
[2025-12-18 10:41:21,857][__main__][INFO] - Running training with seed 419
[2025-12-18 10:41:22,118][__main__][INFO] - Running training with seed 420
[2025-12-18 10:41:22,377][__main__][INFO] - Running training with seed 421
[2025-12-18 10:41:22,636][__main__][INFO] - Running training with seed 422
[2025-12-18 10:41:22,896][__main__][INFO] - Running training with seed 423
[2025-12-18 10:41:23,157][__main__][INFO] - Running training with seed 424
[2025-12-18 10:41:23,418][__main__][INFO] - Running training with seed 425
[2025-12-18 10:41:23,678][__main__][INFO] - Running training with seed 426
[2025-12-18 10:41:23,939][__main__][INFO] - Running training with seed 427
[2025-12-18 10:41:24,199][__main__][INFO] - Running training with seed 428
[2025-12-18 10:41:24,458][__main__][INFO] - Running training with seed 429
[2025-12-18 10:41:24,718][__main__][INFO] - Running training with seed 430
[2025-12-18 10:41:24,979][__main__][INFO] - Running training with seed 431
[2025-12-18 10:41:25,240][__main__][INFO] - Running training with seed 432
[2025-12-18 10:41:25,502][__main__][INFO] - Running training with seed 433
[2025-12-18 10:41:25,760][__main__][INFO] - Running training with seed 434
[2025-12-18 10:41:26,019][__main__][INFO] - Running training with seed 435
[2025-12-18 10:41:26,278][__main__][INFO] - Running training with seed 436
[2025-12-18 10:41:26,536][__main__][INFO] - Running training with seed 437
[2025-12-18 10:41:26,795][__main__][INFO] - Running training with seed 438
[2025-12-18 10:41:27,056][__main__][INFO] - Running training with seed 439
[2025-12-18 10:41:27,316][__main__][INFO] - Running training with seed 440
[2025-12-18 10:41:27,575][__main__][INFO] - Running training with seed 441
[2025-12-18 10:41:27,827][__main__][INFO] - Running training with seed 442
[2025-12-18 10:41:28,084][__main__][INFO] - Running training with seed 443
[2025-12-18 10:41:28,344][__main__][INFO] - Running training with seed 444
[2025-12-18 10:41:28,602][__main__][INFO] - Running training with seed 445
[2025-12-18 10:41:28,861][__main__][INFO] - Running training with seed 446
[2025-12-18 10:41:29,122][__main__][INFO] - Running training with seed 447
[2025-12-18 10:41:29,384][__main__][INFO] - Running training with seed 448
[2025-12-18 10:41:29,642][__main__][INFO] - Running training with seed 449
[2025-12-18 10:41:29,902][__main__][INFO] - Running training with seed 450
[2025-12-18 10:41:30,161][__main__][INFO] - Running training with seed 451
[2025-12-18 10:41:30,421][__main__][INFO] - Running training with seed 452
[2025-12-18 10:41:30,679][__main__][INFO] - Running training with seed 453
[2025-12-18 10:41:30,938][__main__][INFO] - Running training with seed 454
[2025-12-18 10:41:31,198][__main__][INFO] - Running training with seed 455
[2025-12-18 10:41:31,459][__main__][INFO] - Running training with seed 456
[2025-12-18 10:41:31,719][__main__][INFO] - Running training with seed 457
[2025-12-18 10:41:31,980][__main__][INFO] - Running training with seed 458
[2025-12-18 10:41:32,236][__main__][INFO] - Running training with seed 459
[2025-12-18 10:41:32,499][__main__][INFO] - Running training with seed 460
[2025-12-18 10:41:32,758][__main__][INFO] - Running training with seed 461
[2025-12-18 10:41:33,017][__main__][INFO] - Running training with seed 462
[2025-12-18 10:41:33,276][__main__][INFO] - Running training with seed 463
[2025-12-18 10:41:33,537][__main__][INFO] - Running training with seed 464
[2025-12-18 10:41:33,796][__main__][INFO] - Running training with seed 465
[2025-12-18 10:41:34,057][__main__][INFO] - Running training with seed 466
[2025-12-18 10:41:34,316][__main__][INFO] - Running training with seed 467
[2025-12-18 10:41:34,577][__main__][INFO] - Running training with seed 468
[2025-12-18 10:41:34,836][__main__][INFO] - Running training with seed 469
[2025-12-18 10:41:35,095][__main__][INFO] - Running training with seed 470
[2025-12-18 10:41:35,355][__main__][INFO] - Running training with seed 471
[2025-12-18 10:41:35,615][__main__][INFO] - Running training with seed 472
[2025-12-18 10:41:35,875][__main__][INFO] - Running training with seed 473
[2025-12-18 10:41:36,133][__main__][INFO] - Running training with seed 474
[2025-12-18 10:41:36,387][__main__][INFO] - Running training with seed 475
[2025-12-18 10:41:36,645][__main__][INFO] - Running training with seed 476
[2025-12-18 10:41:36,903][__main__][INFO] - Running training with seed 477
[2025-12-18 10:41:37,165][__main__][INFO] - Running training with seed 478
[2025-12-18 10:41:37,423][__main__][INFO] - Running training with seed 479
[2025-12-18 10:41:37,684][__main__][INFO] - Running training with seed 480
[2025-12-18 10:41:37,943][__main__][INFO] - Running training with seed 481
[2025-12-18 10:41:38,203][__main__][INFO] - Running training with seed 482
[2025-12-18 10:41:38,463][__main__][INFO] - Running training with seed 483
[2025-12-18 10:41:38,721][__main__][INFO] - Running training with seed 484
[2025-12-18 10:41:38,980][__main__][INFO] - Running training with seed 485
[2025-12-18 10:41:39,240][__main__][INFO] - Running training with seed 486
[2025-12-18 10:41:39,498][__main__][INFO] - Running training with seed 487
[2025-12-18 10:41:39,757][__main__][INFO] - Running training with seed 488
[2025-12-18 10:41:40,017][__main__][INFO] - Running training with seed 489
[2025-12-18 10:41:40,275][__main__][INFO] - Running training with seed 490
[2025-12-18 10:41:40,531][__main__][INFO] - Running training with seed 491
[2025-12-18 10:41:40,788][__main__][INFO] - Running training with seed 492
[2025-12-18 10:41:41,047][__main__][INFO] - Running training with seed 493
[2025-12-18 10:41:41,308][__main__][INFO] - Running training with seed 494
[2025-12-18 10:41:41,567][__main__][INFO] - Running training with seed 495
[2025-12-18 10:41:41,828][__main__][INFO] - Running training with seed 496
[2025-12-18 10:41:42,087][__main__][INFO] - Running training with seed 497
[2025-12-18 10:41:42,346][__main__][INFO] - Running training with seed 498
[2025-12-18 10:41:42,607][__main__][INFO] - Running training with seed 499
[2025-12-18 10:41:42,867][__main__][INFO] - Running training with seed 500
[2025-12-18 10:41:43,127][__main__][INFO] - Running training with seed 501
[2025-12-18 10:41:43,385][__main__][INFO] - Running training with seed 502
[2025-12-18 10:41:43,644][__main__][INFO] - Running training with seed 503
[2025-12-18 10:41:43,902][__main__][INFO] - Running training with seed 504
[2025-12-18 10:41:44,161][__main__][INFO] - Running training with seed 505
[2025-12-18 10:41:44,422][__main__][INFO] - Running training with seed 506
[2025-12-18 10:41:44,680][__main__][INFO] - Running training with seed 507
[2025-12-18 10:41:44,937][__main__][INFO] - Running training with seed 508
[2025-12-18 10:41:45,198][__main__][INFO] - Running training with seed 509
[2025-12-18 10:41:45,455][__main__][INFO] - Running training with seed 510
[2025-12-18 10:41:45,712][__main__][INFO] - Running training with seed 511
[2025-12-18 10:41:45,970][__main__][INFO] - Running training with seed 512
[2025-12-18 10:41:46,228][__main__][INFO] - Running training with seed 513
[2025-12-18 10:41:46,489][__main__][INFO] - Running training with seed 514
[2025-12-18 10:41:46,748][__main__][INFO] - Running training with seed 515
[2025-12-18 10:41:47,008][__main__][INFO] - Running training with seed 516
[2025-12-18 10:41:47,267][__main__][INFO] - Running training with seed 517
[2025-12-18 10:41:47,528][__main__][INFO] - Running training with seed 518
[2025-12-18 10:41:47,787][__main__][INFO] - Running training with seed 519
[2025-12-18 10:41:48,046][__main__][INFO] - Running training with seed 520
[2025-12-18 10:41:48,306][__main__][INFO] - Running training with seed 521
[2025-12-18 10:41:48,568][__main__][INFO] - Running training with seed 522
[2025-12-18 10:41:48,826][__main__][INFO] - Running training with seed 523
[2025-12-18 10:41:49,085][__main__][INFO] - Running training with seed 524
[2025-12-18 10:41:49,346][__main__][INFO] - Running training with seed 525
[2025-12-18 10:41:49,606][__main__][INFO] - Running training with seed 526
[2025-12-18 10:41:49,865][__main__][INFO] - Running training with seed 527
[2025-12-18 10:41:50,123][__main__][INFO] - Running training with seed 528
[2025-12-18 10:41:50,382][__main__][INFO] - Running training with seed 529
[2025-12-18 10:41:50,642][__main__][INFO] - Running training with seed 530
[2025-12-18 10:41:50,901][__main__][INFO] - Running training with seed 531
[2025-12-18 10:41:51,160][__main__][INFO] - Running training with seed 532
[2025-12-18 10:41:51,418][__main__][INFO] - Running training with seed 533
[2025-12-18 10:41:51,675][__main__][INFO] - Running training with seed 534
[2025-12-18 10:41:51,933][__main__][INFO] - Running training with seed 535
[2025-12-18 10:41:52,194][__main__][INFO] - Running training with seed 536
[2025-12-18 10:41:52,455][__main__][INFO] - Running training with seed 537
[2025-12-18 10:41:52,715][__main__][INFO] - Running training with seed 538
[2025-12-18 10:41:52,977][__main__][INFO] - Running training with seed 539
[2025-12-18 10:41:53,237][__main__][INFO] - Running training with seed 540
[2025-12-18 10:41:53,495][__main__][INFO] - Running training with seed 541
[2025-12-18 10:41:53,754][__main__][INFO] - Running training with seed 542
[2025-12-18 10:41:54,015][__main__][INFO] - Running training with seed 543
[2025-12-18 10:41:54,272][__main__][INFO] - Running training with seed 544
[2025-12-18 10:41:54,532][__main__][INFO] - Running training with seed 545
[2025-12-18 10:41:54,793][__main__][INFO] - Running training with seed 546
[2025-12-18 10:41:55,053][__main__][INFO] - Running training with seed 547
[2025-12-18 10:41:55,315][__main__][INFO] - Running training with seed 548
[2025-12-18 10:41:55,572][__main__][INFO] - Running training with seed 549
[2025-12-18 10:41:55,831][__main__][INFO] - Running training with seed 550
[2025-12-18 10:41:56,090][__main__][INFO] - Running training with seed 551
[2025-12-18 10:41:56,349][__main__][INFO] - Running training with seed 552
[2025-12-18 10:41:56,609][__main__][INFO] - Running training with seed 553
[2025-12-18 10:41:56,867][__main__][INFO] - Running training with seed 554
[2025-12-18 10:41:57,126][__main__][INFO] - Running training with seed 555
[2025-12-18 10:41:57,384][__main__][INFO] - Running training with seed 556
[2025-12-18 10:41:57,645][__main__][INFO] - Running training with seed 557
[2025-12-18 10:41:57,906][__main__][INFO] - Running training with seed 558
[2025-12-18 10:41:58,165][__main__][INFO] - Running training with seed 559
[2025-12-18 10:41:58,426][__main__][INFO] - Running training with seed 560
[2025-12-18 10:41:58,683][__main__][INFO] - Running training with seed 561
[2025-12-18 10:41:58,943][__main__][INFO] - Running training with seed 562
[2025-12-18 10:41:59,202][__main__][INFO] - Running training with seed 563
[2025-12-18 10:41:59,461][__main__][INFO] - Running training with seed 564
[2025-12-18 10:41:59,719][__main__][INFO] - Running training with seed 565
[2025-12-18 10:41:59,978][__main__][INFO] - Running training with seed 566
[2025-12-18 10:42:00,238][__main__][INFO] - Running training with seed 567
[2025-12-18 10:42:00,499][__main__][INFO] - Running training with seed 568
[2025-12-18 10:42:00,757][__main__][INFO] - Running training with seed 569
[2025-12-18 10:42:01,015][__main__][INFO] - Running training with seed 570
[2025-12-18 10:42:01,274][__main__][INFO] - Running training with seed 571
[2025-12-18 10:42:01,531][__main__][INFO] - Running training with seed 572
[2025-12-18 10:42:01,788][__main__][INFO] - Running training with seed 573
[2025-12-18 10:42:02,046][__main__][INFO] - Running training with seed 574
[2025-12-18 10:42:02,306][__main__][INFO] - Running training with seed 575
[2025-12-18 10:42:02,564][__main__][INFO] - Running training with seed 576
[2025-12-18 10:42:02,823][__main__][INFO] - Running training with seed 577
[2025-12-18 10:42:03,082][__main__][INFO] - Running training with seed 578
[2025-12-18 10:42:03,342][__main__][INFO] - Running training with seed 579
[2025-12-18 10:42:03,600][__main__][INFO] - Running training with seed 580
[2025-12-18 10:42:03,856][__main__][INFO] - Running training with seed 581
[2025-12-18 10:42:04,116][__main__][INFO] - Running training with seed 582
[2025-12-18 10:42:04,374][__main__][INFO] - Running training with seed 583
[2025-12-18 10:42:04,635][__main__][INFO] - Running training with seed 584
[2025-12-18 10:42:04,892][__main__][INFO] - Running training with seed 585
[2025-12-18 10:42:05,152][__main__][INFO] - Running training with seed 586
[2025-12-18 10:42:05,412][__main__][INFO] - Running training with seed 587
[2025-12-18 10:42:05,669][__main__][INFO] - Running training with seed 588
[2025-12-18 10:42:05,926][__main__][INFO] - Running training with seed 589
[2025-12-18 10:42:06,186][__main__][INFO] - Running training with seed 590
[2025-12-18 10:42:06,446][__main__][INFO] - Running training with seed 591
[2025-12-18 10:42:06,706][__main__][INFO] - Running training with seed 592
[2025-12-18 10:42:06,965][__main__][INFO] - Running training with seed 593
[2025-12-18 10:42:07,227][__main__][INFO] - Running training with seed 594
[2025-12-18 10:42:07,483][__main__][INFO] - Running training with seed 595
[2025-12-18 10:42:07,743][__main__][INFO] - Running training with seed 596
[2025-12-18 10:42:08,003][__main__][INFO] - Running training with seed 597
[2025-12-18 10:42:08,262][__main__][INFO] - Running training with seed 598
[2025-12-18 10:42:08,521][__main__][INFO] - Running training with seed 599
[2025-12-18 10:42:08,780][__main__][INFO] - Running training with seed 600
[2025-12-18 10:42:09,035][__main__][INFO] - Running training with seed 601
[2025-12-18 10:42:09,295][__main__][INFO] - Running training with seed 602
[2025-12-18 10:42:09,552][__main__][INFO] - Running training with seed 603
[2025-12-18 10:42:09,810][__main__][INFO] - Running training with seed 604
[2025-12-18 10:42:10,069][__main__][INFO] - Running training with seed 605
[2025-12-18 10:42:10,326][__main__][INFO] - Running training with seed 606
[2025-12-18 10:42:10,585][__main__][INFO] - Running training with seed 607
[2025-12-18 10:42:10,846][__main__][INFO] - Running training with seed 608
[2025-12-18 10:42:11,107][__main__][INFO] - Running training with seed 609
[2025-12-18 10:42:11,366][__main__][INFO] - Running training with seed 610
[2025-12-18 10:42:11,626][__main__][INFO] - Running training with seed 611
[2025-12-18 10:42:11,884][__main__][INFO] - Running training with seed 612
[2025-12-18 10:42:12,141][__main__][INFO] - Running training with seed 613
[2025-12-18 10:42:12,399][__main__][INFO] - Running training with seed 614
[2025-12-18 10:42:12,654][__main__][INFO] - Running training with seed 615
[2025-12-18 10:42:12,912][__main__][INFO] - Running training with seed 616
[2025-12-18 10:42:13,172][__main__][INFO] - Running training with seed 617
[2025-12-18 10:42:13,440][__main__][INFO] - Running training with seed 618
[2025-12-18 10:42:13,698][__main__][INFO] - Running training with seed 619
[2025-12-18 10:42:13,958][__main__][INFO] - Running training with seed 620
[2025-12-18 10:42:14,217][__main__][INFO] - Running training with seed 621
[2025-12-18 10:42:14,476][__main__][INFO] - Running training with seed 622
[2025-12-18 10:42:14,733][__main__][INFO] - Running training with seed 623
[2025-12-18 10:42:14,994][__main__][INFO] - Running training with seed 624
[2025-12-18 10:42:15,253][__main__][INFO] - Running training with seed 625
[2025-12-18 10:42:15,512][__main__][INFO] - Running training with seed 626
[2025-12-18 10:42:15,771][__main__][INFO] - Running training with seed 627
[2025-12-18 10:42:16,030][__main__][INFO] - Running training with seed 628
[2025-12-18 10:42:16,288][__main__][INFO] - Running training with seed 629
[2025-12-18 10:42:16,549][__main__][INFO] - Running training with seed 630
[2025-12-18 10:42:16,808][__main__][INFO] - Running training with seed 631
[2025-12-18 10:42:17,066][__main__][INFO] - Running training with seed 632
[2025-12-18 10:42:17,326][__main__][INFO] - Running training with seed 633
[2025-12-18 10:42:17,584][__main__][INFO] - Running training with seed 634
[2025-12-18 10:42:17,842][__main__][INFO] - Running training with seed 635
[2025-12-18 10:42:18,102][__main__][INFO] - Running training with seed 636
[2025-12-18 10:42:18,361][__main__][INFO] - Running training with seed 637
[2025-12-18 10:42:18,619][__main__][INFO] - Running training with seed 638
[2025-12-18 10:42:18,879][__main__][INFO] - Running training with seed 639
[2025-12-18 10:42:19,137][__main__][INFO] - Running training with seed 640
[2025-12-18 10:42:19,398][__main__][INFO] - Running training with seed 641
[2025-12-18 10:42:19,656][__main__][INFO] - Running training with seed 642
[2025-12-18 10:42:19,916][__main__][INFO] - Running training with seed 643
[2025-12-18 10:42:20,176][__main__][INFO] - Running training with seed 644
[2025-12-18 10:42:20,435][__main__][INFO] - Running training with seed 645
[2025-12-18 10:42:20,694][__main__][INFO] - Running training with seed 646
[2025-12-18 10:42:20,951][__main__][INFO] - Running training with seed 647
[2025-12-18 10:42:21,209][__main__][INFO] - Running training with seed 648
[2025-12-18 10:42:21,469][__main__][INFO] - Running training with seed 649
[2025-12-18 10:42:21,729][__main__][INFO] - Running training with seed 650
[2025-12-18 10:42:21,987][__main__][INFO] - Running training with seed 651
[2025-12-18 10:42:22,246][__main__][INFO] - Running training with seed 652
[2025-12-18 10:42:22,504][__main__][INFO] - Running training with seed 653
[2025-12-18 10:42:22,764][__main__][INFO] - Running training with seed 654
[2025-12-18 10:42:23,022][__main__][INFO] - Running training with seed 655
[2025-12-18 10:42:23,276][__main__][INFO] - Running training with seed 656
[2025-12-18 10:42:23,538][__main__][INFO] - Running training with seed 657
[2025-12-18 10:42:23,795][__main__][INFO] - Running training with seed 658
[2025-12-18 10:42:24,054][__main__][INFO] - Running training with seed 659
[2025-12-18 10:42:24,314][__main__][INFO] - Running training with seed 660
[2025-12-18 10:42:24,573][__main__][INFO] - Running training with seed 661
[2025-12-18 10:42:24,832][__main__][INFO] - Running training with seed 662
[2025-12-18 10:42:25,090][__main__][INFO] - Running training with seed 663
[2025-12-18 10:42:25,348][__main__][INFO] - Running training with seed 664
[2025-12-18 10:42:25,605][__main__][INFO] - Running training with seed 665
[2025-12-18 10:42:25,864][__main__][INFO] - Running training with seed 666
[2025-12-18 10:42:26,122][__main__][INFO] - Running training with seed 667
[2025-12-18 10:42:26,381][__main__][INFO] - Running training with seed 668
[2025-12-18 10:42:26,639][__main__][INFO] - Running training with seed 669
[2025-12-18 10:42:26,895][__main__][INFO] - Running training with seed 670
[2025-12-18 10:42:27,152][__main__][INFO] - Running training with seed 671
[2025-12-18 10:42:27,408][__main__][INFO] - Running training with seed 672
[2025-12-18 10:42:27,666][__main__][INFO] - Running training with seed 673
[2025-12-18 10:42:27,925][__main__][INFO] - Running training with seed 674
[2025-12-18 10:42:28,180][__main__][INFO] - Running training with seed 675
[2025-12-18 10:42:28,440][__main__][INFO] - Running training with seed 676
[2025-12-18 10:42:28,699][__main__][INFO] - Running training with seed 677
[2025-12-18 10:42:28,959][__main__][INFO] - Running training with seed 678
[2025-12-18 10:42:29,218][__main__][INFO] - Running training with seed 679
[2025-12-18 10:42:29,475][__main__][INFO] - Running training with seed 680
[2025-12-18 10:42:29,734][__main__][INFO] - Running training with seed 681
[2025-12-18 10:42:29,993][__main__][INFO] - Running training with seed 682
[2025-12-18 10:42:30,248][__main__][INFO] - Running training with seed 683
[2025-12-18 10:42:30,508][__main__][INFO] - Running training with seed 684
[2025-12-18 10:42:30,768][__main__][INFO] - Running training with seed 685
[2025-12-18 10:42:31,025][__main__][INFO] - Running training with seed 686
[2025-12-18 10:42:31,280][__main__][INFO] - Running training with seed 687
[2025-12-18 10:42:31,536][__main__][INFO] - Running training with seed 688
[2025-12-18 10:42:31,794][__main__][INFO] - Running training with seed 689
[2025-12-18 10:42:32,049][__main__][INFO] - Running training with seed 690
[2025-12-18 10:42:32,309][__main__][INFO] - Running training with seed 691
[2025-12-18 10:42:32,568][__main__][INFO] - Running training with seed 692
[2025-12-18 10:42:32,827][__main__][INFO] - Running training with seed 693
[2025-12-18 10:42:33,087][__main__][INFO] - Running training with seed 694
[2025-12-18 10:42:33,347][__main__][INFO] - Running training with seed 695
[2025-12-18 10:42:33,606][__main__][INFO] - Running training with seed 696
[2025-12-18 10:42:33,868][__main__][INFO] - Running training with seed 697
[2025-12-18 10:42:34,123][__main__][INFO] - Running training with seed 698
[2025-12-18 10:42:34,381][__main__][INFO] - Running training with seed 699
[2025-12-18 10:42:34,638][__main__][INFO] - Running training with seed 700
[2025-12-18 10:42:34,896][__main__][INFO] - Running training with seed 701
[2025-12-18 10:42:35,155][__main__][INFO] - Running training with seed 702
[2025-12-18 10:42:35,415][__main__][INFO] - Running training with seed 703
[2025-12-18 10:42:35,674][__main__][INFO] - Running training with seed 704
[2025-12-18 10:42:35,933][__main__][INFO] - Running training with seed 705
[2025-12-18 10:42:36,191][__main__][INFO] - Running training with seed 706
[2025-12-18 10:42:36,448][__main__][INFO] - Running training with seed 707
[2025-12-18 10:42:36,700][__main__][INFO] - Running training with seed 708
[2025-12-18 10:42:36,957][__main__][INFO] - Running training with seed 709
[2025-12-18 10:42:37,212][__main__][INFO] - Running training with seed 710
[2025-12-18 10:42:37,470][__main__][INFO] - Running training with seed 711
[2025-12-18 10:42:37,730][__main__][INFO] - Running training with seed 712
[2025-12-18 10:42:37,986][__main__][INFO] - Running training with seed 713
[2025-12-18 10:42:38,245][__main__][INFO] - Running training with seed 714
[2025-12-18 10:42:38,504][__main__][INFO] - Running training with seed 715
[2025-12-18 10:42:38,764][__main__][INFO] - Running training with seed 716
[2025-12-18 10:42:39,021][__main__][INFO] - Running training with seed 717
[2025-12-18 10:42:39,277][__main__][INFO] - Running training with seed 718
[2025-12-18 10:42:39,535][__main__][INFO] - Running training with seed 719
[2025-12-18 10:42:39,794][__main__][INFO] - Running training with seed 720
[2025-12-18 10:42:40,052][__main__][INFO] - Running training with seed 721
[2025-12-18 10:42:40,309][__main__][INFO] - Running training with seed 722
[2025-12-18 10:42:40,568][__main__][INFO] - Running training with seed 723
[2025-12-18 10:42:40,828][__main__][INFO] - Running training with seed 724
[2025-12-18 10:42:41,085][__main__][INFO] - Running training with seed 725
[2025-12-18 10:42:41,342][__main__][INFO] - Running training with seed 726
[2025-12-18 10:42:41,600][__main__][INFO] - Running training with seed 727
[2025-12-18 10:42:41,861][__main__][INFO] - Running training with seed 728
[2025-12-18 10:42:42,119][__main__][INFO] - Running training with seed 729
[2025-12-18 10:42:42,377][__main__][INFO] - Running training with seed 730
[2025-12-18 10:42:42,632][__main__][INFO] - Running training with seed 731
[2025-12-18 10:42:42,888][__main__][INFO] - Running training with seed 732
[2025-12-18 10:42:43,146][__main__][INFO] - Running training with seed 733
[2025-12-18 10:42:43,404][__main__][INFO] - Running training with seed 734
[2025-12-18 10:42:43,663][__main__][INFO] - Running training with seed 735
[2025-12-18 10:42:43,923][__main__][INFO] - Running training with seed 736
[2025-12-18 10:42:44,183][__main__][INFO] - Running training with seed 737
[2025-12-18 10:42:44,443][__main__][INFO] - Running training with seed 738
[2025-12-18 10:42:44,701][__main__][INFO] - Running training with seed 739
[2025-12-18 10:42:44,961][__main__][INFO] - Running training with seed 740
[2025-12-18 10:42:45,221][__main__][INFO] - Running training with seed 741
[2025-12-18 10:42:45,480][__main__][INFO] - Running training with seed 742
[2025-12-18 10:42:45,740][__main__][INFO] - Running training with seed 743
[2025-12-18 10:42:46,001][__main__][INFO] - Running training with seed 744
[2025-12-18 10:42:46,259][__main__][INFO] - Running training with seed 745
[2025-12-18 10:42:46,518][__main__][INFO] - Running training with seed 746
[2025-12-18 10:42:46,777][__main__][INFO] - Running training with seed 747
[2025-12-18 10:42:47,032][__main__][INFO] - Running training with seed 748
[2025-12-18 10:42:47,290][__main__][INFO] - Running training with seed 749
[2025-12-18 10:42:47,550][__main__][INFO] - Running training with seed 750
[2025-12-18 10:42:47,808][__main__][INFO] - Running training with seed 751
[2025-12-18 10:42:48,066][__main__][INFO] - Running training with seed 752
[2025-12-18 10:42:48,325][__main__][INFO] - Running training with seed 753
[2025-12-18 10:42:48,583][__main__][INFO] - Running training with seed 754
[2025-12-18 10:42:48,841][__main__][INFO] - Running training with seed 755
[2025-12-18 10:42:49,100][__main__][INFO] - Running training with seed 756
[2025-12-18 10:42:49,359][__main__][INFO] - Running training with seed 757
[2025-12-18 10:42:49,616][__main__][INFO] - Running training with seed 758
[2025-12-18 10:42:49,871][__main__][INFO] - Running training with seed 759
[2025-12-18 10:42:50,127][__main__][INFO] - Running training with seed 760
[2025-12-18 10:42:50,386][__main__][INFO] - Running training with seed 761
[2025-12-18 10:42:50,646][__main__][INFO] - Running training with seed 762
[2025-12-18 10:42:50,902][__main__][INFO] - Running training with seed 763
[2025-12-18 10:42:51,157][__main__][INFO] - Running training with seed 764
[2025-12-18 10:42:51,416][__main__][INFO] - Running training with seed 765
[2025-12-18 10:42:51,676][__main__][INFO] - Running training with seed 766
[2025-12-18 10:42:51,934][__main__][INFO] - Running training with seed 767
[2025-12-18 10:42:52,192][__main__][INFO] - Running training with seed 768
[2025-12-18 10:42:52,449][__main__][INFO] - Running training with seed 769
[2025-12-18 10:42:52,708][__main__][INFO] - Running training with seed 770
[2025-12-18 10:42:52,966][__main__][INFO] - Running training with seed 771
[2025-12-18 10:42:53,225][__main__][INFO] - Running training with seed 772
[2025-12-18 10:42:53,484][__main__][INFO] - Running training with seed 773
[2025-12-18 10:42:53,743][__main__][INFO] - Running training with seed 774
[2025-12-18 10:42:54,001][__main__][INFO] - Running training with seed 775
[2025-12-18 10:42:54,259][__main__][INFO] - Running training with seed 776
[2025-12-18 10:42:54,516][__main__][INFO] - Running training with seed 777
[2025-12-18 10:42:54,776][__main__][INFO] - Running training with seed 778
[2025-12-18 10:42:55,034][__main__][INFO] - Running training with seed 779
[2025-12-18 10:42:55,293][__main__][INFO] - Running training with seed 780
[2025-12-18 10:42:55,552][__main__][INFO] - Running training with seed 781
[2025-12-18 10:42:55,811][__main__][INFO] - Running training with seed 782
[2025-12-18 10:42:56,069][__main__][INFO] - Running training with seed 783
[2025-12-18 10:42:56,328][__main__][INFO] - Running training with seed 784
[2025-12-18 10:42:56,584][__main__][INFO] - Running training with seed 785
[2025-12-18 10:42:56,841][__main__][INFO] - Running training with seed 786
[2025-12-18 10:42:57,105][__main__][INFO] - Running training with seed 787
[2025-12-18 10:42:57,359][__main__][INFO] - Running training with seed 788
[2025-12-18 10:42:57,617][__main__][INFO] - Running training with seed 789
[2025-12-18 10:42:57,873][__main__][INFO] - Running training with seed 790
[2025-12-18 10:42:58,130][__main__][INFO] - Running training with seed 791
[2025-12-18 10:42:58,389][__main__][INFO] - Running training with seed 792
[2025-12-18 10:42:58,646][__main__][INFO] - Running training with seed 793
[2025-12-18 10:42:58,906][__main__][INFO] - Running training with seed 794
[2025-12-18 10:42:59,166][__main__][INFO] - Running training with seed 795
[2025-12-18 10:42:59,423][__main__][INFO] - Running training with seed 796
[2025-12-18 10:42:59,683][__main__][INFO] - Running training with seed 797
[2025-12-18 10:42:59,942][__main__][INFO] - Running training with seed 798
[2025-12-18 10:43:00,199][__main__][INFO] - Running training with seed 799
[2025-12-18 10:43:00,456][__main__][INFO] - Running training with seed 800
[2025-12-18 10:43:00,716][__main__][INFO] - Running training with seed 801
[2025-12-18 10:43:00,975][__main__][INFO] - Running training with seed 802
[2025-12-18 10:43:01,231][__main__][INFO] - Running training with seed 803
[2025-12-18 10:43:01,486][__main__][INFO] - Running training with seed 804
[2025-12-18 10:43:01,742][__main__][INFO] - Running training with seed 805
[2025-12-18 10:43:02,001][__main__][INFO] - Running training with seed 806
[2025-12-18 10:43:02,257][__main__][INFO] - Running training with seed 807
[2025-12-18 10:43:02,511][__main__][INFO] - Running training with seed 808
[2025-12-18 10:43:02,768][__main__][INFO] - Running training with seed 809
[2025-12-18 10:43:03,027][__main__][INFO] - Running training with seed 810
[2025-12-18 10:43:03,286][__main__][INFO] - Running training with seed 811
[2025-12-18 10:43:03,543][__main__][INFO] - Running training with seed 812
[2025-12-18 10:43:03,799][__main__][INFO] - Running training with seed 813
[2025-12-18 10:43:04,054][__main__][INFO] - Running training with seed 814
[2025-12-18 10:43:04,314][__main__][INFO] - Running training with seed 815
[2025-12-18 10:43:04,571][__main__][INFO] - Running training with seed 816
[2025-12-18 10:43:04,824][__main__][INFO] - Running training with seed 817
[2025-12-18 10:43:05,078][__main__][INFO] - Running training with seed 818
[2025-12-18 10:43:05,333][__main__][INFO] - Running training with seed 819
[2025-12-18 10:43:05,593][__main__][INFO] - Running training with seed 820
[2025-12-18 10:43:05,852][__main__][INFO] - Running training with seed 821
[2025-12-18 10:43:06,110][__main__][INFO] - Running training with seed 822
[2025-12-18 10:43:06,366][__main__][INFO] - Running training with seed 823
[2025-12-18 10:43:06,622][__main__][INFO] - Running training with seed 824
[2025-12-18 10:43:06,880][__main__][INFO] - Running training with seed 825
[2025-12-18 10:43:07,138][__main__][INFO] - Running training with seed 826
[2025-12-18 10:43:07,396][__main__][INFO] - Running training with seed 827
[2025-12-18 10:43:07,653][__main__][INFO] - Running training with seed 828
[2025-12-18 10:43:07,912][__main__][INFO] - Running training with seed 829
[2025-12-18 10:43:08,170][__main__][INFO] - Running training with seed 830
[2025-12-18 10:43:08,429][__main__][INFO] - Running training with seed 831
[2025-12-18 10:43:08,687][__main__][INFO] - Running training with seed 832
[2025-12-18 10:43:08,942][__main__][INFO] - Running training with seed 833
[2025-12-18 10:43:09,198][__main__][INFO] - Running training with seed 834
[2025-12-18 10:43:09,452][__main__][INFO] - Running training with seed 835
[2025-12-18 10:43:09,707][__main__][INFO] - Running training with seed 836
[2025-12-18 10:43:09,964][__main__][INFO] - Running training with seed 837
[2025-12-18 10:43:10,221][__main__][INFO] - Running training with seed 838
[2025-12-18 10:43:10,480][__main__][INFO] - Running training with seed 839
[2025-12-18 10:43:10,738][__main__][INFO] - Running training with seed 840
[2025-12-18 10:43:10,994][__main__][INFO] - Running training with seed 841
[2025-12-18 10:43:11,251][__main__][INFO] - Running training with seed 842
[2025-12-18 10:43:11,507][__main__][INFO] - Running training with seed 843
[2025-12-18 10:43:11,764][__main__][INFO] - Running training with seed 844
[2025-12-18 10:43:12,019][__main__][INFO] - Running training with seed 845
[2025-12-18 10:43:12,277][__main__][INFO] - Running training with seed 846
[2025-12-18 10:43:12,534][__main__][INFO] - Running training with seed 847
[2025-12-18 10:43:12,793][__main__][INFO] - Running training with seed 848
[2025-12-18 10:43:13,053][__main__][INFO] - Running training with seed 849
[2025-12-18 10:43:13,312][__main__][INFO] - Running training with seed 850
[2025-12-18 10:43:13,570][__main__][INFO] - Running training with seed 851
[2025-12-18 10:43:13,823][__main__][INFO] - Running training with seed 852
[2025-12-18 10:43:14,077][__main__][INFO] - Running training with seed 853
[2025-12-18 10:43:14,332][__main__][INFO] - Running training with seed 854
[2025-12-18 10:43:14,591][__main__][INFO] - Running training with seed 855
[2025-12-18 10:43:14,850][__main__][INFO] - Running training with seed 856
[2025-12-18 10:43:15,108][__main__][INFO] - Running training with seed 857
[2025-12-18 10:43:15,365][__main__][INFO] - Running training with seed 858
[2025-12-18 10:43:15,625][__main__][INFO] - Running training with seed 859
[2025-12-18 10:43:15,883][__main__][INFO] - Running training with seed 860
[2025-12-18 10:43:16,140][__main__][INFO] - Running training with seed 861
[2025-12-18 10:43:16,399][__main__][INFO] - Running training with seed 862
[2025-12-18 10:43:16,656][__main__][INFO] - Running training with seed 863
[2025-12-18 10:43:16,914][__main__][INFO] - Running training with seed 864
[2025-12-18 10:43:17,173][__main__][INFO] - Running training with seed 865
[2025-12-18 10:43:17,431][__main__][INFO] - Running training with seed 866
[2025-12-18 10:43:17,687][__main__][INFO] - Running training with seed 867
[2025-12-18 10:43:17,944][__main__][INFO] - Running training with seed 868
[2025-12-18 10:43:18,199][__main__][INFO] - Running training with seed 869
[2025-12-18 10:43:18,455][__main__][INFO] - Running training with seed 870
[2025-12-18 10:43:18,714][__main__][INFO] - Running training with seed 871
[2025-12-18 10:43:18,973][__main__][INFO] - Running training with seed 872
[2025-12-18 10:43:19,231][__main__][INFO] - Running training with seed 873
[2025-12-18 10:43:19,486][__main__][INFO] - Running training with seed 874
[2025-12-18 10:43:19,743][__main__][INFO] - Running training with seed 875
[2025-12-18 10:43:19,998][__main__][INFO] - Running training with seed 876
[2025-12-18 10:43:20,255][__main__][INFO] - Running training with seed 877
[2025-12-18 10:43:20,513][__main__][INFO] - Running training with seed 878
[2025-12-18 10:43:20,771][__main__][INFO] - Running training with seed 879
[2025-12-18 10:43:21,029][__main__][INFO] - Running training with seed 880
[2025-12-18 10:43:21,283][__main__][INFO] - Running training with seed 881
[2025-12-18 10:43:21,539][__main__][INFO] - Running training with seed 882
[2025-12-18 10:43:21,796][__main__][INFO] - Running training with seed 883
[2025-12-18 10:43:22,054][__main__][INFO] - Running training with seed 884
[2025-12-18 10:43:22,309][__main__][INFO] - Running training with seed 885
[2025-12-18 10:43:22,568][__main__][INFO] - Running training with seed 886
[2025-12-18 10:43:22,825][__main__][INFO] - Running training with seed 887
[2025-12-18 10:43:23,084][__main__][INFO] - Running training with seed 888
[2025-12-18 10:43:23,343][__main__][INFO] - Running training with seed 889
[2025-12-18 10:43:23,600][__main__][INFO] - Running training with seed 890
[2025-12-18 10:43:23,856][__main__][INFO] - Running training with seed 891
[2025-12-18 10:43:24,115][__main__][INFO] - Running training with seed 892
[2025-12-18 10:43:24,374][__main__][INFO] - Running training with seed 893
[2025-12-18 10:43:24,633][__main__][INFO] - Running training with seed 894
[2025-12-18 10:43:24,891][__main__][INFO] - Running training with seed 895
[2025-12-18 10:43:25,152][__main__][INFO] - Running training with seed 896
[2025-12-18 10:43:25,410][__main__][INFO] - Running training with seed 897
[2025-12-18 10:43:25,669][__main__][INFO] - Running training with seed 898
[2025-12-18 10:43:25,926][__main__][INFO] - Running training with seed 899
[2025-12-18 10:43:26,186][__main__][INFO] - Running training with seed 900
[2025-12-18 10:43:26,443][__main__][INFO] - Running training with seed 901
[2025-12-18 10:43:26,702][__main__][INFO] - Running training with seed 902
[2025-12-18 10:43:26,959][__main__][INFO] - Running training with seed 903
[2025-12-18 10:43:27,214][__main__][INFO] - Running training with seed 904
[2025-12-18 10:43:27,473][__main__][INFO] - Running training with seed 905
[2025-12-18 10:43:27,731][__main__][INFO] - Running training with seed 906
[2025-12-18 10:43:27,991][__main__][INFO] - Running training with seed 907
[2025-12-18 10:43:28,251][__main__][INFO] - Running training with seed 908
[2025-12-18 10:43:28,509][__main__][INFO] - Running training with seed 909
[2025-12-18 10:43:28,767][__main__][INFO] - Running training with seed 910
[2025-12-18 10:43:29,023][__main__][INFO] - Running training with seed 911
[2025-12-18 10:43:29,278][__main__][INFO] - Running training with seed 912
[2025-12-18 10:43:29,536][__main__][INFO] - Running training with seed 913
[2025-12-18 10:43:29,795][__main__][INFO] - Running training with seed 914
[2025-12-18 10:43:30,052][__main__][INFO] - Running training with seed 915
[2025-12-18 10:43:30,307][__main__][INFO] - Running training with seed 916
[2025-12-18 10:43:30,562][__main__][INFO] - Running training with seed 917
[2025-12-18 10:43:30,820][__main__][INFO] - Running training with seed 918
[2025-12-18 10:43:31,080][__main__][INFO] - Running training with seed 919
[2025-12-18 10:43:31,340][__main__][INFO] - Running training with seed 920
[2025-12-18 10:43:31,600][__main__][INFO] - Running training with seed 921
[2025-12-18 10:43:31,857][__main__][INFO] - Running training with seed 922
[2025-12-18 10:43:32,115][__main__][INFO] - Running training with seed 923
[2025-12-18 10:43:32,371][__main__][INFO] - Running training with seed 924
[2025-12-18 10:43:32,630][__main__][INFO] - Running training with seed 925
[2025-12-18 10:43:32,887][__main__][INFO] - Running training with seed 926
[2025-12-18 10:43:33,142][__main__][INFO] - Running training with seed 927
[2025-12-18 10:43:33,397][__main__][INFO] - Running training with seed 928
[2025-12-18 10:43:33,653][__main__][INFO] - Running training with seed 929
[2025-12-18 10:43:33,909][__main__][INFO] - Running training with seed 930
[2025-12-18 10:43:34,168][__main__][INFO] - Running training with seed 931
[2025-12-18 10:43:34,424][__main__][INFO] - Running training with seed 932
[2025-12-18 10:43:34,680][__main__][INFO] - Running training with seed 933
[2025-12-18 10:43:34,939][__main__][INFO] - Running training with seed 934
[2025-12-18 10:43:35,196][__main__][INFO] - Running training with seed 935
[2025-12-18 10:43:35,453][__main__][INFO] - Running training with seed 936
[2025-12-18 10:43:35,711][__main__][INFO] - Running training with seed 937
[2025-12-18 10:43:35,967][__main__][INFO] - Running training with seed 938
[2025-12-18 10:43:36,224][__main__][INFO] - Running training with seed 939
[2025-12-18 10:43:36,481][__main__][INFO] - Running training with seed 940
[2025-12-18 10:43:36,737][__main__][INFO] - Running training with seed 941
[2025-12-18 10:43:36,992][__main__][INFO] - Running training with seed 942
[2025-12-18 10:43:37,250][__main__][INFO] - Running training with seed 943
[2025-12-18 10:43:37,509][__main__][INFO] - Running training with seed 944
[2025-12-18 10:43:37,767][__main__][INFO] - Running training with seed 945
[2025-12-18 10:43:38,027][__main__][INFO] - Running training with seed 946
[2025-12-18 10:43:38,286][__main__][INFO] - Running training with seed 947
[2025-12-18 10:43:38,543][__main__][INFO] - Running training with seed 948
[2025-12-18 10:43:38,798][__main__][INFO] - Running training with seed 949
[2025-12-18 10:43:39,056][__main__][INFO] - Running training with seed 950
[2025-12-18 10:43:39,314][__main__][INFO] - Running training with seed 951
[2025-12-18 10:43:39,571][__main__][INFO] - Running training with seed 952
[2025-12-18 10:43:39,827][__main__][INFO] - Running training with seed 953
[2025-12-18 10:43:40,085][__main__][INFO] - Running training with seed 954
[2025-12-18 10:43:40,345][__main__][INFO] - Running training with seed 955
[2025-12-18 10:43:40,603][__main__][INFO] - Running training with seed 956
[2025-12-18 10:43:40,861][__main__][INFO] - Running training with seed 957
[2025-12-18 10:43:41,115][__main__][INFO] - Running training with seed 958
[2025-12-18 10:43:41,370][__main__][INFO] - Running training with seed 959
[2025-12-18 10:43:41,629][__main__][INFO] - Running training with seed 960
[2025-12-18 10:43:41,888][__main__][INFO] - Running training with seed 961
[2025-12-18 10:43:42,145][__main__][INFO] - Running training with seed 962
[2025-12-18 10:43:42,403][__main__][INFO] - Running training with seed 963
[2025-12-18 10:43:42,660][__main__][INFO] - Running training with seed 964
[2025-12-18 10:43:42,917][__main__][INFO] - Running training with seed 965
[2025-12-18 10:43:43,175][__main__][INFO] - Running training with seed 966
[2025-12-18 10:43:43,431][__main__][INFO] - Running training with seed 967
[2025-12-18 10:43:43,688][__main__][INFO] - Running training with seed 968
[2025-12-18 10:43:43,947][__main__][INFO] - Running training with seed 969
[2025-12-18 10:43:44,206][__main__][INFO] - Running training with seed 970
[2025-12-18 10:43:44,462][__main__][INFO] - Running training with seed 971
[2025-12-18 10:43:44,721][__main__][INFO] - Running training with seed 972
[2025-12-18 10:43:44,981][__main__][INFO] - Running training with seed 973
[2025-12-18 10:43:45,238][__main__][INFO] - Running training with seed 974
[2025-12-18 10:43:45,497][__main__][INFO] - Running training with seed 975
[2025-12-18 10:43:45,749][__main__][INFO] - Running training with seed 976
[2025-12-18 10:43:46,004][__main__][INFO] - Running training with seed 977
[2025-12-18 10:43:46,262][__main__][INFO] - Running training with seed 978
[2025-12-18 10:43:46,518][__main__][INFO] - Running training with seed 979
[2025-12-18 10:43:46,775][__main__][INFO] - Running training with seed 980
[2025-12-18 10:43:47,031][__main__][INFO] - Running training with seed 981
[2025-12-18 10:43:47,285][__main__][INFO] - Running training with seed 982
[2025-12-18 10:43:47,545][__main__][INFO] - Running training with seed 983
[2025-12-18 10:43:47,804][__main__][INFO] - Running training with seed 984
[2025-12-18 10:43:48,062][__main__][INFO] - Running training with seed 985
[2025-12-18 10:43:48,318][__main__][INFO] - Running training with seed 986
[2025-12-18 10:43:48,572][__main__][INFO] - Running training with seed 987
[2025-12-18 10:43:48,830][__main__][INFO] - Running training with seed 988
[2025-12-18 10:43:49,088][__main__][INFO] - Running training with seed 989
[2025-12-18 10:43:49,346][__main__][INFO] - Running training with seed 990
[2025-12-18 10:43:49,599][__main__][INFO] - Running training with seed 991
[2025-12-18 10:43:49,854][__main__][INFO] - Running training with seed 992
[2025-12-18 10:43:50,112][__main__][INFO] - Running training with seed 993
[2025-12-18 10:43:50,366][__main__][INFO] - Running training with seed 994
[2025-12-18 10:43:50,622][__main__][INFO] - Running training with seed 995
[2025-12-18 10:43:50,880][__main__][INFO] - Running training with seed 996
[2025-12-18 10:43:51,138][__main__][INFO] - Running training with seed 997
[2025-12-18 10:43:51,393][__main__][INFO] - Running training with seed 998
[2025-12-18 10:43:51,652][__main__][INFO] - Running training with seed 999
